[3.268s] Invoking command in '/home/rian/ros2_ws/src/examples/rclpy/actions/minimal_action_client': PYTHONPATH=/home/rian/ros2_ws/build/examples_rclpy_minimal_action_client/prefix_override:/usr/lib/python3/dist-packages/colcon_core/task/python/colcon_distutils_commands:/home/rian/ros2_ws/install/examples_rclpy_minimal_action_client/lib/python3.10/site-packages:${PYTHONPATH} /usr/bin/python3 -W ignore:setup.py install is deprecated setup.py egg_info --egg-base ../../../../../build/examples_rclpy_minimal_action_client build --build-base /home/rian/ros2_ws/build/examples_rclpy_minimal_action_client/build install --record /home/rian/ros2_ws/build/examples_rclpy_minimal_action_client/install.log --single-version-externally-managed install_data
[10.815s] running egg_info
[10.815s] creating ../../../../../build/examples_rclpy_minimal_action_client/examples_rclpy_minimal_action_client.egg-info
[10.815s] writing ../../../../../build/examples_rclpy_minimal_action_client/examples_rclpy_minimal_action_client.egg-info/PKG-INFO
[10.815s] writing dependency_links to ../../../../../build/examples_rclpy_minimal_action_client/examples_rclpy_minimal_action_client.egg-info/dependency_links.txt
[10.815s] writing entry points to ../../../../../build/examples_rclpy_minimal_action_client/examples_rclpy_minimal_action_client.egg-info/entry_points.txt
[10.815s] writing requirements to ../../../../../build/examples_rclpy_minimal_action_client/examples_rclpy_minimal_action_client.egg-info/requires.txt
[10.815s] writing top-level names to ../../../../../build/examples_rclpy_minimal_action_client/examples_rclpy_minimal_action_client.egg-info/top_level.txt
[10.815s] writing manifest file '../../../../../build/examples_rclpy_minimal_action_client/examples_rclpy_minimal_action_client.egg-info/SOURCES.txt'
[10.815s] reading manifest file '../../../../../build/examples_rclpy_minimal_action_client/examples_rclpy_minimal_action_client.egg-info/SOURCES.txt'
[10.815s] writing manifest file '../../../../../build/examples_rclpy_minimal_action_client/examples_rclpy_minimal_action_client.egg-info/SOURCES.txt'
[10.815s] running build
[10.816s] running build_py
[10.816s] creating /home/rian/ros2_ws/build/examples_rclpy_minimal_action_client/build
[10.816s] creating /home/rian/ros2_ws/build/examples_rclpy_minimal_action_client/build/lib
[10.816s] creating /home/rian/ros2_ws/build/examples_rclpy_minimal_action_client/build/lib/examples_rclpy_minimal_action_client
[10.816s] copying examples_rclpy_minimal_action_client/client_not_composable.py -> /home/rian/ros2_ws/build/examples_rclpy_minimal_action_client/build/lib/examples_rclpy_minimal_action_client
[10.816s] copying examples_rclpy_minimal_action_client/client_asyncio.py -> /home/rian/ros2_ws/build/examples_rclpy_minimal_action_client/build/lib/examples_rclpy_minimal_action_client
[10.816s] copying examples_rclpy_minimal_action_client/__init__.py -> /home/rian/ros2_ws/build/examples_rclpy_minimal_action_client/build/lib/examples_rclpy_minimal_action_client
[10.816s] copying examples_rclpy_minimal_action_client/client.py -> /home/rian/ros2_ws/build/examples_rclpy_minimal_action_client/build/lib/examples_rclpy_minimal_action_client
[10.816s] copying examples_rclpy_minimal_action_client/client_cancel.py -> /home/rian/ros2_ws/build/examples_rclpy_minimal_action_client/build/lib/examples_rclpy_minimal_action_client
[10.816s] running install
[10.816s] running install_lib
[10.816s] creating /home/rian/ros2_ws/install/examples_rclpy_minimal_action_client/lib/python3.10/site-packages/examples_rclpy_minimal_action_client
[10.817s] copying /home/rian/ros2_ws/build/examples_rclpy_minimal_action_client/build/lib/examples_rclpy_minimal_action_client/client_not_composable.py -> /home/rian/ros2_ws/install/examples_rclpy_minimal_action_client/lib/python3.10/site-packages/examples_rclpy_minimal_action_client
[10.817s] copying /home/rian/ros2_ws/build/examples_rclpy_minimal_action_client/build/lib/examples_rclpy_minimal_action_client/client_asyncio.py -> /home/rian/ros2_ws/install/examples_rclpy_minimal_action_client/lib/python3.10/site-packages/examples_rclpy_minimal_action_client
[10.817s] copying /home/rian/ros2_ws/build/examples_rclpy_minimal_action_client/build/lib/examples_rclpy_minimal_action_client/__init__.py -> /home/rian/ros2_ws/install/examples_rclpy_minimal_action_client/lib/python3.10/site-packages/examples_rclpy_minimal_action_client
[10.817s] copying /home/rian/ros2_ws/build/examples_rclpy_minimal_action_client/build/lib/examples_rclpy_minimal_action_client/client.py -> /home/rian/ros2_ws/install/examples_rclpy_minimal_action_client/lib/python3.10/site-packages/examples_rclpy_minimal_action_client
[10.817s] copying /home/rian/ros2_ws/build/examples_rclpy_minimal_action_client/build/lib/examples_rclpy_minimal_action_client/client_cancel.py -> /home/rian/ros2_ws/install/examples_rclpy_minimal_action_client/lib/python3.10/site-packages/examples_rclpy_minimal_action_client
[10.817s] byte-compiling /home/rian/ros2_ws/install/examples_rclpy_minimal_action_client/lib/python3.10/site-packages/examples_rclpy_minimal_action_client/client_not_composable.py to client_not_composable.cpython-310.pyc
[10.817s] byte-compiling /home/rian/ros2_ws/install/examples_rclpy_minimal_action_client/lib/python3.10/site-packages/examples_rclpy_minimal_action_client/client_asyncio.py to client_asyncio.cpython-310.pyc
[10.817s] byte-compiling /home/rian/ros2_ws/install/examples_rclpy_minimal_action_client/lib/python3.10/site-packages/examples_rclpy_minimal_action_client/__init__.py to __init__.cpython-310.pyc
[10.817s] byte-compiling /home/rian/ros2_ws/install/examples_rclpy_minimal_action_client/lib/python3.10/site-packages/examples_rclpy_minimal_action_client/client.py to client.cpython-310.pyc
[10.817s] byte-compiling /home/rian/ros2_ws/install/examples_rclpy_minimal_action_client/lib/python3.10/site-packages/examples_rclpy_minimal_action_client/client_cancel.py to client_cancel.cpython-310.pyc
[10.818s] running install_data
[10.818s] creating /home/rian/ros2_ws/install/examples_rclpy_minimal_action_client/share/ament_index
[10.818s] creating /home/rian/ros2_ws/install/examples_rclpy_minimal_action_client/share/ament_index/resource_index
[10.818s] creating /home/rian/ros2_ws/install/examples_rclpy_minimal_action_client/share/ament_index/resource_index/packages
[10.818s] copying resource/examples_rclpy_minimal_action_client -> /home/rian/ros2_ws/install/examples_rclpy_minimal_action_client/share/ament_index/resource_index/packages
[10.818s] copying package.xml -> /home/rian/ros2_ws/install/examples_rclpy_minimal_action_client/share/examples_rclpy_minimal_action_client
[10.818s] running install_egg_info
[10.818s] Copying ../../../../../build/examples_rclpy_minimal_action_client/examples_rclpy_minimal_action_client.egg-info to /home/rian/ros2_ws/install/examples_rclpy_minimal_action_client/lib/python3.10/site-packages/examples_rclpy_minimal_action_client-0.15.1-py3.10.egg-info
[10.818s] running install_scripts
[10.818s] Installing client script to /home/rian/ros2_ws/install/examples_rclpy_minimal_action_client/lib/examples_rclpy_minimal_action_client
[10.818s] Installing client_asyncio script to /home/rian/ros2_ws/install/examples_rclpy_minimal_action_client/lib/examples_rclpy_minimal_action_client
[10.818s] Installing client_cancel script to /home/rian/ros2_ws/install/examples_rclpy_minimal_action_client/lib/examples_rclpy_minimal_action_client
[10.819s] Installing client_not_composable script to /home/rian/ros2_ws/install/examples_rclpy_minimal_action_client/lib/examples_rclpy_minimal_action_client
[10.839s] writing list of installed files to '/home/rian/ros2_ws/build/examples_rclpy_minimal_action_client/install.log'
[10.883s] Invoked command in '/home/rian/ros2_ws/src/examples/rclpy/actions/minimal_action_client' returned '0': PYTHONPATH=/home/rian/ros2_ws/build/examples_rclpy_minimal_action_client/prefix_override:/usr/lib/python3/dist-packages/colcon_core/task/python/colcon_distutils_commands:/home/rian/ros2_ws/install/examples_rclpy_minimal_action_client/lib/python3.10/site-packages:${PYTHONPATH} /usr/bin/python3 -W ignore:setup.py install is deprecated setup.py egg_info --egg-base ../../../../../build/examples_rclpy_minimal_action_client build --build-base /home/rian/ros2_ws/build/examples_rclpy_minimal_action_client/build install --record /home/rian/ros2_ws/build/examples_rclpy_minimal_action_client/install.log --single-version-externally-managed install_data
