[0.413s] Invoking command in '/home/rian/ros2_ws/src/my_package': PYTHONPATH=/home/rian/ros2_ws/build/my_package/prefix_override:/usr/lib/python3/dist-packages/colcon_core/task/python/colcon_distutils_commands:/home/rian/ros2_ws/install/my_package/lib/python3.10/site-packages:${PYTHONPATH} /usr/bin/python3 -W ignore:setup.py install is deprecated setup.py egg_info --egg-base ../../build/my_package build --build-base /home/rian/ros2_ws/build/my_package/build install --record /home/rian/ros2_ws/build/my_package/install.log --single-version-externally-managed install_data
[0.584s] running egg_info
[0.584s] writing ../../build/my_package/my_package.egg-info/PKG-INFO
[0.584s] writing dependency_links to ../../build/my_package/my_package.egg-info/dependency_links.txt
[0.584s] writing entry points to ../../build/my_package/my_package.egg-info/entry_points.txt
[0.585s] writing requirements to ../../build/my_package/my_package.egg-info/requires.txt
[0.585s] writing top-level names to ../../build/my_package/my_package.egg-info/top_level.txt
[0.586s] reading manifest file '../../build/my_package/my_package.egg-info/SOURCES.txt'
[0.586s] adding license file 'LICENSE'
[0.587s] writing manifest file '../../build/my_package/my_package.egg-info/SOURCES.txt'
[0.587s] running build
[0.587s] running build_py
[0.587s] running install
[0.587s] running install_lib
[0.588s] running install_data
[0.588s] running install_egg_info
[0.589s] removing '/home/rian/ros2_ws/install/my_package/lib/python3.10/site-packages/my_package-0.0.0-py3.10.egg-info' (and everything under it)
[0.589s] Copying ../../build/my_package/my_package.egg-info to /home/rian/ros2_ws/install/my_package/lib/python3.10/site-packages/my_package-0.0.0-py3.10.egg-info
[0.590s] running install_scripts
[0.604s] Installing my_node script to /home/rian/ros2_ws/install/my_package/lib/my_package
[0.604s] writing list of installed files to '/home/rian/ros2_ws/build/my_package/install.log'
[0.618s] Invoked command in '/home/rian/ros2_ws/src/my_package' returned '0': PYTHONPATH=/home/rian/ros2_ws/build/my_package/prefix_override:/usr/lib/python3/dist-packages/colcon_core/task/python/colcon_distutils_commands:/home/rian/ros2_ws/install/my_package/lib/python3.10/site-packages:${PYTHONPATH} /usr/bin/python3 -W ignore:setup.py install is deprecated setup.py egg_info --egg-base ../../build/my_package build --build-base /home/rian/ros2_ws/build/my_package/build install --record /home/rian/ros2_ws/build/my_package/install.log --single-version-externally-managed install_data
