[0.045s] Invoking command in '/home/rian/ros2_ws/build/examples_rclcpp_minimal_publisher': CMAKE_PREFIX_PATH=/opt/ros/humble /usr/bin/cmake /home/rian/ros2_ws/src/examples/rclcpp/topics/minimal_publisher -DCMAKE_INSTALL_PREFIX=/home/rian/ros2_ws/install/examples_rclcpp_minimal_publisher
[1.946s] -- The C compiler identification is GNU 11.4.0
[1.946s] -- The CXX compiler identification is GNU 11.4.0
[1.946s] -- Detecting C compiler ABI info
[1.946s] -- Detecting C compiler ABI info - done
[1.947s] -- Check for working C compiler: /usr/bin/cc - skipped
[1.947s] -- Detecting C compile features
[1.947s] -- Detecting C compile features - done
[1.947s] -- Detecting CXX compiler ABI info
[1.947s] -- Detecting CXX compiler ABI info - done
[1.947s] -- Check for working CXX compiler: /usr/bin/c++ - skipped
[1.947s] -- Detecting CXX compile features
[1.947s] -- Detecting CXX compile features - done
[1.947s] -- Found ament_cmake: 1.3.9 (/opt/ros/humble/share/ament_cmake/cmake)
[1.947s] -- Found Python3: /usr/bin/python3 (found version "3.10.12") found components: Interpreter 
[1.948s] -- Found rclcpp: 16.0.9 (/opt/ros/humble/share/rclcpp/cmake)
[1.948s] -- Found rosidl_generator_c: 3.1.5 (/opt/ros/humble/share/rosidl_generator_c/cmake)
[1.948s] -- Found rosidl_adapter: 3.1.5 (/opt/ros/humble/share/rosidl_adapter/cmake)
[1.948s] -- Found rosidl_generator_cpp: 3.1.5 (/opt/ros/humble/share/rosidl_generator_cpp/cmake)
[1.948s] -- Using all available rosidl_typesupport_c: rosidl_typesupport_fastrtps_c;rosidl_typesupport_introspection_c
[1.948s] -- Using all available rosidl_typesupport_cpp: rosidl_typesupport_fastrtps_cpp;rosidl_typesupport_introspection_cpp
[1.948s] -- Found rmw_implementation_cmake: 6.1.2 (/opt/ros/humble/share/rmw_implementation_cmake/cmake)
[1.948s] -- Found rmw_fastrtps_cpp: 6.2.6 (/opt/ros/humble/share/rmw_fastrtps_cpp/cmake)
[1.948s] -- Found OpenSSL: /usr/lib/x86_64-linux-gnu/libcrypto.so (found version "3.0.2")  
[1.948s] -- Found FastRTPS: /opt/ros/humble/include  
[1.948s] -- Using RMW implementation 'rmw_fastrtps_cpp' as default
[1.948s] -- Looking for pthread.h
[1.948s] -- Looking for pthread.h - found
[1.948s] -- Performing Test CMAKE_HAVE_LIBC_PTHREAD
[1.948s] -- Performing Test CMAKE_HAVE_LIBC_PTHREAD - Success
[1.948s] -- Found Threads: TRUE  
[1.948s] -- Found ament_lint_auto: 0.12.11 (/opt/ros/humble/share/ament_lint_auto/cmake)
[1.948s] -- Added test 'copyright' to check source files copyright and LICENSE
[1.948s] -- Added test 'cppcheck' to perform static code analysis on C / C++ code
[1.948s] -- Configured cppcheck include dirs: 
[1.948s] -- Configured cppcheck exclude dirs and/or files: 
[1.948s] -- Added test 'cpplint' to check C / C++ code against the Google style
[1.948s] -- Configured cpplint exclude dirs and/or files: 
[1.949s] -- Added test 'lint_cmake' to check CMake code style
[1.949s] -- Added test 'uncrustify' to check C / C++ code style
[1.949s] -- Configured uncrustify additional arguments: 
[1.949s] -- Added test 'xmllint' to check XML markup files
[1.949s] -- Configuring done
[1.949s] -- Generating done
[1.949s] -- Build files have been written to: /home/rian/ros2_ws/build/examples_rclcpp_minimal_publisher
[1.965s] Invoked command in '/home/rian/ros2_ws/build/examples_rclcpp_minimal_publisher' returned '0': CMAKE_PREFIX_PATH=/opt/ros/humble /usr/bin/cmake /home/rian/ros2_ws/src/examples/rclcpp/topics/minimal_publisher -DCMAKE_INSTALL_PREFIX=/home/rian/ros2_ws/install/examples_rclcpp_minimal_publisher
[1.965s] Invoking command in '/home/rian/ros2_ws/build/examples_rclcpp_minimal_publisher': CMAKE_PREFIX_PATH=/opt/ros/humble /usr/bin/cmake --build /home/rian/ros2_ws/build/examples_rclcpp_minimal_publisher -- -j20 -l20
[2.025s] [  8%] [32mBuilding CXX object CMakeFiles/publisher_member_function.dir/member_function.cpp.o[0m
[2.033s] [ 16%] [32mBuilding CXX object CMakeFiles/publisher_member_function_with_type_adapter.dir/member_function_with_type_adapter.cpp.o[0m
[2.050s] [ 25%] [32mBuilding CXX object CMakeFiles/publisher_wait_for_all_acked.dir/member_function_with_wait_for_all_acked.cpp.o[0m
[2.059s] [ 33%] [32mBuilding CXX object CMakeFiles/publisher_lambda.dir/lambda.cpp.o[0m
[2.074s] [ 41%] [32mBuilding CXX object CMakeFiles/publisher_not_composable.dir/not_composable.cpp.o[0m
[2.100s] [ 50%] [32mBuilding CXX object CMakeFiles/publisher_member_function_with_unique_network_flow_endpoints.dir/member_function_with_unique_network_flow_endpoints.cpp.o[0m
[16.086s] [ 58%] [32m[1mLinking CXX executable publisher_wait_for_all_acked[0m
[16.557s] [ 58%] Built target publisher_wait_for_all_acked
[16.892s] [ 66%] [32m[1mLinking CXX executable publisher_lambda[0m
[16.907s] [ 75%] [32m[1mLinking CXX executable publisher_member_function[0m
[17.303s] [ 75%] Built target publisher_lambda
[17.455s] [ 75%] Built target publisher_member_function
[19.047s] [ 83%] [32m[1mLinking CXX executable publisher_not_composable[0m
[19.185s] [ 91%] [32m[1mLinking CXX executable publisher_member_function_with_type_adapter[0m
[19.225s] [100%] [32m[1mLinking CXX executable publisher_member_function_with_unique_network_flow_endpoints[0m
[19.628s] [100%] Built target publisher_member_function_with_type_adapter
[19.652s] [100%] Built target publisher_not_composable
[19.737s] [100%] Built target publisher_member_function_with_unique_network_flow_endpoints
[19.777s] Invoked command in '/home/rian/ros2_ws/build/examples_rclcpp_minimal_publisher' returned '0': CMAKE_PREFIX_PATH=/opt/ros/humble /usr/bin/cmake --build /home/rian/ros2_ws/build/examples_rclcpp_minimal_publisher -- -j20 -l20
[20.362s] Invoking command in '/home/rian/ros2_ws/build/examples_rclcpp_minimal_publisher': CMAKE_PREFIX_PATH=/opt/ros/humble /usr/bin/cmake --install /home/rian/ros2_ws/build/examples_rclcpp_minimal_publisher
[20.373s] -- Install configuration: ""
[20.380s] -- Installing: /home/rian/ros2_ws/install/examples_rclcpp_minimal_publisher/lib/examples_rclcpp_minimal_publisher/publisher_lambda
[20.381s] -- Set runtime path of "/home/rian/ros2_ws/install/examples_rclcpp_minimal_publisher/lib/examples_rclcpp_minimal_publisher/publisher_lambda" to ""
[20.381s] -- Installing: /home/rian/ros2_ws/install/examples_rclcpp_minimal_publisher/lib/examples_rclcpp_minimal_publisher/publisher_member_function
[20.382s] -- Set runtime path of "/home/rian/ros2_ws/install/examples_rclcpp_minimal_publisher/lib/examples_rclcpp_minimal_publisher/publisher_member_function" to ""
[20.383s] -- Installing: /home/rian/ros2_ws/install/examples_rclcpp_minimal_publisher/lib/examples_rclcpp_minimal_publisher/publisher_member_function_with_type_adapter
[20.384s] -- Set runtime path of "/home/rian/ros2_ws/install/examples_rclcpp_minimal_publisher/lib/examples_rclcpp_minimal_publisher/publisher_member_function_with_type_adapter" to ""
[20.384s] -- Installing: /home/rian/ros2_ws/install/examples_rclcpp_minimal_publisher/lib/examples_rclcpp_minimal_publisher/publisher_member_function_with_unique_network_flow_endpoints
[20.385s] -- Set runtime path of "/home/rian/ros2_ws/install/examples_rclcpp_minimal_publisher/lib/examples_rclcpp_minimal_publisher/publisher_member_function_with_unique_network_flow_endpoints" to ""
[20.385s] -- Installing: /home/rian/ros2_ws/install/examples_rclcpp_minimal_publisher/lib/examples_rclcpp_minimal_publisher/publisher_wait_for_all_acked
[20.387s] -- Set runtime path of "/home/rian/ros2_ws/install/examples_rclcpp_minimal_publisher/lib/examples_rclcpp_minimal_publisher/publisher_wait_for_all_acked" to ""
[20.387s] -- Installing: /home/rian/ros2_ws/install/examples_rclcpp_minimal_publisher/lib/examples_rclcpp_minimal_publisher/publisher_not_composable
[20.388s] -- Set runtime path of "/home/rian/ros2_ws/install/examples_rclcpp_minimal_publisher/lib/examples_rclcpp_minimal_publisher/publisher_not_composable" to ""
[20.389s] -- Installing: /home/rian/ros2_ws/install/examples_rclcpp_minimal_publisher/share/ament_index/resource_index/package_run_dependencies/examples_rclcpp_minimal_publisher
[20.389s] -- Installing: /home/rian/ros2_ws/install/examples_rclcpp_minimal_publisher/share/ament_index/resource_index/parent_prefix_path/examples_rclcpp_minimal_publisher
[20.389s] -- Installing: /home/rian/ros2_ws/install/examples_rclcpp_minimal_publisher/share/examples_rclcpp_minimal_publisher/environment/ament_prefix_path.sh
[20.389s] -- Installing: /home/rian/ros2_ws/install/examples_rclcpp_minimal_publisher/share/examples_rclcpp_minimal_publisher/environment/ament_prefix_path.dsv
[20.389s] -- Installing: /home/rian/ros2_ws/install/examples_rclcpp_minimal_publisher/share/examples_rclcpp_minimal_publisher/environment/path.sh
[20.389s] -- Installing: /home/rian/ros2_ws/install/examples_rclcpp_minimal_publisher/share/examples_rclcpp_minimal_publisher/environment/path.dsv
[20.390s] -- Installing: /home/rian/ros2_ws/install/examples_rclcpp_minimal_publisher/share/examples_rclcpp_minimal_publisher/local_setup.bash
[20.390s] -- Installing: /home/rian/ros2_ws/install/examples_rclcpp_minimal_publisher/share/examples_rclcpp_minimal_publisher/local_setup.sh
[20.390s] -- Installing: /home/rian/ros2_ws/install/examples_rclcpp_minimal_publisher/share/examples_rclcpp_minimal_publisher/local_setup.zsh
[20.390s] -- Installing: /home/rian/ros2_ws/install/examples_rclcpp_minimal_publisher/share/examples_rclcpp_minimal_publisher/local_setup.dsv
[20.390s] -- Installing: /home/rian/ros2_ws/install/examples_rclcpp_minimal_publisher/share/examples_rclcpp_minimal_publisher/package.dsv
[20.391s] -- Installing: /home/rian/ros2_ws/install/examples_rclcpp_minimal_publisher/share/ament_index/resource_index/packages/examples_rclcpp_minimal_publisher
[20.391s] -- Installing: /home/rian/ros2_ws/install/examples_rclcpp_minimal_publisher/share/examples_rclcpp_minimal_publisher/cmake/examples_rclcpp_minimal_publisherConfig.cmake
[20.391s] -- Installing: /home/rian/ros2_ws/install/examples_rclcpp_minimal_publisher/share/examples_rclcpp_minimal_publisher/cmake/examples_rclcpp_minimal_publisherConfig-version.cmake
[20.391s] -- Installing: /home/rian/ros2_ws/install/examples_rclcpp_minimal_publisher/share/examples_rclcpp_minimal_publisher/package.xml
[20.395s] Invoked command in '/home/rian/ros2_ws/build/examples_rclcpp_minimal_publisher' returned '0': CMAKE_PREFIX_PATH=/opt/ros/humble /usr/bin/cmake --install /home/rian/ros2_ws/build/examples_rclcpp_minimal_publisher
