[3.023s] Invoking command in '/home/rian/ros2_ws/src/examples/rclpy/services/minimal_client': PYTHONPATH=/home/rian/ros2_ws/build/examples_rclpy_minimal_client/prefix_override:/usr/lib/python3/dist-packages/colcon_core/task/python/colcon_distutils_commands:/home/rian/ros2_ws/install/examples_rclpy_minimal_client/lib/python3.10/site-packages:${PYTHONPATH} /usr/bin/python3 -W ignore:setup.py install is deprecated setup.py egg_info --egg-base ../../../../../build/examples_rclpy_minimal_client build --build-base /home/rian/ros2_ws/build/examples_rclpy_minimal_client/build install --record /home/rian/ros2_ws/build/examples_rclpy_minimal_client/install.log --single-version-externally-managed install_data
[10.777s] running egg_info
[10.781s] creating ../../../../../build/examples_rclpy_minimal_client/examples_rclpy_minimal_client.egg-info
[10.803s] writing ../../../../../build/examples_rclpy_minimal_client/examples_rclpy_minimal_client.egg-info/PKG-INFO
[10.803s] writing dependency_links to ../../../../../build/examples_rclpy_minimal_client/examples_rclpy_minimal_client.egg-info/dependency_links.txt
[10.803s] writing entry points to ../../../../../build/examples_rclpy_minimal_client/examples_rclpy_minimal_client.egg-info/entry_points.txt
[10.803s] writing requirements to ../../../../../build/examples_rclpy_minimal_client/examples_rclpy_minimal_client.egg-info/requires.txt
[10.803s] writing top-level names to ../../../../../build/examples_rclpy_minimal_client/examples_rclpy_minimal_client.egg-info/top_level.txt
[10.803s] writing manifest file '../../../../../build/examples_rclpy_minimal_client/examples_rclpy_minimal_client.egg-info/SOURCES.txt'
[10.803s] reading manifest file '../../../../../build/examples_rclpy_minimal_client/examples_rclpy_minimal_client.egg-info/SOURCES.txt'
[10.803s] writing manifest file '../../../../../build/examples_rclpy_minimal_client/examples_rclpy_minimal_client.egg-info/SOURCES.txt'
[10.803s] running build
[10.804s] running build_py
[10.804s] creating /home/rian/ros2_ws/build/examples_rclpy_minimal_client/build
[10.804s] creating /home/rian/ros2_ws/build/examples_rclpy_minimal_client/build/lib
[10.804s] creating /home/rian/ros2_ws/build/examples_rclpy_minimal_client/build/lib/examples_rclpy_minimal_client
[10.804s] copying examples_rclpy_minimal_client/__init__.py -> /home/rian/ros2_ws/build/examples_rclpy_minimal_client/build/lib/examples_rclpy_minimal_client
[10.804s] copying examples_rclpy_minimal_client/client.py -> /home/rian/ros2_ws/build/examples_rclpy_minimal_client/build/lib/examples_rclpy_minimal_client
[10.804s] copying examples_rclpy_minimal_client/client_async_callback.py -> /home/rian/ros2_ws/build/examples_rclpy_minimal_client/build/lib/examples_rclpy_minimal_client
[10.804s] copying examples_rclpy_minimal_client/client_async.py -> /home/rian/ros2_ws/build/examples_rclpy_minimal_client/build/lib/examples_rclpy_minimal_client
[10.804s] copying examples_rclpy_minimal_client/client_async_member_function.py -> /home/rian/ros2_ws/build/examples_rclpy_minimal_client/build/lib/examples_rclpy_minimal_client
[10.804s] running install
[10.804s] running install_lib
[10.804s] creating /home/rian/ros2_ws/install/examples_rclpy_minimal_client/lib/python3.10/site-packages/examples_rclpy_minimal_client
[10.804s] copying /home/rian/ros2_ws/build/examples_rclpy_minimal_client/build/lib/examples_rclpy_minimal_client/__init__.py -> /home/rian/ros2_ws/install/examples_rclpy_minimal_client/lib/python3.10/site-packages/examples_rclpy_minimal_client
[10.805s] copying /home/rian/ros2_ws/build/examples_rclpy_minimal_client/build/lib/examples_rclpy_minimal_client/client.py -> /home/rian/ros2_ws/install/examples_rclpy_minimal_client/lib/python3.10/site-packages/examples_rclpy_minimal_client
[10.805s] copying /home/rian/ros2_ws/build/examples_rclpy_minimal_client/build/lib/examples_rclpy_minimal_client/client_async_callback.py -> /home/rian/ros2_ws/install/examples_rclpy_minimal_client/lib/python3.10/site-packages/examples_rclpy_minimal_client
[10.805s] copying /home/rian/ros2_ws/build/examples_rclpy_minimal_client/build/lib/examples_rclpy_minimal_client/client_async.py -> /home/rian/ros2_ws/install/examples_rclpy_minimal_client/lib/python3.10/site-packages/examples_rclpy_minimal_client
[10.805s] copying /home/rian/ros2_ws/build/examples_rclpy_minimal_client/build/lib/examples_rclpy_minimal_client/client_async_member_function.py -> /home/rian/ros2_ws/install/examples_rclpy_minimal_client/lib/python3.10/site-packages/examples_rclpy_minimal_client
[10.805s] byte-compiling /home/rian/ros2_ws/install/examples_rclpy_minimal_client/lib/python3.10/site-packages/examples_rclpy_minimal_client/__init__.py to __init__.cpython-310.pyc
[10.805s] byte-compiling /home/rian/ros2_ws/install/examples_rclpy_minimal_client/lib/python3.10/site-packages/examples_rclpy_minimal_client/client.py to client.cpython-310.pyc
[10.805s] byte-compiling /home/rian/ros2_ws/install/examples_rclpy_minimal_client/lib/python3.10/site-packages/examples_rclpy_minimal_client/client_async_callback.py to client_async_callback.cpython-310.pyc
[10.805s] byte-compiling /home/rian/ros2_ws/install/examples_rclpy_minimal_client/lib/python3.10/site-packages/examples_rclpy_minimal_client/client_async.py to client_async.cpython-310.pyc
[10.805s] byte-compiling /home/rian/ros2_ws/install/examples_rclpy_minimal_client/lib/python3.10/site-packages/examples_rclpy_minimal_client/client_async_member_function.py to client_async_member_function.cpython-310.pyc
[10.805s] running install_data
[10.805s] creating /home/rian/ros2_ws/install/examples_rclpy_minimal_client/share/ament_index
[10.805s] creating /home/rian/ros2_ws/install/examples_rclpy_minimal_client/share/ament_index/resource_index
[10.805s] creating /home/rian/ros2_ws/install/examples_rclpy_minimal_client/share/ament_index/resource_index/packages
[10.806s] copying resource/examples_rclpy_minimal_client -> /home/rian/ros2_ws/install/examples_rclpy_minimal_client/share/ament_index/resource_index/packages
[10.806s] copying package.xml -> /home/rian/ros2_ws/install/examples_rclpy_minimal_client/share/examples_rclpy_minimal_client
[10.806s] running install_egg_info
[10.806s] Copying ../../../../../build/examples_rclpy_minimal_client/examples_rclpy_minimal_client.egg-info to /home/rian/ros2_ws/install/examples_rclpy_minimal_client/lib/python3.10/site-packages/examples_rclpy_minimal_client-0.15.1-py3.10.egg-info
[10.806s] running install_scripts
[10.806s] Installing client script to /home/rian/ros2_ws/install/examples_rclpy_minimal_client/lib/examples_rclpy_minimal_client
[10.806s] Installing client_async script to /home/rian/ros2_ws/install/examples_rclpy_minimal_client/lib/examples_rclpy_minimal_client
[10.806s] Installing client_async_callback script to /home/rian/ros2_ws/install/examples_rclpy_minimal_client/lib/examples_rclpy_minimal_client
[10.806s] Installing client_async_member_function script to /home/rian/ros2_ws/install/examples_rclpy_minimal_client/lib/examples_rclpy_minimal_client
[10.806s] writing list of installed files to '/home/rian/ros2_ws/build/examples_rclpy_minimal_client/install.log'
[10.860s] Invoked command in '/home/rian/ros2_ws/src/examples/rclpy/services/minimal_client' returned '0': PYTHONPATH=/home/rian/ros2_ws/build/examples_rclpy_minimal_client/prefix_override:/usr/lib/python3/dist-packages/colcon_core/task/python/colcon_distutils_commands:/home/rian/ros2_ws/install/examples_rclpy_minimal_client/lib/python3.10/site-packages:${PYTHONPATH} /usr/bin/python3 -W ignore:setup.py install is deprecated setup.py egg_info --egg-base ../../../../../build/examples_rclpy_minimal_client build --build-base /home/rian/ros2_ws/build/examples_rclpy_minimal_client/build install --record /home/rian/ros2_ws/build/examples_rclpy_minimal_client/install.log --single-version-externally-managed install_data
