[0.045s] Invoking command in '/home/rian/ros2_ws/build/examples_rclcpp_minimal_composition': CMAKE_PREFIX_PATH=/opt/ros/humble /usr/bin/cmake /home/rian/ros2_ws/src/examples/rclcpp/composition/minimal_composition -DCMAKE_INSTALL_PREFIX=/home/rian/ros2_ws/install/examples_rclcpp_minimal_composition
[1.946s] -- The C compiler identification is GNU 11.4.0
[1.946s] -- The CXX compiler identification is GNU 11.4.0
[1.946s] -- Detecting C compiler ABI info
[1.947s] -- Detecting C compiler ABI info - done
[1.947s] -- Check for working C compiler: /usr/bin/cc - skipped
[1.947s] -- Detecting C compile features
[1.947s] -- Detecting C compile features - done
[1.947s] -- Detecting CXX compiler ABI info
[1.947s] -- Detecting CXX compiler ABI info - done
[1.947s] -- Check for working CXX compiler: /usr/bin/c++ - skipped
[1.947s] -- Detecting CXX compile features
[1.947s] -- Detecting CXX compile features - done
[1.947s] -- Found ament_cmake: 1.3.9 (/opt/ros/humble/share/ament_cmake/cmake)
[1.947s] -- Found Python3: /usr/bin/python3 (found version "3.10.12") found components: Interpreter 
[1.947s] -- Found rclcpp: 16.0.9 (/opt/ros/humble/share/rclcpp/cmake)
[1.947s] -- Found rosidl_generator_c: 3.1.5 (/opt/ros/humble/share/rosidl_generator_c/cmake)
[1.947s] -- Found rosidl_adapter: 3.1.5 (/opt/ros/humble/share/rosidl_adapter/cmake)
[1.947s] -- Found rosidl_generator_cpp: 3.1.5 (/opt/ros/humble/share/rosidl_generator_cpp/cmake)
[1.947s] -- Using all available rosidl_typesupport_c: rosidl_typesupport_fastrtps_c;rosidl_typesupport_introspection_c
[1.947s] -- Using all available rosidl_typesupport_cpp: rosidl_typesupport_fastrtps_cpp;rosidl_typesupport_introspection_cpp
[1.947s] -- Found rmw_implementation_cmake: 6.1.2 (/opt/ros/humble/share/rmw_implementation_cmake/cmake)
[1.947s] -- Found rmw_fastrtps_cpp: 6.2.6 (/opt/ros/humble/share/rmw_fastrtps_cpp/cmake)
[1.947s] -- Found OpenSSL: /usr/lib/x86_64-linux-gnu/libcrypto.so (found version "3.0.2")  
[1.947s] -- Found FastRTPS: /opt/ros/humble/include  
[1.947s] -- Using RMW implementation 'rmw_fastrtps_cpp' as default
[1.948s] -- Looking for pthread.h
[1.948s] -- Looking for pthread.h - found
[1.948s] -- Performing Test CMAKE_HAVE_LIBC_PTHREAD
[1.948s] -- Performing Test CMAKE_HAVE_LIBC_PTHREAD - Success
[1.948s] -- Found Threads: TRUE  
[1.948s] -- Found rclcpp_components: 16.0.9 (/opt/ros/humble/share/rclcpp_components/cmake)
[1.948s] -- Found ament_lint_auto: 0.12.11 (/opt/ros/humble/share/ament_lint_auto/cmake)
[1.948s] -- Added test 'copyright' to check source files copyright and LICENSE
[1.948s] -- Added test 'cppcheck' to perform static code analysis on C / C++ code
[1.948s] -- Configured cppcheck include dirs: /home/rian/ros2_ws/src/examples/rclcpp/composition/minimal_composition/include
[1.948s] -- Configured cppcheck exclude dirs and/or files: 
[1.948s] -- Added test 'cpplint' to check C / C++ code against the Google style
[1.948s] -- Configured cpplint exclude dirs and/or files: 
[1.948s] -- Added test 'lint_cmake' to check CMake code style
[1.948s] -- Added test 'uncrustify' to check C / C++ code style
[1.948s] -- Configured uncrustify additional arguments: 
[1.948s] -- Added test 'xmllint' to check XML markup files
[1.948s] -- Configuring done
[1.948s] -- Generating done
[1.948s] -- Build files have been written to: /home/rian/ros2_ws/build/examples_rclcpp_minimal_composition
[1.970s] Invoked command in '/home/rian/ros2_ws/build/examples_rclcpp_minimal_composition' returned '0': CMAKE_PREFIX_PATH=/opt/ros/humble /usr/bin/cmake /home/rian/ros2_ws/src/examples/rclcpp/composition/minimal_composition -DCMAKE_INSTALL_PREFIX=/home/rian/ros2_ws/install/examples_rclcpp_minimal_composition
[1.971s] Invoking command in '/home/rian/ros2_ws/build/examples_rclcpp_minimal_composition': CMAKE_PREFIX_PATH=/opt/ros/humble /usr/bin/cmake --build /home/rian/ros2_ws/build/examples_rclcpp_minimal_composition -- -j20 -l20
[2.068s] [ 11%] [32mBuilding CXX object CMakeFiles/composition_nodes.dir/src/publisher_node.cpp.o[0m
[2.080s] [ 22%] [32mBuilding CXX object CMakeFiles/composition_nodes.dir/src/subscriber_node.cpp.o[0m
[23.602s] [ 33%] [32m[1mLinking CXX shared library libcomposition_nodes.so[0m
[24.775s] [ 33%] Built target composition_nodes
[24.867s] [ 44%] [32mBuilding CXX object CMakeFiles/composition_publisher.dir/src/standalone_publisher.cpp.o[0m
[24.893s] [ 55%] [32mBuilding CXX object CMakeFiles/composition_subscriber.dir/src/standalone_subscriber.cpp.o[0m
[24.909s] [ 66%] [32mBuilding CXX object CMakeFiles/composition_composed.dir/src/composed.cpp.o[0m
[28.316s] [ 88%] [32m[1mLinking CXX executable composition_subscriber[0m
[28.316s] [ 88%] [32m[1mLinking CXX executable composition_publisher[0m
[28.350s] [100%] [32m[1mLinking CXX executable composition_composed[0m
[29.209s] [100%] Built target composition_subscriber
[29.383s] [100%] Built target composition_publisher
[29.383s] [100%] Built target composition_composed
[29.395s] Invoked command in '/home/rian/ros2_ws/build/examples_rclcpp_minimal_composition' returned '0': CMAKE_PREFIX_PATH=/opt/ros/humble /usr/bin/cmake --build /home/rian/ros2_ws/build/examples_rclcpp_minimal_composition -- -j20 -l20
[29.420s] Invoking command in '/home/rian/ros2_ws/build/examples_rclcpp_minimal_composition': CMAKE_PREFIX_PATH=/opt/ros/humble /usr/bin/cmake --install /home/rian/ros2_ws/build/examples_rclcpp_minimal_composition
[29.429s] -- Install configuration: ""
[29.429s] -- Installing: /home/rian/ros2_ws/install/examples_rclcpp_minimal_composition/share/examples_rclcpp_minimal_composition/environment/library_path.sh
[29.429s] -- Installing: /home/rian/ros2_ws/install/examples_rclcpp_minimal_composition/share/examples_rclcpp_minimal_composition/environment/library_path.dsv
[29.430s] -- Installing: /home/rian/ros2_ws/install/examples_rclcpp_minimal_composition/lib/libcomposition_nodes.so
[29.437s] -- Set runtime path of "/home/rian/ros2_ws/install/examples_rclcpp_minimal_composition/lib/libcomposition_nodes.so" to ""
[29.437s] -- Installing: /home/rian/ros2_ws/install/examples_rclcpp_minimal_composition/lib/examples_rclcpp_minimal_composition/composition_publisher
[29.438s] -- Set runtime path of "/home/rian/ros2_ws/install/examples_rclcpp_minimal_composition/lib/examples_rclcpp_minimal_composition/composition_publisher" to ""
[29.438s] -- Installing: /home/rian/ros2_ws/install/examples_rclcpp_minimal_composition/lib/examples_rclcpp_minimal_composition/composition_subscriber
[29.438s] -- Set runtime path of "/home/rian/ros2_ws/install/examples_rclcpp_minimal_composition/lib/examples_rclcpp_minimal_composition/composition_subscriber" to ""
[29.438s] -- Installing: /home/rian/ros2_ws/install/examples_rclcpp_minimal_composition/lib/examples_rclcpp_minimal_composition/composition_composed
[29.438s] -- Set runtime path of "/home/rian/ros2_ws/install/examples_rclcpp_minimal_composition/lib/examples_rclcpp_minimal_composition/composition_composed" to ""
[29.439s] -- Installing: /home/rian/ros2_ws/install/examples_rclcpp_minimal_composition/share/ament_index/resource_index/package_run_dependencies/examples_rclcpp_minimal_composition
[29.439s] -- Installing: /home/rian/ros2_ws/install/examples_rclcpp_minimal_composition/share/ament_index/resource_index/parent_prefix_path/examples_rclcpp_minimal_composition
[29.439s] -- Installing: /home/rian/ros2_ws/install/examples_rclcpp_minimal_composition/share/examples_rclcpp_minimal_composition/environment/ament_prefix_path.sh
[29.439s] -- Installing: /home/rian/ros2_ws/install/examples_rclcpp_minimal_composition/share/examples_rclcpp_minimal_composition/environment/ament_prefix_path.dsv
[29.439s] -- Installing: /home/rian/ros2_ws/install/examples_rclcpp_minimal_composition/share/examples_rclcpp_minimal_composition/environment/path.sh
[29.439s] -- Installing: /home/rian/ros2_ws/install/examples_rclcpp_minimal_composition/share/examples_rclcpp_minimal_composition/environment/path.dsv
[29.439s] -- Installing: /home/rian/ros2_ws/install/examples_rclcpp_minimal_composition/share/examples_rclcpp_minimal_composition/local_setup.bash
[29.439s] -- Installing: /home/rian/ros2_ws/install/examples_rclcpp_minimal_composition/share/examples_rclcpp_minimal_composition/local_setup.sh
[29.440s] -- Installing: /home/rian/ros2_ws/install/examples_rclcpp_minimal_composition/share/examples_rclcpp_minimal_composition/local_setup.zsh
[29.440s] -- Installing: /home/rian/ros2_ws/install/examples_rclcpp_minimal_composition/share/examples_rclcpp_minimal_composition/local_setup.dsv
[29.440s] -- Installing: /home/rian/ros2_ws/install/examples_rclcpp_minimal_composition/share/examples_rclcpp_minimal_composition/package.dsv
[29.440s] -- Installing: /home/rian/ros2_ws/install/examples_rclcpp_minimal_composition/share/ament_index/resource_index/packages/examples_rclcpp_minimal_composition
[29.441s] -- Installing: /home/rian/ros2_ws/install/examples_rclcpp_minimal_composition/share/examples_rclcpp_minimal_composition/cmake/examples_rclcpp_minimal_compositionConfig.cmake
[29.441s] -- Installing: /home/rian/ros2_ws/install/examples_rclcpp_minimal_composition/share/examples_rclcpp_minimal_composition/cmake/examples_rclcpp_minimal_compositionConfig-version.cmake
[29.441s] -- Installing: /home/rian/ros2_ws/install/examples_rclcpp_minimal_composition/share/examples_rclcpp_minimal_composition/package.xml
[29.444s] Invoked command in '/home/rian/ros2_ws/build/examples_rclcpp_minimal_composition' returned '0': CMAKE_PREFIX_PATH=/opt/ros/humble /usr/bin/cmake --install /home/rian/ros2_ws/build/examples_rclcpp_minimal_composition
