[0.064s] Invoking command in '/home/rian/ros2_ws/build/examples_rclcpp_wait_set': CMAKE_PREFIX_PATH=${CMAKE_PREFIX_PATH}:/home/rian/ros2_ws/install/launch_testing_examples:/home/rian/ros2_ws/install/examples_rclpy_pointcloud_publisher:/home/rian/ros2_ws/install/examples_rclpy_minimal_subscriber:/home/rian/ros2_ws/install/examples_rclpy_minimal_service:/home/rian/ros2_ws/install/examples_rclpy_minimal_publisher:/home/rian/ros2_ws/install/examples_rclpy_minimal_client:/home/rian/ros2_ws/install/examples_rclpy_minimal_action_server:/home/rian/ros2_ws/install/examples_rclpy_minimal_action_client:/home/rian/ros2_ws/install/examples_rclpy_guard_conditions:/home/rian/ros2_ws/install/examples_rclpy_executors:/opt/ros/humble /usr/bin/cmake --build /home/rian/ros2_ws/build/examples_rclcpp_wait_set -- -j20 -l20
[1.626s] [35m[1mConsolidate compiler generated dependencies of target wait_set_talker[0m
[1.626s] [35m[1mConsolidate compiler generated dependencies of target static_wait_set[0m
[1.627s] [35m[1mConsolidate compiler generated dependencies of target wait_set_listener[0m
[1.627s] [35m[1mConsolidate compiler generated dependencies of target thread_safe_wait_set[0m
[1.627s] [35m[1mConsolidate compiler generated dependencies of target wait_set_topics_and_timer[0m
[1.628s] [35m[1mConsolidate compiler generated dependencies of target wait_set[0m
[1.628s] [35m[1mConsolidate compiler generated dependencies of target listener[0m
[1.629s] [35m[1mConsolidate compiler generated dependencies of target talker[0m
[1.629s] [35m[1mConsolidate compiler generated dependencies of target executor_random_order[0m
[1.629s] [35m[1mConsolidate compiler generated dependencies of target wait_set_random_order[0m
[1.630s] [35m[1mConsolidate compiler generated dependencies of target wait_set_topics_with_different_rates[0m
[1.630s] [  8%] Built target wait_set_talker
[1.631s] [ 16%] Built target static_wait_set
[1.631s] [ 25%] Built target wait_set_listener
[1.632s] [ 33%] Built target thread_safe_wait_set
[1.632s] [ 41%] Built target listener
[1.633s] [ 58%] Built target wait_set
[1.634s] [ 58%] Built target wait_set_topics_and_timer
[1.634s] [ 66%] Built target talker
[1.634s] [ 75%] Built target wait_set_random_order
[1.634s] [ 83%] Built target executor_random_order
[1.635s] [ 91%] Built target wait_set_topics_with_different_rates
[1.635s] [35m[1mConsolidate compiler generated dependencies of target wait_set_composed[0m
[1.635s] [100%] Built target wait_set_composed
[1.643s] Invoked command in '/home/rian/ros2_ws/build/examples_rclcpp_wait_set' returned '0': CMAKE_PREFIX_PATH=${CMAKE_PREFIX_PATH}:/home/rian/ros2_ws/install/launch_testing_examples:/home/rian/ros2_ws/install/examples_rclpy_pointcloud_publisher:/home/rian/ros2_ws/install/examples_rclpy_minimal_subscriber:/home/rian/ros2_ws/install/examples_rclpy_minimal_service:/home/rian/ros2_ws/install/examples_rclpy_minimal_publisher:/home/rian/ros2_ws/install/examples_rclpy_minimal_client:/home/rian/ros2_ws/install/examples_rclpy_minimal_action_server:/home/rian/ros2_ws/install/examples_rclpy_minimal_action_client:/home/rian/ros2_ws/install/examples_rclpy_guard_conditions:/home/rian/ros2_ws/install/examples_rclpy_executors:/opt/ros/humble /usr/bin/cmake --build /home/rian/ros2_ws/build/examples_rclcpp_wait_set -- -j20 -l20
[1.722s] Invoking command in '/home/rian/ros2_ws/build/examples_rclcpp_wait_set': CMAKE_PREFIX_PATH=${CMAKE_PREFIX_PATH}:/home/rian/ros2_ws/install/launch_testing_examples:/home/rian/ros2_ws/install/examples_rclpy_pointcloud_publisher:/home/rian/ros2_ws/install/examples_rclpy_minimal_subscriber:/home/rian/ros2_ws/install/examples_rclpy_minimal_service:/home/rian/ros2_ws/install/examples_rclpy_minimal_publisher:/home/rian/ros2_ws/install/examples_rclpy_minimal_client:/home/rian/ros2_ws/install/examples_rclpy_minimal_action_server:/home/rian/ros2_ws/install/examples_rclpy_minimal_action_client:/home/rian/ros2_ws/install/examples_rclpy_guard_conditions:/home/rian/ros2_ws/install/examples_rclpy_executors:/opt/ros/humble /usr/bin/cmake --install /home/rian/ros2_ws/build/examples_rclcpp_wait_set
[1.785s] -- Install configuration: ""
[1.786s] -- Up-to-date: /home/rian/ros2_ws/install/examples_rclcpp_wait_set/lib/examples_rclcpp_wait_set/wait_set_talker
[1.786s] -- Up-to-date: /home/rian/ros2_ws/install/examples_rclcpp_wait_set/lib/examples_rclcpp_wait_set/wait_set_listener
[1.786s] -- Up-to-date: /home/rian/ros2_ws/install/examples_rclcpp_wait_set/lib/libtalker.so
[1.786s] -- Up-to-date: /home/rian/ros2_ws/install/examples_rclcpp_wait_set/lib/liblistener.so
[1.786s] -- Up-to-date: /home/rian/ros2_ws/install/examples_rclcpp_wait_set/lib/examples_rclcpp_wait_set/wait_set
[1.786s] -- Up-to-date: /home/rian/ros2_ws/install/examples_rclcpp_wait_set/lib/examples_rclcpp_wait_set/static_wait_set
[1.786s] -- Up-to-date: /home/rian/ros2_ws/install/examples_rclcpp_wait_set/lib/examples_rclcpp_wait_set/thread_safe_wait_set
[1.787s] -- Up-to-date: /home/rian/ros2_ws/install/examples_rclcpp_wait_set/lib/examples_rclcpp_wait_set/wait_set_topics_and_timer
[1.787s] -- Up-to-date: /home/rian/ros2_ws/install/examples_rclcpp_wait_set/lib/examples_rclcpp_wait_set/wait_set_random_order
[1.787s] -- Up-to-date: /home/rian/ros2_ws/install/examples_rclcpp_wait_set/lib/examples_rclcpp_wait_set/executor_random_order
[1.787s] -- Up-to-date: /home/rian/ros2_ws/install/examples_rclcpp_wait_set/lib/examples_rclcpp_wait_set/wait_set_topics_with_different_rates
[1.787s] -- Up-to-date: /home/rian/ros2_ws/install/examples_rclcpp_wait_set/lib/examples_rclcpp_wait_set/wait_set_composed
[1.788s] -- Up-to-date: /home/rian/ros2_ws/install/examples_rclcpp_wait_set/share/ament_index/resource_index/package_run_dependencies/examples_rclcpp_wait_set
[1.788s] -- Up-to-date: /home/rian/ros2_ws/install/examples_rclcpp_wait_set/share/ament_index/resource_index/parent_prefix_path/examples_rclcpp_wait_set
[1.788s] -- Up-to-date: /home/rian/ros2_ws/install/examples_rclcpp_wait_set/share/examples_rclcpp_wait_set/environment/ament_prefix_path.sh
[1.788s] -- Up-to-date: /home/rian/ros2_ws/install/examples_rclcpp_wait_set/share/examples_rclcpp_wait_set/environment/ament_prefix_path.dsv
[1.788s] -- Up-to-date: /home/rian/ros2_ws/install/examples_rclcpp_wait_set/share/examples_rclcpp_wait_set/environment/path.sh
[1.788s] -- Up-to-date: /home/rian/ros2_ws/install/examples_rclcpp_wait_set/share/examples_rclcpp_wait_set/environment/path.dsv
[1.789s] -- Up-to-date: /home/rian/ros2_ws/install/examples_rclcpp_wait_set/share/examples_rclcpp_wait_set/local_setup.bash
[1.789s] -- Up-to-date: /home/rian/ros2_ws/install/examples_rclcpp_wait_set/share/examples_rclcpp_wait_set/local_setup.sh
[1.789s] -- Up-to-date: /home/rian/ros2_ws/install/examples_rclcpp_wait_set/share/examples_rclcpp_wait_set/local_setup.zsh
[1.790s] -- Up-to-date: /home/rian/ros2_ws/install/examples_rclcpp_wait_set/share/examples_rclcpp_wait_set/local_setup.dsv
[1.790s] -- Installing: /home/rian/ros2_ws/install/examples_rclcpp_wait_set/share/examples_rclcpp_wait_set/package.dsv
[1.790s] -- Up-to-date: /home/rian/ros2_ws/install/examples_rclcpp_wait_set/share/ament_index/resource_index/packages/examples_rclcpp_wait_set
[1.790s] -- Up-to-date: /home/rian/ros2_ws/install/examples_rclcpp_wait_set/share/ament_index/resource_index/rclcpp_components/examples_rclcpp_wait_set
[1.790s] -- Up-to-date: /home/rian/ros2_ws/install/examples_rclcpp_wait_set/share/examples_rclcpp_wait_set/cmake/examples_rclcpp_wait_setConfig.cmake
[1.790s] -- Up-to-date: /home/rian/ros2_ws/install/examples_rclcpp_wait_set/share/examples_rclcpp_wait_set/cmake/examples_rclcpp_wait_setConfig-version.cmake
[1.791s] -- Up-to-date: /home/rian/ros2_ws/install/examples_rclcpp_wait_set/share/examples_rclcpp_wait_set/package.xml
[1.839s] Invoked command in '/home/rian/ros2_ws/build/examples_rclcpp_wait_set' returned '0': CMAKE_PREFIX_PATH=${CMAKE_PREFIX_PATH}:/home/rian/ros2_ws/install/launch_testing_examples:/home/rian/ros2_ws/install/examples_rclpy_pointcloud_publisher:/home/rian/ros2_ws/install/examples_rclpy_minimal_subscriber:/home/rian/ros2_ws/install/examples_rclpy_minimal_service:/home/rian/ros2_ws/install/examples_rclpy_minimal_publisher:/home/rian/ros2_ws/install/examples_rclpy_minimal_client:/home/rian/ros2_ws/install/examples_rclpy_minimal_action_server:/home/rian/ros2_ws/install/examples_rclpy_minimal_action_client:/home/rian/ros2_ws/install/examples_rclpy_guard_conditions:/home/rian/ros2_ws/install/examples_rclpy_executors:/opt/ros/humble /usr/bin/cmake --install /home/rian/ros2_ws/build/examples_rclcpp_wait_set
