[0.046s] Invoking command in '/home/rian/ros2_ws/build/examples_rclcpp_cbg_executor': CMAKE_PREFIX_PATH=/opt/ros/humble /usr/bin/cmake /home/rian/ros2_ws/src/examples/rclcpp/executors/cbg_executor -DCMAKE_INSTALL_PREFIX=/home/rian/ros2_ws/install/examples_rclcpp_cbg_executor
[1.944s] -- The C compiler identification is GNU 11.4.0
[1.944s] -- The CXX compiler identification is GNU 11.4.0
[1.944s] -- Detecting C compiler ABI info
[1.944s] -- Detecting C compiler ABI info - done
[1.944s] -- Check for working C compiler: /usr/bin/cc - skipped
[1.944s] -- Detecting C compile features
[1.944s] -- Detecting C compile features - done
[1.944s] -- Detecting CXX compiler ABI info
[1.944s] -- Detecting CXX compiler ABI info - done
[1.944s] -- Check for working CXX compiler: /usr/bin/c++ - skipped
[1.944s] -- Detecting CXX compile features
[1.945s] -- Detecting CXX compile features - done
[1.945s] -- Found ament_cmake: 1.3.9 (/opt/ros/humble/share/ament_cmake/cmake)
[1.945s] -- Found Python3: /usr/bin/python3 (found version "3.10.12") found components: Interpreter 
[1.945s] -- Found rclcpp: 16.0.9 (/opt/ros/humble/share/rclcpp/cmake)
[1.945s] -- Found rosidl_generator_c: 3.1.5 (/opt/ros/humble/share/rosidl_generator_c/cmake)
[1.945s] -- Found rosidl_adapter: 3.1.5 (/opt/ros/humble/share/rosidl_adapter/cmake)
[1.945s] -- Found rosidl_generator_cpp: 3.1.5 (/opt/ros/humble/share/rosidl_generator_cpp/cmake)
[1.945s] -- Using all available rosidl_typesupport_c: rosidl_typesupport_fastrtps_c;rosidl_typesupport_introspection_c
[1.945s] -- Using all available rosidl_typesupport_cpp: rosidl_typesupport_fastrtps_cpp;rosidl_typesupport_introspection_cpp
[1.945s] -- Found rmw_implementation_cmake: 6.1.2 (/opt/ros/humble/share/rmw_implementation_cmake/cmake)
[1.945s] -- Found rmw_fastrtps_cpp: 6.2.6 (/opt/ros/humble/share/rmw_fastrtps_cpp/cmake)
[1.945s] -- Found OpenSSL: /usr/lib/x86_64-linux-gnu/libcrypto.so (found version "3.0.2")  
[1.945s] -- Found FastRTPS: /opt/ros/humble/include  
[1.945s] -- Using RMW implementation 'rmw_fastrtps_cpp' as default
[1.945s] -- Looking for pthread.h
[1.945s] -- Looking for pthread.h - found
[1.945s] -- Performing Test CMAKE_HAVE_LIBC_PTHREAD
[1.945s] -- Performing Test CMAKE_HAVE_LIBC_PTHREAD - Success
[1.945s] -- Found Threads: TRUE  
[1.945s] -- Found ament_lint_auto: 0.12.11 (/opt/ros/humble/share/ament_lint_auto/cmake)
[1.945s] -- Added test 'copyright' to check source files copyright and LICENSE
[1.945s] -- Added test 'cppcheck' to perform static code analysis on C / C++ code
[1.945s] -- Configured cppcheck include dirs: /home/rian/ros2_ws/src/examples/rclcpp/executors/cbg_executor/include
[1.945s] -- Configured cppcheck exclude dirs and/or files: 
[1.946s] -- Added test 'cpplint' to check C / C++ code against the Google style
[1.946s] -- Configured cpplint exclude dirs and/or files: 
[1.946s] -- Added test 'lint_cmake' to check CMake code style
[1.946s] -- Added test 'uncrustify' to check C / C++ code style
[1.946s] -- Configured uncrustify additional arguments: 
[1.946s] -- Added test 'xmllint' to check XML markup files
[1.946s] -- Configuring done
[1.946s] -- Generating done
[1.946s] -- Build files have been written to: /home/rian/ros2_ws/build/examples_rclcpp_cbg_executor
[1.972s] Invoked command in '/home/rian/ros2_ws/build/examples_rclcpp_cbg_executor' returned '0': CMAKE_PREFIX_PATH=/opt/ros/humble /usr/bin/cmake /home/rian/ros2_ws/src/examples/rclcpp/executors/cbg_executor -DCMAKE_INSTALL_PREFIX=/home/rian/ros2_ws/install/examples_rclcpp_cbg_executor
[1.972s] Invoking command in '/home/rian/ros2_ws/build/examples_rclcpp_cbg_executor': CMAKE_PREFIX_PATH=/opt/ros/humble /usr/bin/cmake --build /home/rian/ros2_ws/build/examples_rclcpp_cbg_executor -- -j20 -l20
[1.999s] [ 20%] [32mBuilding CXX object CMakeFiles/pong.dir/src/examples_rclcpp_cbg_executor/pong_node.cpp.o[0m
[1.999s] [ 20%] [32mBuilding CXX object CMakeFiles/pong.dir/src/pong.cpp.o[0m
[2.000s] [ 30%] [32mBuilding CXX object CMakeFiles/ping_pong.dir/src/examples_rclcpp_cbg_executor/ping_node.cpp.o[0m
[2.004s] [ 40%] [32mBuilding CXX object CMakeFiles/ping_pong.dir/src/examples_rclcpp_cbg_executor/pong_node.cpp.o[0m
[2.005s] [ 50%] [32mBuilding CXX object CMakeFiles/ping_pong.dir/src/ping_pong.cpp.o[0m
[2.005s] [ 60%] [32mBuilding CXX object CMakeFiles/ping.dir/src/ping.cpp.o[0m
[2.005s] [ 70%] [32mBuilding CXX object CMakeFiles/ping.dir/src/examples_rclcpp_cbg_executor/ping_node.cpp.o[0m
[20.684s] [ 80%] [32m[1mLinking CXX executable ping[0m
[21.567s] [ 80%] Built target ping
[28.175s] [ 90%] [32m[1mLinking CXX executable ping_pong[0m
[29.193s] [100%] [32m[1mLinking CXX executable pong[0m
[29.428s] [100%] Built target ping_pong
[29.546s] [100%] Built target pong
[29.554s] Invoked command in '/home/rian/ros2_ws/build/examples_rclcpp_cbg_executor' returned '0': CMAKE_PREFIX_PATH=/opt/ros/humble /usr/bin/cmake --build /home/rian/ros2_ws/build/examples_rclcpp_cbg_executor -- -j20 -l20
[29.576s] Invoking command in '/home/rian/ros2_ws/build/examples_rclcpp_cbg_executor': CMAKE_PREFIX_PATH=/opt/ros/humble /usr/bin/cmake --install /home/rian/ros2_ws/build/examples_rclcpp_cbg_executor
[29.582s] -- Install configuration: ""
[29.582s] -- Installing: /home/rian/ros2_ws/install/examples_rclcpp_cbg_executor/lib/examples_rclcpp_cbg_executor/ping
[29.584s] -- Set runtime path of "/home/rian/ros2_ws/install/examples_rclcpp_cbg_executor/lib/examples_rclcpp_cbg_executor/ping" to ""
[29.584s] -- Installing: /home/rian/ros2_ws/install/examples_rclcpp_cbg_executor/lib/examples_rclcpp_cbg_executor/pong
[29.586s] -- Set runtime path of "/home/rian/ros2_ws/install/examples_rclcpp_cbg_executor/lib/examples_rclcpp_cbg_executor/pong" to ""
[29.586s] -- Installing: /home/rian/ros2_ws/install/examples_rclcpp_cbg_executor/lib/examples_rclcpp_cbg_executor/ping_pong
[29.589s] -- Set runtime path of "/home/rian/ros2_ws/install/examples_rclcpp_cbg_executor/lib/examples_rclcpp_cbg_executor/ping_pong" to ""
[29.589s] -- Installing: /home/rian/ros2_ws/install/examples_rclcpp_cbg_executor/include
[29.589s] -- Installing: /home/rian/ros2_ws/install/examples_rclcpp_cbg_executor/include/examples_rclcpp_cbg_executor
[29.589s] -- Installing: /home/rian/ros2_ws/install/examples_rclcpp_cbg_executor/include/examples_rclcpp_cbg_executor/ping_node.hpp
[29.589s] -- Installing: /home/rian/ros2_ws/install/examples_rclcpp_cbg_executor/include/examples_rclcpp_cbg_executor/pong_node.hpp
[29.589s] -- Installing: /home/rian/ros2_ws/install/examples_rclcpp_cbg_executor/share/ament_index/resource_index/package_run_dependencies/examples_rclcpp_cbg_executor
[29.590s] -- Installing: /home/rian/ros2_ws/install/examples_rclcpp_cbg_executor/share/ament_index/resource_index/parent_prefix_path/examples_rclcpp_cbg_executor
[29.590s] -- Installing: /home/rian/ros2_ws/install/examples_rclcpp_cbg_executor/share/examples_rclcpp_cbg_executor/environment/ament_prefix_path.sh
[29.590s] -- Installing: /home/rian/ros2_ws/install/examples_rclcpp_cbg_executor/share/examples_rclcpp_cbg_executor/environment/ament_prefix_path.dsv
[29.590s] -- Installing: /home/rian/ros2_ws/install/examples_rclcpp_cbg_executor/share/examples_rclcpp_cbg_executor/environment/path.sh
[29.590s] -- Installing: /home/rian/ros2_ws/install/examples_rclcpp_cbg_executor/share/examples_rclcpp_cbg_executor/environment/path.dsv
[29.590s] -- Installing: /home/rian/ros2_ws/install/examples_rclcpp_cbg_executor/share/examples_rclcpp_cbg_executor/local_setup.bash
[29.590s] -- Installing: /home/rian/ros2_ws/install/examples_rclcpp_cbg_executor/share/examples_rclcpp_cbg_executor/local_setup.sh
[29.590s] -- Installing: /home/rian/ros2_ws/install/examples_rclcpp_cbg_executor/share/examples_rclcpp_cbg_executor/local_setup.zsh
[29.590s] -- Installing: /home/rian/ros2_ws/install/examples_rclcpp_cbg_executor/share/examples_rclcpp_cbg_executor/local_setup.dsv
[29.590s] -- Installing: /home/rian/ros2_ws/install/examples_rclcpp_cbg_executor/share/examples_rclcpp_cbg_executor/package.dsv
[29.590s] -- Installing: /home/rian/ros2_ws/install/examples_rclcpp_cbg_executor/share/ament_index/resource_index/packages/examples_rclcpp_cbg_executor
[29.591s] -- Installing: /home/rian/ros2_ws/install/examples_rclcpp_cbg_executor/share/examples_rclcpp_cbg_executor/cmake/ament_cmake_export_dependencies-extras.cmake
[29.591s] -- Installing: /home/rian/ros2_ws/install/examples_rclcpp_cbg_executor/share/examples_rclcpp_cbg_executor/cmake/examples_rclcpp_cbg_executorConfig.cmake
[29.591s] -- Installing: /home/rian/ros2_ws/install/examples_rclcpp_cbg_executor/share/examples_rclcpp_cbg_executor/cmake/examples_rclcpp_cbg_executorConfig-version.cmake
[29.591s] -- Installing: /home/rian/ros2_ws/install/examples_rclcpp_cbg_executor/share/examples_rclcpp_cbg_executor/package.xml
[29.593s] Invoked command in '/home/rian/ros2_ws/build/examples_rclcpp_cbg_executor' returned '0': CMAKE_PREFIX_PATH=/opt/ros/humble /usr/bin/cmake --install /home/rian/ros2_ws/build/examples_rclcpp_cbg_executor
