[0.443s] Invoking command in '/home/rian/ros2_ws/build/turtlesim': CMAKE_PREFIX_PATH=${CMAKE_PREFIX_PATH}:/home/rian/ros2_ws/install/launch_testing_examples:/home/rian/ros2_ws/install/examples_rclpy_pointcloud_publisher:/home/rian/ros2_ws/install/examples_rclpy_minimal_subscriber:/home/rian/ros2_ws/install/examples_rclpy_minimal_service:/home/rian/ros2_ws/install/examples_rclpy_minimal_publisher:/home/rian/ros2_ws/install/examples_rclpy_minimal_client:/home/rian/ros2_ws/install/examples_rclpy_minimal_action_server:/home/rian/ros2_ws/install/examples_rclpy_minimal_action_client:/home/rian/ros2_ws/install/examples_rclpy_guard_conditions:/home/rian/ros2_ws/install/examples_rclpy_executors:/opt/ros/humble /usr/bin/cmake --build /home/rian/ros2_ws/build/turtlesim -- -j20 -l20
[0.480s] [35m[1mConsolidate compiler generated dependencies of target turtlesim__rosidl_generator_c[0m
[0.484s] [  1%] Built target turtlesim__cpp
[0.493s] [35m[1mConsolidate compiler generated dependencies of target turtlesim__rosidl_typesupport_cpp[0m
[0.496s] [ 11%] Built target turtlesim__rosidl_generator_c
[0.497s] [35m[1mConsolidate compiler generated dependencies of target turtlesim__rosidl_typesupport_introspection_cpp[0m
[0.498s] [35m[1mConsolidate compiler generated dependencies of target turtlesim__rosidl_typesupport_fastrtps_cpp[0m
[0.503s] [ 11%] Built target ament_cmake_python_copy_turtlesim
[0.508s] [35m[1mConsolidate compiler generated dependencies of target turtlesim__rosidl_typesupport_c[0m
[0.508s] [35m[1mConsolidate compiler generated dependencies of target turtlesim__rosidl_typesupport_introspection_c[0m
[0.512s] [35m[1mConsolidate compiler generated dependencies of target turtlesim__rosidl_typesupport_fastrtps_c[0m
[0.513s] [ 21%] Built target turtlesim__rosidl_typesupport_cpp
[0.522s] [ 41%] Built target turtlesim__rosidl_typesupport_fastrtps_cpp
[0.522s] [ 41%] Built target turtlesim__rosidl_typesupport_c
[0.526s] [35m[1mConsolidate compiler generated dependencies of target draw_square[0m
[0.529s] [ 51%] Built target turtlesim__rosidl_typesupport_introspection_cpp
[0.529s] [35m[1mConsolidate compiler generated dependencies of target turtle_teleop_key[0m
[0.529s] [35m[1mConsolidate compiler generated dependencies of target turtlesim_node[0m
[0.530s] [ 61%] Built target turtlesim__rosidl_typesupport_introspection_c
[0.532s] [35m[1mConsolidate compiler generated dependencies of target mimic[0m
[0.544s] [ 71%] Built target turtlesim__rosidl_typesupport_fastrtps_c
[0.549s] [ 73%] Built target draw_square
[0.549s] [ 75%] Built target turtle_teleop_key
[0.552s] [ 77%] Built target mimic
[0.559s] [ 77%] Built target turtlesim
[0.564s] [ 78%] [32mBuilding CXX object CMakeFiles/turtlesim_node.dir/src/turtle_frame.cpp.o[0m
[0.577s] [ 79%] Built target turtlesim__py
[0.586s] [35m[1mConsolidate compiler generated dependencies of target turtlesim__rosidl_generator_py[0m
[0.601s] [ 88%] Built target turtlesim__rosidl_generator_py
[0.609s] [35m[1mConsolidate compiler generated dependencies of target turtlesim__rosidl_typesupport_fastrtps_c__pyext[0m
[0.612s] [35m[1mConsolidate compiler generated dependencies of target turtlesim__rosidl_typesupport_c__pyext[0m
[0.612s] [35m[1mConsolidate compiler generated dependencies of target turtlesim__rosidl_typesupport_introspection_c__pyext[0m
[0.621s] [ 90%] Built target turtlesim__rosidl_typesupport_fastrtps_c__pyext
[0.625s] [ 92%] Built target turtlesim__rosidl_typesupport_c__pyext
[0.626s] [ 94%] Built target turtlesim__rosidl_typesupport_introspection_c__pyext
[0.846s] running egg_info
[0.847s] writing turtlesim.egg-info/PKG-INFO
[0.848s] writing dependency_links to turtlesim.egg-info/dependency_links.txt
[0.848s] writing top-level names to turtlesim.egg-info/top_level.txt
[0.851s] reading manifest file 'turtlesim.egg-info/SOURCES.txt'
[0.852s] writing manifest file 'turtlesim.egg-info/SOURCES.txt'
[0.875s] [ 94%] Built target ament_cmake_python_build_turtlesim_egg
[8.646s] [ 95%] [32m[1mLinking CXX executable turtlesim_node[0m
[10.093s] [100%] Built target turtlesim_node
[10.098s] Invoked command in '/home/rian/ros2_ws/build/turtlesim' returned '0': CMAKE_PREFIX_PATH=${CMAKE_PREFIX_PATH}:/home/rian/ros2_ws/install/launch_testing_examples:/home/rian/ros2_ws/install/examples_rclpy_pointcloud_publisher:/home/rian/ros2_ws/install/examples_rclpy_minimal_subscriber:/home/rian/ros2_ws/install/examples_rclpy_minimal_service:/home/rian/ros2_ws/install/examples_rclpy_minimal_publisher:/home/rian/ros2_ws/install/examples_rclpy_minimal_client:/home/rian/ros2_ws/install/examples_rclpy_minimal_action_server:/home/rian/ros2_ws/install/examples_rclpy_minimal_action_client:/home/rian/ros2_ws/install/examples_rclpy_guard_conditions:/home/rian/ros2_ws/install/examples_rclpy_executors:/opt/ros/humble /usr/bin/cmake --build /home/rian/ros2_ws/build/turtlesim -- -j20 -l20
[10.217s] Invoking command in '/home/rian/ros2_ws/build/turtlesim': CMAKE_PREFIX_PATH=${CMAKE_PREFIX_PATH}:/home/rian/ros2_ws/install/launch_testing_examples:/home/rian/ros2_ws/install/examples_rclpy_pointcloud_publisher:/home/rian/ros2_ws/install/examples_rclpy_minimal_subscriber:/home/rian/ros2_ws/install/examples_rclpy_minimal_service:/home/rian/ros2_ws/install/examples_rclpy_minimal_publisher:/home/rian/ros2_ws/install/examples_rclpy_minimal_client:/home/rian/ros2_ws/install/examples_rclpy_minimal_action_server:/home/rian/ros2_ws/install/examples_rclpy_minimal_action_client:/home/rian/ros2_ws/install/examples_rclpy_guard_conditions:/home/rian/ros2_ws/install/examples_rclpy_executors:/opt/ros/humble /usr/bin/cmake --install /home/rian/ros2_ws/build/turtlesim
[10.222s] -- Install configuration: ""
[10.222s] -- Up-to-date: /home/rian/ros2_ws/install/turtlesim/share/ament_index/resource_index/rosidl_interfaces/turtlesim
[10.222s] -- Up-to-date: /home/rian/ros2_ws/install/turtlesim/include/turtlesim/turtlesim
[10.222s] -- Up-to-date: /home/rian/ros2_ws/install/turtlesim/include/turtlesim/turtlesim/msg
[10.222s] -- Up-to-date: /home/rian/ros2_ws/install/turtlesim/include/turtlesim/turtlesim/msg/pose.h
[10.223s] -- Up-to-date: /home/rian/ros2_ws/install/turtlesim/include/turtlesim/turtlesim/msg/detail
[10.223s] -- Up-to-date: /home/rian/ros2_ws/install/turtlesim/include/turtlesim/turtlesim/msg/detail/color__functions.c
[10.223s] -- Up-to-date: /home/rian/ros2_ws/install/turtlesim/include/turtlesim/turtlesim/msg/detail/pose__functions.h
[10.223s] -- Up-to-date: /home/rian/ros2_ws/install/turtlesim/include/turtlesim/turtlesim/msg/detail/color__type_support.h
[10.223s] -- Up-to-date: /home/rian/ros2_ws/install/turtlesim/include/turtlesim/turtlesim/msg/detail/pose__type_support.h
[10.223s] -- Up-to-date: /home/rian/ros2_ws/install/turtlesim/include/turtlesim/turtlesim/msg/detail/color__functions.h
[10.223s] -- Up-to-date: /home/rian/ros2_ws/install/turtlesim/include/turtlesim/turtlesim/msg/detail/pose__functions.c
[10.223s] -- Up-to-date: /home/rian/ros2_ws/install/turtlesim/include/turtlesim/turtlesim/msg/detail/color__struct.h
[10.223s] -- Up-to-date: /home/rian/ros2_ws/install/turtlesim/include/turtlesim/turtlesim/msg/detail/pose__struct.h
[10.223s] -- Up-to-date: /home/rian/ros2_ws/install/turtlesim/include/turtlesim/turtlesim/msg/rosidl_generator_c__visibility_control.h
[10.223s] -- Up-to-date: /home/rian/ros2_ws/install/turtlesim/include/turtlesim/turtlesim/msg/color.h
[10.223s] -- Up-to-date: /home/rian/ros2_ws/install/turtlesim/include/turtlesim/turtlesim/action
[10.223s] -- Up-to-date: /home/rian/ros2_ws/install/turtlesim/include/turtlesim/turtlesim/action/detail
[10.223s] -- Up-to-date: /home/rian/ros2_ws/install/turtlesim/include/turtlesim/turtlesim/action/detail/rotate_absolute__functions.h
[10.223s] -- Up-to-date: /home/rian/ros2_ws/install/turtlesim/include/turtlesim/turtlesim/action/detail/rotate_absolute__type_support.h
[10.223s] -- Up-to-date: /home/rian/ros2_ws/install/turtlesim/include/turtlesim/turtlesim/action/detail/rotate_absolute__struct.h
[10.224s] -- Up-to-date: /home/rian/ros2_ws/install/turtlesim/include/turtlesim/turtlesim/action/detail/rotate_absolute__functions.c
[10.224s] -- Up-to-date: /home/rian/ros2_ws/install/turtlesim/include/turtlesim/turtlesim/action/rotate_absolute.h
[10.224s] -- Up-to-date: /home/rian/ros2_ws/install/turtlesim/include/turtlesim/turtlesim/srv
[10.224s] -- Up-to-date: /home/rian/ros2_ws/install/turtlesim/include/turtlesim/turtlesim/srv/teleport_relative.h
[10.224s] -- Up-to-date: /home/rian/ros2_ws/install/turtlesim/include/turtlesim/turtlesim/srv/detail
[10.224s] -- Up-to-date: /home/rian/ros2_ws/install/turtlesim/include/turtlesim/turtlesim/srv/detail/teleport_relative__functions.c
[10.224s] -- Up-to-date: /home/rian/ros2_ws/install/turtlesim/include/turtlesim/turtlesim/srv/detail/teleport_absolute__functions.h
[10.224s] -- Up-to-date: /home/rian/ros2_ws/install/turtlesim/include/turtlesim/turtlesim/srv/detail/kill__functions.c
[10.224s] -- Up-to-date: /home/rian/ros2_ws/install/turtlesim/include/turtlesim/turtlesim/srv/detail/spawn__type_support.h
[10.224s] -- Up-to-date: /home/rian/ros2_ws/install/turtlesim/include/turtlesim/turtlesim/srv/detail/teleport_relative__struct.h
[10.224s] -- Up-to-date: /home/rian/ros2_ws/install/turtlesim/include/turtlesim/turtlesim/srv/detail/teleport_relative__functions.h
[10.224s] -- Up-to-date: /home/rian/ros2_ws/install/turtlesim/include/turtlesim/turtlesim/srv/detail/teleport_relative__type_support.h
[10.224s] -- Up-to-date: /home/rian/ros2_ws/install/turtlesim/include/turtlesim/turtlesim/srv/detail/kill__struct.h
[10.224s] -- Up-to-date: /home/rian/ros2_ws/install/turtlesim/include/turtlesim/turtlesim/srv/detail/spawn__functions.c
[10.225s] -- Up-to-date: /home/rian/ros2_ws/install/turtlesim/include/turtlesim/turtlesim/srv/detail/teleport_absolute__struct.h
[10.225s] -- Up-to-date: /home/rian/ros2_ws/install/turtlesim/include/turtlesim/turtlesim/srv/detail/kill__type_support.h
[10.225s] -- Up-to-date: /home/rian/ros2_ws/install/turtlesim/include/turtlesim/turtlesim/srv/detail/teleport_absolute__functions.c
[10.225s] -- Up-to-date: /home/rian/ros2_ws/install/turtlesim/include/turtlesim/turtlesim/srv/detail/set_pen__struct.h
[10.225s] -- Up-to-date: /home/rian/ros2_ws/install/turtlesim/include/turtlesim/turtlesim/srv/detail/kill__functions.h
[10.225s] -- Up-to-date: /home/rian/ros2_ws/install/turtlesim/include/turtlesim/turtlesim/srv/detail/spawn__functions.h
[10.225s] -- Up-to-date: /home/rian/ros2_ws/install/turtlesim/include/turtlesim/turtlesim/srv/detail/set_pen__functions.h
[10.225s] -- Up-to-date: /home/rian/ros2_ws/install/turtlesim/include/turtlesim/turtlesim/srv/detail/set_pen__type_support.h
[10.225s] -- Up-to-date: /home/rian/ros2_ws/install/turtlesim/include/turtlesim/turtlesim/srv/detail/spawn__struct.h
[10.225s] -- Up-to-date: /home/rian/ros2_ws/install/turtlesim/include/turtlesim/turtlesim/srv/detail/set_pen__functions.c
[10.226s] -- Up-to-date: /home/rian/ros2_ws/install/turtlesim/include/turtlesim/turtlesim/srv/detail/teleport_absolute__type_support.h
[10.226s] -- Up-to-date: /home/rian/ros2_ws/install/turtlesim/include/turtlesim/turtlesim/srv/kill.h
[10.226s] -- Up-to-date: /home/rian/ros2_ws/install/turtlesim/include/turtlesim/turtlesim/srv/set_pen.h
[10.226s] -- Up-to-date: /home/rian/ros2_ws/install/turtlesim/include/turtlesim/turtlesim/srv/teleport_absolute.h
[10.226s] -- Up-to-date: /home/rian/ros2_ws/install/turtlesim/include/turtlesim/turtlesim/srv/spawn.h
[10.226s] -- Up-to-date: /home/rian/ros2_ws/install/turtlesim/share/turtlesim/environment/library_path.sh
[10.226s] -- Up-to-date: /home/rian/ros2_ws/install/turtlesim/share/turtlesim/environment/library_path.dsv
[10.226s] -- Up-to-date: /home/rian/ros2_ws/install/turtlesim/lib/libturtlesim__rosidl_generator_c.so
[10.226s] -- Up-to-date: /home/rian/ros2_ws/install/turtlesim/include/turtlesim/turtlesim
[10.226s] -- Up-to-date: /home/rian/ros2_ws/install/turtlesim/include/turtlesim/turtlesim/msg
[10.226s] -- Up-to-date: /home/rian/ros2_ws/install/turtlesim/include/turtlesim/turtlesim/msg/rosidl_typesupport_fastrtps_c__visibility_control.h
[10.226s] -- Up-to-date: /home/rian/ros2_ws/install/turtlesim/include/turtlesim/turtlesim/msg/detail
[10.226s] -- Up-to-date: /home/rian/ros2_ws/install/turtlesim/include/turtlesim/turtlesim/msg/detail/color__rosidl_typesupport_fastrtps_c.h
[10.226s] -- Up-to-date: /home/rian/ros2_ws/install/turtlesim/include/turtlesim/turtlesim/msg/detail/pose__rosidl_typesupport_fastrtps_c.h
[10.226s] -- Up-to-date: /home/rian/ros2_ws/install/turtlesim/include/turtlesim/turtlesim/action
[10.227s] -- Up-to-date: /home/rian/ros2_ws/install/turtlesim/include/turtlesim/turtlesim/action/detail
[10.227s] -- Up-to-date: /home/rian/ros2_ws/install/turtlesim/include/turtlesim/turtlesim/action/detail/rotate_absolute__rosidl_typesupport_fastrtps_c.h
[10.227s] -- Up-to-date: /home/rian/ros2_ws/install/turtlesim/include/turtlesim/turtlesim/srv
[10.227s] -- Up-to-date: /home/rian/ros2_ws/install/turtlesim/include/turtlesim/turtlesim/srv/detail
[10.227s] -- Up-to-date: /home/rian/ros2_ws/install/turtlesim/include/turtlesim/turtlesim/srv/detail/teleport_relative__rosidl_typesupport_fastrtps_c.h
[10.227s] -- Up-to-date: /home/rian/ros2_ws/install/turtlesim/include/turtlesim/turtlesim/srv/detail/teleport_absolute__rosidl_typesupport_fastrtps_c.h
[10.227s] -- Up-to-date: /home/rian/ros2_ws/install/turtlesim/include/turtlesim/turtlesim/srv/detail/set_pen__rosidl_typesupport_fastrtps_c.h
[10.227s] -- Up-to-date: /home/rian/ros2_ws/install/turtlesim/include/turtlesim/turtlesim/srv/detail/kill__rosidl_typesupport_fastrtps_c.h
[10.227s] -- Up-to-date: /home/rian/ros2_ws/install/turtlesim/include/turtlesim/turtlesim/srv/detail/spawn__rosidl_typesupport_fastrtps_c.h
[10.227s] -- Up-to-date: /home/rian/ros2_ws/install/turtlesim/lib/libturtlesim__rosidl_typesupport_fastrtps_c.so
[10.227s] -- Up-to-date: /home/rian/ros2_ws/install/turtlesim/include/turtlesim/turtlesim
[10.227s] -- Up-to-date: /home/rian/ros2_ws/install/turtlesim/include/turtlesim/turtlesim/msg
[10.227s] -- Up-to-date: /home/rian/ros2_ws/install/turtlesim/include/turtlesim/turtlesim/msg/detail
[10.227s] -- Up-to-date: /home/rian/ros2_ws/install/turtlesim/include/turtlesim/turtlesim/msg/detail/color__struct.hpp
[10.227s] -- Up-to-date: /home/rian/ros2_ws/install/turtlesim/include/turtlesim/turtlesim/msg/detail/pose__struct.hpp
[10.227s] -- Up-to-date: /home/rian/ros2_ws/install/turtlesim/include/turtlesim/turtlesim/msg/detail/pose__builder.hpp
[10.227s] -- Up-to-date: /home/rian/ros2_ws/install/turtlesim/include/turtlesim/turtlesim/msg/detail/color__builder.hpp
[10.227s] -- Up-to-date: /home/rian/ros2_ws/install/turtlesim/include/turtlesim/turtlesim/msg/detail/color__traits.hpp
[10.228s] -- Up-to-date: /home/rian/ros2_ws/install/turtlesim/include/turtlesim/turtlesim/msg/detail/pose__traits.hpp
[10.228s] -- Up-to-date: /home/rian/ros2_ws/install/turtlesim/include/turtlesim/turtlesim/msg/pose.hpp
[10.228s] -- Up-to-date: /home/rian/ros2_ws/install/turtlesim/include/turtlesim/turtlesim/msg/color.hpp
[10.228s] -- Up-to-date: /home/rian/ros2_ws/install/turtlesim/include/turtlesim/turtlesim/action
[10.228s] -- Up-to-date: /home/rian/ros2_ws/install/turtlesim/include/turtlesim/turtlesim/action/detail
[10.228s] -- Up-to-date: /home/rian/ros2_ws/install/turtlesim/include/turtlesim/turtlesim/action/detail/rotate_absolute__struct.hpp
[10.228s] -- Up-to-date: /home/rian/ros2_ws/install/turtlesim/include/turtlesim/turtlesim/action/detail/rotate_absolute__traits.hpp
[10.228s] -- Up-to-date: /home/rian/ros2_ws/install/turtlesim/include/turtlesim/turtlesim/action/detail/rotate_absolute__builder.hpp
[10.228s] -- Up-to-date: /home/rian/ros2_ws/install/turtlesim/include/turtlesim/turtlesim/action/rotate_absolute.hpp
[10.228s] -- Up-to-date: /home/rian/ros2_ws/install/turtlesim/include/turtlesim/turtlesim/srv
[10.228s] -- Up-to-date: /home/rian/ros2_ws/install/turtlesim/include/turtlesim/turtlesim/srv/detail
[10.228s] -- Up-to-date: /home/rian/ros2_ws/install/turtlesim/include/turtlesim/turtlesim/srv/detail/spawn__struct.hpp
[10.228s] -- Up-to-date: /home/rian/ros2_ws/install/turtlesim/include/turtlesim/turtlesim/srv/detail/teleport_relative__traits.hpp
[10.228s] -- Up-to-date: /home/rian/ros2_ws/install/turtlesim/include/turtlesim/turtlesim/srv/detail/teleport_absolute__struct.hpp
[10.228s] -- Up-to-date: /home/rian/ros2_ws/install/turtlesim/include/turtlesim/turtlesim/srv/detail/teleport_relative__builder.hpp
[10.228s] -- Up-to-date: /home/rian/ros2_ws/install/turtlesim/include/turtlesim/turtlesim/srv/detail/teleport_absolute__builder.hpp
[10.228s] -- Up-to-date: /home/rian/ros2_ws/install/turtlesim/include/turtlesim/turtlesim/srv/detail/spawn__traits.hpp
[10.228s] -- Up-to-date: /home/rian/ros2_ws/install/turtlesim/include/turtlesim/turtlesim/srv/detail/teleport_absolute__traits.hpp
[10.228s] -- Up-to-date: /home/rian/ros2_ws/install/turtlesim/include/turtlesim/turtlesim/srv/detail/set_pen__struct.hpp
[10.228s] -- Up-to-date: /home/rian/ros2_ws/install/turtlesim/include/turtlesim/turtlesim/srv/detail/set_pen__traits.hpp
[10.229s] -- Up-to-date: /home/rian/ros2_ws/install/turtlesim/include/turtlesim/turtlesim/srv/detail/set_pen__builder.hpp
[10.229s] -- Up-to-date: /home/rian/ros2_ws/install/turtlesim/include/turtlesim/turtlesim/srv/detail/kill__traits.hpp
[10.229s] -- Up-to-date: /home/rian/ros2_ws/install/turtlesim/include/turtlesim/turtlesim/srv/detail/kill__builder.hpp
[10.229s] -- Up-to-date: /home/rian/ros2_ws/install/turtlesim/include/turtlesim/turtlesim/srv/detail/teleport_relative__struct.hpp
[10.229s] -- Up-to-date: /home/rian/ros2_ws/install/turtlesim/include/turtlesim/turtlesim/srv/detail/spawn__builder.hpp
[10.229s] -- Up-to-date: /home/rian/ros2_ws/install/turtlesim/include/turtlesim/turtlesim/srv/detail/kill__struct.hpp
[10.229s] -- Up-to-date: /home/rian/ros2_ws/install/turtlesim/include/turtlesim/turtlesim/srv/kill.hpp
[10.229s] -- Up-to-date: /home/rian/ros2_ws/install/turtlesim/include/turtlesim/turtlesim/srv/teleport_absolute.hpp
[10.229s] -- Up-to-date: /home/rian/ros2_ws/install/turtlesim/include/turtlesim/turtlesim/srv/set_pen.hpp
[10.229s] -- Up-to-date: /home/rian/ros2_ws/install/turtlesim/include/turtlesim/turtlesim/srv/spawn.hpp
[10.229s] -- Up-to-date: /home/rian/ros2_ws/install/turtlesim/include/turtlesim/turtlesim/srv/teleport_relative.hpp
[10.229s] -- Up-to-date: /home/rian/ros2_ws/install/turtlesim/include/turtlesim/turtlesim
[10.229s] -- Up-to-date: /home/rian/ros2_ws/install/turtlesim/include/turtlesim/turtlesim/msg
[10.229s] -- Up-to-date: /home/rian/ros2_ws/install/turtlesim/include/turtlesim/turtlesim/msg/detail
[10.229s] -- Up-to-date: /home/rian/ros2_ws/install/turtlesim/include/turtlesim/turtlesim/msg/detail/pose__rosidl_typesupport_fastrtps_cpp.hpp
[10.229s] -- Up-to-date: /home/rian/ros2_ws/install/turtlesim/include/turtlesim/turtlesim/msg/detail/color__rosidl_typesupport_fastrtps_cpp.hpp
[10.229s] -- Up-to-date: /home/rian/ros2_ws/install/turtlesim/include/turtlesim/turtlesim/msg/detail/dds_fastrtps
[10.229s] -- Up-to-date: /home/rian/ros2_ws/install/turtlesim/include/turtlesim/turtlesim/msg/rosidl_typesupport_fastrtps_cpp__visibility_control.h
[10.230s] -- Up-to-date: /home/rian/ros2_ws/install/turtlesim/include/turtlesim/turtlesim/action
[10.230s] -- Up-to-date: /home/rian/ros2_ws/install/turtlesim/include/turtlesim/turtlesim/action/detail
[10.230s] -- Up-to-date: /home/rian/ros2_ws/install/turtlesim/include/turtlesim/turtlesim/action/detail/rotate_absolute__rosidl_typesupport_fastrtps_cpp.hpp
[10.230s] -- Up-to-date: /home/rian/ros2_ws/install/turtlesim/include/turtlesim/turtlesim/action/detail/dds_fastrtps
[10.230s] -- Up-to-date: /home/rian/ros2_ws/install/turtlesim/include/turtlesim/turtlesim/srv
[10.230s] -- Up-to-date: /home/rian/ros2_ws/install/turtlesim/include/turtlesim/turtlesim/srv/detail
[10.230s] -- Up-to-date: /home/rian/ros2_ws/install/turtlesim/include/turtlesim/turtlesim/srv/detail/teleport_absolute__rosidl_typesupport_fastrtps_cpp.hpp
[10.230s] -- Up-to-date: /home/rian/ros2_ws/install/turtlesim/include/turtlesim/turtlesim/srv/detail/spawn__rosidl_typesupport_fastrtps_cpp.hpp
[10.230s] -- Up-to-date: /home/rian/ros2_ws/install/turtlesim/include/turtlesim/turtlesim/srv/detail/set_pen__rosidl_typesupport_fastrtps_cpp.hpp
[10.230s] -- Up-to-date: /home/rian/ros2_ws/install/turtlesim/include/turtlesim/turtlesim/srv/detail/teleport_relative__rosidl_typesupport_fastrtps_cpp.hpp
[10.230s] -- Up-to-date: /home/rian/ros2_ws/install/turtlesim/include/turtlesim/turtlesim/srv/detail/kill__rosidl_typesupport_fastrtps_cpp.hpp
[10.230s] -- Up-to-date: /home/rian/ros2_ws/install/turtlesim/include/turtlesim/turtlesim/srv/detail/dds_fastrtps
[10.230s] -- Up-to-date: /home/rian/ros2_ws/install/turtlesim/lib/libturtlesim__rosidl_typesupport_fastrtps_cpp.so
[10.230s] -- Up-to-date: /home/rian/ros2_ws/install/turtlesim/include/turtlesim/turtlesim
[10.230s] -- Up-to-date: /home/rian/ros2_ws/install/turtlesim/include/turtlesim/turtlesim/msg
[10.230s] -- Up-to-date: /home/rian/ros2_ws/install/turtlesim/include/turtlesim/turtlesim/msg/detail
[10.230s] -- Up-to-date: /home/rian/ros2_ws/install/turtlesim/include/turtlesim/turtlesim/msg/detail/pose__rosidl_typesupport_introspection_c.h
[10.230s] -- Up-to-date: /home/rian/ros2_ws/install/turtlesim/include/turtlesim/turtlesim/msg/detail/pose__type_support.c
[10.230s] -- Up-to-date: /home/rian/ros2_ws/install/turtlesim/include/turtlesim/turtlesim/msg/detail/color__type_support.c
[10.230s] -- Up-to-date: /home/rian/ros2_ws/install/turtlesim/include/turtlesim/turtlesim/msg/detail/color__rosidl_typesupport_introspection_c.h
[10.230s] -- Up-to-date: /home/rian/ros2_ws/install/turtlesim/include/turtlesim/turtlesim/msg/rosidl_typesupport_introspection_c__visibility_control.h
[10.231s] -- Up-to-date: /home/rian/ros2_ws/install/turtlesim/include/turtlesim/turtlesim/action
[10.231s] -- Up-to-date: /home/rian/ros2_ws/install/turtlesim/include/turtlesim/turtlesim/action/detail
[10.231s] -- Up-to-date: /home/rian/ros2_ws/install/turtlesim/include/turtlesim/turtlesim/action/detail/rotate_absolute__type_support.c
[10.231s] -- Up-to-date: /home/rian/ros2_ws/install/turtlesim/include/turtlesim/turtlesim/action/detail/rotate_absolute__rosidl_typesupport_introspection_c.h
[10.231s] -- Up-to-date: /home/rian/ros2_ws/install/turtlesim/include/turtlesim/turtlesim/srv
[10.231s] -- Up-to-date: /home/rian/ros2_ws/install/turtlesim/include/turtlesim/turtlesim/srv/detail
[10.231s] -- Up-to-date: /home/rian/ros2_ws/install/turtlesim/include/turtlesim/turtlesim/srv/detail/set_pen__type_support.c
[10.231s] -- Up-to-date: /home/rian/ros2_ws/install/turtlesim/include/turtlesim/turtlesim/srv/detail/teleport_relative__type_support.c
[10.231s] -- Up-to-date: /home/rian/ros2_ws/install/turtlesim/include/turtlesim/turtlesim/srv/detail/spawn__type_support.c
[10.231s] -- Up-to-date: /home/rian/ros2_ws/install/turtlesim/include/turtlesim/turtlesim/srv/detail/teleport_relative__rosidl_typesupport_introspection_c.h
[10.231s] -- Up-to-date: /home/rian/ros2_ws/install/turtlesim/include/turtlesim/turtlesim/srv/detail/teleport_absolute__type_support.c
[10.231s] -- Up-to-date: /home/rian/ros2_ws/install/turtlesim/include/turtlesim/turtlesim/srv/detail/teleport_absolute__rosidl_typesupport_introspection_c.h
[10.231s] -- Up-to-date: /home/rian/ros2_ws/install/turtlesim/include/turtlesim/turtlesim/srv/detail/kill__rosidl_typesupport_introspection_c.h
[10.231s] -- Up-to-date: /home/rian/ros2_ws/install/turtlesim/include/turtlesim/turtlesim/srv/detail/kill__type_support.c
[10.231s] -- Up-to-date: /home/rian/ros2_ws/install/turtlesim/include/turtlesim/turtlesim/srv/detail/set_pen__rosidl_typesupport_introspection_c.h
[10.231s] -- Up-to-date: /home/rian/ros2_ws/install/turtlesim/include/turtlesim/turtlesim/srv/detail/spawn__rosidl_typesupport_introspection_c.h
[10.231s] -- Up-to-date: /home/rian/ros2_ws/install/turtlesim/lib/libturtlesim__rosidl_typesupport_introspection_c.so
[10.231s] -- Up-to-date: /home/rian/ros2_ws/install/turtlesim/lib/libturtlesim__rosidl_typesupport_c.so
[10.231s] -- Up-to-date: /home/rian/ros2_ws/install/turtlesim/include/turtlesim/turtlesim
[10.231s] -- Up-to-date: /home/rian/ros2_ws/install/turtlesim/include/turtlesim/turtlesim/msg
[10.231s] -- Up-to-date: /home/rian/ros2_ws/install/turtlesim/include/turtlesim/turtlesim/msg/detail
[10.231s] -- Up-to-date: /home/rian/ros2_ws/install/turtlesim/include/turtlesim/turtlesim/msg/detail/color__rosidl_typesupport_introspection_cpp.hpp
[10.231s] -- Up-to-date: /home/rian/ros2_ws/install/turtlesim/include/turtlesim/turtlesim/msg/detail/pose__type_support.cpp
[10.232s] -- Up-to-date: /home/rian/ros2_ws/install/turtlesim/include/turtlesim/turtlesim/msg/detail/pose__rosidl_typesupport_introspection_cpp.hpp
[10.232s] -- Up-to-date: /home/rian/ros2_ws/install/turtlesim/include/turtlesim/turtlesim/msg/detail/color__type_support.cpp
[10.232s] -- Up-to-date: /home/rian/ros2_ws/install/turtlesim/include/turtlesim/turtlesim/action
[10.232s] -- Up-to-date: /home/rian/ros2_ws/install/turtlesim/include/turtlesim/turtlesim/action/detail
[10.232s] -- Up-to-date: /home/rian/ros2_ws/install/turtlesim/include/turtlesim/turtlesim/action/detail/rotate_absolute__rosidl_typesupport_introspection_cpp.hpp
[10.232s] -- Up-to-date: /home/rian/ros2_ws/install/turtlesim/include/turtlesim/turtlesim/action/detail/rotate_absolute__type_support.cpp
[10.232s] -- Up-to-date: /home/rian/ros2_ws/install/turtlesim/include/turtlesim/turtlesim/srv
[10.232s] -- Up-to-date: /home/rian/ros2_ws/install/turtlesim/include/turtlesim/turtlesim/srv/detail
[10.232s] -- Up-to-date: /home/rian/ros2_ws/install/turtlesim/include/turtlesim/turtlesim/srv/detail/teleport_absolute__type_support.cpp
[10.232s] -- Up-to-date: /home/rian/ros2_ws/install/turtlesim/include/turtlesim/turtlesim/srv/detail/spawn__type_support.cpp
[10.232s] -- Up-to-date: /home/rian/ros2_ws/install/turtlesim/include/turtlesim/turtlesim/srv/detail/teleport_relative__type_support.cpp
[10.232s] -- Up-to-date: /home/rian/ros2_ws/install/turtlesim/include/turtlesim/turtlesim/srv/detail/kill__type_support.cpp
[10.232s] -- Up-to-date: /home/rian/ros2_ws/install/turtlesim/include/turtlesim/turtlesim/srv/detail/kill__rosidl_typesupport_introspection_cpp.hpp
[10.232s] -- Up-to-date: /home/rian/ros2_ws/install/turtlesim/include/turtlesim/turtlesim/srv/detail/set_pen__type_support.cpp
[10.232s] -- Up-to-date: /home/rian/ros2_ws/install/turtlesim/include/turtlesim/turtlesim/srv/detail/spawn__rosidl_typesupport_introspection_cpp.hpp
[10.232s] -- Up-to-date: /home/rian/ros2_ws/install/turtlesim/include/turtlesim/turtlesim/srv/detail/set_pen__rosidl_typesupport_introspection_cpp.hpp
[10.232s] -- Up-to-date: /home/rian/ros2_ws/install/turtlesim/include/turtlesim/turtlesim/srv/detail/teleport_absolute__rosidl_typesupport_introspection_cpp.hpp
[10.232s] -- Up-to-date: /home/rian/ros2_ws/install/turtlesim/include/turtlesim/turtlesim/srv/detail/teleport_relative__rosidl_typesupport_introspection_cpp.hpp
[10.232s] -- Up-to-date: /home/rian/ros2_ws/install/turtlesim/lib/libturtlesim__rosidl_typesupport_introspection_cpp.so
[10.232s] -- Up-to-date: /home/rian/ros2_ws/install/turtlesim/lib/libturtlesim__rosidl_typesupport_cpp.so
[10.232s] -- Up-to-date: /home/rian/ros2_ws/install/turtlesim/share/turtlesim/environment/pythonpath.sh
[10.232s] -- Up-to-date: /home/rian/ros2_ws/install/turtlesim/share/turtlesim/environment/pythonpath.dsv
[10.232s] -- Up-to-date: /home/rian/ros2_ws/install/turtlesim/local/lib/python3.10/dist-packages/turtlesim-1.4.2-py3.10.egg-info
[10.233s] -- Installing: /home/rian/ros2_ws/install/turtlesim/local/lib/python3.10/dist-packages/turtlesim-1.4.2-py3.10.egg-info/SOURCES.txt
[10.233s] -- Installing: /home/rian/ros2_ws/install/turtlesim/local/lib/python3.10/dist-packages/turtlesim-1.4.2-py3.10.egg-info/top_level.txt
[10.233s] -- Installing: /home/rian/ros2_ws/install/turtlesim/local/lib/python3.10/dist-packages/turtlesim-1.4.2-py3.10.egg-info/PKG-INFO
[10.233s] -- Installing: /home/rian/ros2_ws/install/turtlesim/local/lib/python3.10/dist-packages/turtlesim-1.4.2-py3.10.egg-info/dependency_links.txt
[10.233s] -- Up-to-date: /home/rian/ros2_ws/install/turtlesim/local/lib/python3.10/dist-packages/turtlesim
[10.233s] -- Up-to-date: /home/rian/ros2_ws/install/turtlesim/local/lib/python3.10/dist-packages/turtlesim/msg
[10.233s] -- Up-to-date: /home/rian/ros2_ws/install/turtlesim/local/lib/python3.10/dist-packages/turtlesim/msg/__init__.py
[10.233s] -- Up-to-date: /home/rian/ros2_ws/install/turtlesim/local/lib/python3.10/dist-packages/turtlesim/msg/_pose.py
[10.233s] -- Up-to-date: /home/rian/ros2_ws/install/turtlesim/local/lib/python3.10/dist-packages/turtlesim/msg/_color.py
[10.233s] -- Up-to-date: /home/rian/ros2_ws/install/turtlesim/local/lib/python3.10/dist-packages/turtlesim/msg/_color_s.c
[10.233s] -- Up-to-date: /home/rian/ros2_ws/install/turtlesim/local/lib/python3.10/dist-packages/turtlesim/msg/_pose_s.c
[10.233s] -- Up-to-date: /home/rian/ros2_ws/install/turtlesim/local/lib/python3.10/dist-packages/turtlesim/_turtlesim_s.ep.rosidl_typesupport_c.c
[10.233s] -- Up-to-date: /home/rian/ros2_ws/install/turtlesim/local/lib/python3.10/dist-packages/turtlesim/__init__.py
[10.233s] -- Up-to-date: /home/rian/ros2_ws/install/turtlesim/local/lib/python3.10/dist-packages/turtlesim/_turtlesim_s.ep.rosidl_typesupport_introspection_c.c
[10.233s] -- Up-to-date: /home/rian/ros2_ws/install/turtlesim/local/lib/python3.10/dist-packages/turtlesim/libturtlesim__rosidl_generator_py.so
[10.233s] -- Up-to-date: /home/rian/ros2_ws/install/turtlesim/local/lib/python3.10/dist-packages/turtlesim/turtlesim_s__rosidl_typesupport_c.cpython-310-x86_64-linux-gnu.so
[10.233s] -- Up-to-date: /home/rian/ros2_ws/install/turtlesim/local/lib/python3.10/dist-packages/turtlesim/_turtlesim_s.ep.rosidl_typesupport_fastrtps_c.c
[10.233s] -- Up-to-date: /home/rian/ros2_ws/install/turtlesim/local/lib/python3.10/dist-packages/turtlesim/turtlesim_s__rosidl_typesupport_introspection_c.cpython-310-x86_64-linux-gnu.so
[10.233s] -- Up-to-date: /home/rian/ros2_ws/install/turtlesim/local/lib/python3.10/dist-packages/turtlesim/action
[10.233s] -- Up-to-date: /home/rian/ros2_ws/install/turtlesim/local/lib/python3.10/dist-packages/turtlesim/action/_rotate_absolute_s.c
[10.234s] -- Up-to-date: /home/rian/ros2_ws/install/turtlesim/local/lib/python3.10/dist-packages/turtlesim/action/__init__.py
[10.234s] -- Up-to-date: /home/rian/ros2_ws/install/turtlesim/local/lib/python3.10/dist-packages/turtlesim/action/_rotate_absolute.py
[10.234s] -- Up-to-date: /home/rian/ros2_ws/install/turtlesim/local/lib/python3.10/dist-packages/turtlesim/turtlesim_s__rosidl_typesupport_fastrtps_c.cpython-310-x86_64-linux-gnu.so
[10.234s] -- Up-to-date: /home/rian/ros2_ws/install/turtlesim/local/lib/python3.10/dist-packages/turtlesim/srv
[10.234s] -- Up-to-date: /home/rian/ros2_ws/install/turtlesim/local/lib/python3.10/dist-packages/turtlesim/srv/_set_pen.py
[10.234s] -- Up-to-date: /home/rian/ros2_ws/install/turtlesim/local/lib/python3.10/dist-packages/turtlesim/srv/_teleport_absolute.py
[10.234s] -- Up-to-date: /home/rian/ros2_ws/install/turtlesim/local/lib/python3.10/dist-packages/turtlesim/srv/_set_pen_s.c
[10.234s] -- Up-to-date: /home/rian/ros2_ws/install/turtlesim/local/lib/python3.10/dist-packages/turtlesim/srv/__init__.py
[10.234s] -- Up-to-date: /home/rian/ros2_ws/install/turtlesim/local/lib/python3.10/dist-packages/turtlesim/srv/_teleport_relative_s.c
[10.234s] -- Up-to-date: /home/rian/ros2_ws/install/turtlesim/local/lib/python3.10/dist-packages/turtlesim/srv/_spawn_s.c
[10.234s] -- Up-to-date: /home/rian/ros2_ws/install/turtlesim/local/lib/python3.10/dist-packages/turtlesim/srv/_kill_s.c
[10.234s] -- Up-to-date: /home/rian/ros2_ws/install/turtlesim/local/lib/python3.10/dist-packages/turtlesim/srv/_teleport_absolute_s.c
[10.234s] -- Up-to-date: /home/rian/ros2_ws/install/turtlesim/local/lib/python3.10/dist-packages/turtlesim/srv/_spawn.py
[10.234s] -- Up-to-date: /home/rian/ros2_ws/install/turtlesim/local/lib/python3.10/dist-packages/turtlesim/srv/_kill.py
[10.234s] -- Up-to-date: /home/rian/ros2_ws/install/turtlesim/local/lib/python3.10/dist-packages/turtlesim/srv/_teleport_relative.py
[10.253s] Listing '/home/rian/ros2_ws/install/turtlesim/local/lib/python3.10/dist-packages/turtlesim'...
[10.253s] Listing '/home/rian/ros2_ws/install/turtlesim/local/lib/python3.10/dist-packages/turtlesim/action'...
[10.253s] Listing '/home/rian/ros2_ws/install/turtlesim/local/lib/python3.10/dist-packages/turtlesim/msg'...
[10.253s] Listing '/home/rian/ros2_ws/install/turtlesim/local/lib/python3.10/dist-packages/turtlesim/srv'...
[10.256s] -- Up-to-date: /home/rian/ros2_ws/install/turtlesim/local/lib/python3.10/dist-packages/turtlesim/turtlesim_s__rosidl_typesupport_fastrtps_c.cpython-310-x86_64-linux-gnu.so
[10.256s] -- Up-to-date: /home/rian/ros2_ws/install/turtlesim/local/lib/python3.10/dist-packages/turtlesim/turtlesim_s__rosidl_typesupport_introspection_c.cpython-310-x86_64-linux-gnu.so
[10.256s] -- Up-to-date: /home/rian/ros2_ws/install/turtlesim/local/lib/python3.10/dist-packages/turtlesim/turtlesim_s__rosidl_typesupport_c.cpython-310-x86_64-linux-gnu.so
[10.257s] -- Up-to-date: /home/rian/ros2_ws/install/turtlesim/lib/libturtlesim__rosidl_generator_py.so
[10.257s] -- Up-to-date: /home/rian/ros2_ws/install/turtlesim/share/turtlesim/action/RotateAbsolute.idl
[10.257s] -- Up-to-date: /home/rian/ros2_ws/install/turtlesim/share/turtlesim/msg/Color.idl
[10.257s] -- Up-to-date: /home/rian/ros2_ws/install/turtlesim/share/turtlesim/msg/Pose.idl
[10.257s] -- Up-to-date: /home/rian/ros2_ws/install/turtlesim/share/turtlesim/srv/Kill.idl
[10.257s] -- Up-to-date: /home/rian/ros2_ws/install/turtlesim/share/turtlesim/srv/SetPen.idl
[10.257s] -- Up-to-date: /home/rian/ros2_ws/install/turtlesim/share/turtlesim/srv/Spawn.idl
[10.257s] -- Up-to-date: /home/rian/ros2_ws/install/turtlesim/share/turtlesim/srv/TeleportAbsolute.idl
[10.257s] -- Up-to-date: /home/rian/ros2_ws/install/turtlesim/share/turtlesim/srv/TeleportRelative.idl
[10.257s] -- Up-to-date: /home/rian/ros2_ws/install/turtlesim/share/turtlesim/action/RotateAbsolute.action
[10.257s] -- Up-to-date: /home/rian/ros2_ws/install/turtlesim/share/turtlesim/msg/Color.msg
[10.257s] -- Up-to-date: /home/rian/ros2_ws/install/turtlesim/share/turtlesim/msg/Pose.msg
[10.257s] -- Up-to-date: /home/rian/ros2_ws/install/turtlesim/share/turtlesim/srv/Kill.srv
[10.258s] -- Up-to-date: /home/rian/ros2_ws/install/turtlesim/share/turtlesim/srv/Kill_Request.msg
[10.258s] -- Up-to-date: /home/rian/ros2_ws/install/turtlesim/share/turtlesim/srv/Kill_Response.msg
[10.258s] -- Up-to-date: /home/rian/ros2_ws/install/turtlesim/share/turtlesim/srv/SetPen.srv
[10.258s] -- Up-to-date: /home/rian/ros2_ws/install/turtlesim/share/turtlesim/srv/SetPen_Request.msg
[10.258s] -- Up-to-date: /home/rian/ros2_ws/install/turtlesim/share/turtlesim/srv/SetPen_Response.msg
[10.258s] -- Up-to-date: /home/rian/ros2_ws/install/turtlesim/share/turtlesim/srv/Spawn.srv
[10.258s] -- Up-to-date: /home/rian/ros2_ws/install/turtlesim/share/turtlesim/srv/Spawn_Request.msg
[10.258s] -- Up-to-date: /home/rian/ros2_ws/install/turtlesim/share/turtlesim/srv/Spawn_Response.msg
[10.258s] -- Up-to-date: /home/rian/ros2_ws/install/turtlesim/share/turtlesim/srv/TeleportAbsolute.srv
[10.258s] -- Up-to-date: /home/rian/ros2_ws/install/turtlesim/share/turtlesim/srv/TeleportAbsolute_Request.msg
[10.258s] -- Up-to-date: /home/rian/ros2_ws/install/turtlesim/share/turtlesim/srv/TeleportAbsolute_Response.msg
[10.258s] -- Up-to-date: /home/rian/ros2_ws/install/turtlesim/share/turtlesim/srv/TeleportRelative.srv
[10.258s] -- Up-to-date: /home/rian/ros2_ws/install/turtlesim/share/turtlesim/srv/TeleportRelative_Request.msg
[10.258s] -- Up-to-date: /home/rian/ros2_ws/install/turtlesim/share/turtlesim/srv/TeleportRelative_Response.msg
[10.258s] -- Installing: /home/rian/ros2_ws/install/turtlesim/lib/turtlesim/turtlesim_node
[10.268s] -- Set runtime path of "/home/rian/ros2_ws/install/turtlesim/lib/turtlesim/turtlesim_node" to ""
[10.268s] -- Up-to-date: /home/rian/ros2_ws/install/turtlesim/lib/turtlesim/turtle_teleop_key
[10.269s] -- Up-to-date: /home/rian/ros2_ws/install/turtlesim/lib/turtlesim/draw_square
[10.269s] -- Up-to-date: /home/rian/ros2_ws/install/turtlesim/lib/turtlesim/mimic
[10.269s] -- Up-to-date: /home/rian/ros2_ws/install/turtlesim/share/turtlesim/images
[10.269s] -- Up-to-date: /home/rian/ros2_ws/install/turtlesim/share/turtlesim/images/foxy.png
[10.269s] -- Up-to-date: /home/rian/ros2_ws/install/turtlesim/share/turtlesim/images/galactic.png
[10.269s] -- Up-to-date: /home/rian/ros2_ws/install/turtlesim/share/turtlesim/images/rolling.png
[10.269s] -- Up-to-date: /home/rian/ros2_ws/install/turtlesim/share/turtlesim/images/crystal.png
[10.269s] -- Up-to-date: /home/rian/ros2_ws/install/turtlesim/share/turtlesim/images/bouncy.png
[10.269s] -- Up-to-date: /home/rian/ros2_ws/install/turtlesim/share/turtlesim/images/ardent.png
[10.269s] -- Up-to-date: /home/rian/ros2_ws/install/turtlesim/share/turtlesim/images/eloquent.png
[10.269s] -- Up-to-date: /home/rian/ros2_ws/install/turtlesim/share/turtlesim/images/humble.png
[10.269s] -- Up-to-date: /home/rian/ros2_ws/install/turtlesim/share/turtlesim/images/dashing.png
[10.270s] -- Up-to-date: /home/rian/ros2_ws/install/turtlesim/share/turtlesim/launch
[10.270s] -- Up-to-date: /home/rian/ros2_ws/install/turtlesim/share/turtlesim/launch/multisim.launch.py
[10.270s] -- Up-to-date: /home/rian/ros2_ws/install/turtlesim/share/ament_index/resource_index/package_run_dependencies/turtlesim
[10.270s] -- Up-to-date: /home/rian/ros2_ws/install/turtlesim/share/ament_index/resource_index/parent_prefix_path/turtlesim
[10.270s] -- Up-to-date: /home/rian/ros2_ws/install/turtlesim/share/turtlesim/environment/ament_prefix_path.sh
[10.270s] -- Up-to-date: /home/rian/ros2_ws/install/turtlesim/share/turtlesim/environment/ament_prefix_path.dsv
[10.270s] -- Up-to-date: /home/rian/ros2_ws/install/turtlesim/share/turtlesim/environment/path.sh
[10.270s] -- Up-to-date: /home/rian/ros2_ws/install/turtlesim/share/turtlesim/environment/path.dsv
[10.270s] -- Up-to-date: /home/rian/ros2_ws/install/turtlesim/share/turtlesim/local_setup.bash
[10.270s] -- Up-to-date: /home/rian/ros2_ws/install/turtlesim/share/turtlesim/local_setup.sh
[10.270s] -- Up-to-date: /home/rian/ros2_ws/install/turtlesim/share/turtlesim/local_setup.zsh
[10.270s] -- Up-to-date: /home/rian/ros2_ws/install/turtlesim/share/turtlesim/local_setup.dsv
[10.270s] -- Installing: /home/rian/ros2_ws/install/turtlesim/share/turtlesim/package.dsv
[10.270s] -- Up-to-date: /home/rian/ros2_ws/install/turtlesim/share/ament_index/resource_index/packages/turtlesim
[10.270s] -- Up-to-date: /home/rian/ros2_ws/install/turtlesim/share/turtlesim/cmake/export_turtlesim__rosidl_generator_cExport.cmake
[10.270s] -- Up-to-date: /home/rian/ros2_ws/install/turtlesim/share/turtlesim/cmake/export_turtlesim__rosidl_generator_cExport-noconfig.cmake
[10.270s] -- Up-to-date: /home/rian/ros2_ws/install/turtlesim/share/turtlesim/cmake/export_turtlesim__rosidl_typesupport_fastrtps_cExport.cmake
[10.270s] -- Up-to-date: /home/rian/ros2_ws/install/turtlesim/share/turtlesim/cmake/export_turtlesim__rosidl_typesupport_fastrtps_cExport-noconfig.cmake
[10.271s] -- Up-to-date: /home/rian/ros2_ws/install/turtlesim/share/turtlesim/cmake/export_turtlesim__rosidl_generator_cppExport.cmake
[10.271s] -- Up-to-date: /home/rian/ros2_ws/install/turtlesim/share/turtlesim/cmake/export_turtlesim__rosidl_typesupport_fastrtps_cppExport.cmake
[10.271s] -- Up-to-date: /home/rian/ros2_ws/install/turtlesim/share/turtlesim/cmake/export_turtlesim__rosidl_typesupport_fastrtps_cppExport-noconfig.cmake
[10.271s] -- Up-to-date: /home/rian/ros2_ws/install/turtlesim/share/turtlesim/cmake/turtlesim__rosidl_typesupport_introspection_cExport.cmake
[10.271s] -- Up-to-date: /home/rian/ros2_ws/install/turtlesim/share/turtlesim/cmake/turtlesim__rosidl_typesupport_introspection_cExport-noconfig.cmake
[10.271s] -- Up-to-date: /home/rian/ros2_ws/install/turtlesim/share/turtlesim/cmake/turtlesim__rosidl_typesupport_cExport.cmake
[10.271s] -- Up-to-date: /home/rian/ros2_ws/install/turtlesim/share/turtlesim/cmake/turtlesim__rosidl_typesupport_cExport-noconfig.cmake
[10.271s] -- Up-to-date: /home/rian/ros2_ws/install/turtlesim/share/turtlesim/cmake/turtlesim__rosidl_typesupport_introspection_cppExport.cmake
[10.271s] -- Up-to-date: /home/rian/ros2_ws/install/turtlesim/share/turtlesim/cmake/turtlesim__rosidl_typesupport_introspection_cppExport-noconfig.cmake
[10.271s] -- Up-to-date: /home/rian/ros2_ws/install/turtlesim/share/turtlesim/cmake/turtlesim__rosidl_typesupport_cppExport.cmake
[10.271s] -- Up-to-date: /home/rian/ros2_ws/install/turtlesim/share/turtlesim/cmake/turtlesim__rosidl_typesupport_cppExport-noconfig.cmake
[10.271s] -- Up-to-date: /home/rian/ros2_ws/install/turtlesim/share/turtlesim/cmake/export_turtlesim__rosidl_generator_pyExport.cmake
[10.271s] -- Up-to-date: /home/rian/ros2_ws/install/turtlesim/share/turtlesim/cmake/export_turtlesim__rosidl_generator_pyExport-noconfig.cmake
[10.271s] -- Up-to-date: /home/rian/ros2_ws/install/turtlesim/share/turtlesim/cmake/rosidl_cmake-extras.cmake
[10.271s] -- Up-to-date: /home/rian/ros2_ws/install/turtlesim/share/turtlesim/cmake/ament_cmake_export_dependencies-extras.cmake
[10.271s] -- Up-to-date: /home/rian/ros2_ws/install/turtlesim/share/turtlesim/cmake/ament_cmake_export_include_directories-extras.cmake
[10.271s] -- Up-to-date: /home/rian/ros2_ws/install/turtlesim/share/turtlesim/cmake/ament_cmake_export_libraries-extras.cmake
[10.271s] -- Up-to-date: /home/rian/ros2_ws/install/turtlesim/share/turtlesim/cmake/ament_cmake_export_targets-extras.cmake
[10.271s] -- Up-to-date: /home/rian/ros2_ws/install/turtlesim/share/turtlesim/cmake/rosidl_cmake_export_typesupport_targets-extras.cmake
[10.271s] -- Up-to-date: /home/rian/ros2_ws/install/turtlesim/share/turtlesim/cmake/rosidl_cmake_export_typesupport_libraries-extras.cmake
[10.272s] -- Up-to-date: /home/rian/ros2_ws/install/turtlesim/share/turtlesim/cmake/turtlesimConfig.cmake
[10.272s] -- Up-to-date: /home/rian/ros2_ws/install/turtlesim/share/turtlesim/cmake/turtlesimConfig-version.cmake
[10.272s] -- Up-to-date: /home/rian/ros2_ws/install/turtlesim/share/turtlesim/package.xml
[10.377s] Invoked command in '/home/rian/ros2_ws/build/turtlesim' returned '0': CMAKE_PREFIX_PATH=${CMAKE_PREFIX_PATH}:/home/rian/ros2_ws/install/launch_testing_examples:/home/rian/ros2_ws/install/examples_rclpy_pointcloud_publisher:/home/rian/ros2_ws/install/examples_rclpy_minimal_subscriber:/home/rian/ros2_ws/install/examples_rclpy_minimal_service:/home/rian/ros2_ws/install/examples_rclpy_minimal_publisher:/home/rian/ros2_ws/install/examples_rclpy_minimal_client:/home/rian/ros2_ws/install/examples_rclpy_minimal_action_server:/home/rian/ros2_ws/install/examples_rclpy_minimal_action_client:/home/rian/ros2_ws/install/examples_rclpy_guard_conditions:/home/rian/ros2_ws/install/examples_rclpy_executors:/opt/ros/humble /usr/bin/cmake --install /home/rian/ros2_ws/build/turtlesim
