[0.064s] Invoking command in '/home/rian/ros2_ws/build/examples_rclcpp_multithreaded_executor': CMAKE_PREFIX_PATH=${CMAKE_PREFIX_PATH}:/home/rian/ros2_ws/install/launch_testing_examples:/home/rian/ros2_ws/install/examples_rclpy_pointcloud_publisher:/home/rian/ros2_ws/install/examples_rclpy_minimal_subscriber:/home/rian/ros2_ws/install/examples_rclpy_minimal_service:/home/rian/ros2_ws/install/examples_rclpy_minimal_publisher:/home/rian/ros2_ws/install/examples_rclpy_minimal_client:/home/rian/ros2_ws/install/examples_rclpy_minimal_action_server:/home/rian/ros2_ws/install/examples_rclpy_minimal_action_client:/home/rian/ros2_ws/install/examples_rclpy_guard_conditions:/home/rian/ros2_ws/install/examples_rclpy_executors:/opt/ros/humble /usr/bin/cmake --build /home/rian/ros2_ws/build/examples_rclcpp_multithreaded_executor -- -j20 -l20
[1.584s] [100%] Built target multithreaded_executor
[1.588s] Invoked command in '/home/rian/ros2_ws/build/examples_rclcpp_multithreaded_executor' returned '0': CMAKE_PREFIX_PATH=${CMAKE_PREFIX_PATH}:/home/rian/ros2_ws/install/launch_testing_examples:/home/rian/ros2_ws/install/examples_rclpy_pointcloud_publisher:/home/rian/ros2_ws/install/examples_rclpy_minimal_subscriber:/home/rian/ros2_ws/install/examples_rclpy_minimal_service:/home/rian/ros2_ws/install/examples_rclpy_minimal_publisher:/home/rian/ros2_ws/install/examples_rclpy_minimal_client:/home/rian/ros2_ws/install/examples_rclpy_minimal_action_server:/home/rian/ros2_ws/install/examples_rclpy_minimal_action_client:/home/rian/ros2_ws/install/examples_rclpy_guard_conditions:/home/rian/ros2_ws/install/examples_rclpy_executors:/opt/ros/humble /usr/bin/cmake --build /home/rian/ros2_ws/build/examples_rclcpp_multithreaded_executor -- -j20 -l20
[1.631s] Invoking command in '/home/rian/ros2_ws/build/examples_rclcpp_multithreaded_executor': CMAKE_PREFIX_PATH=${CMAKE_PREFIX_PATH}:/home/rian/ros2_ws/install/launch_testing_examples:/home/rian/ros2_ws/install/examples_rclpy_pointcloud_publisher:/home/rian/ros2_ws/install/examples_rclpy_minimal_subscriber:/home/rian/ros2_ws/install/examples_rclpy_minimal_service:/home/rian/ros2_ws/install/examples_rclpy_minimal_publisher:/home/rian/ros2_ws/install/examples_rclpy_minimal_client:/home/rian/ros2_ws/install/examples_rclpy_minimal_action_server:/home/rian/ros2_ws/install/examples_rclpy_minimal_action_client:/home/rian/ros2_ws/install/examples_rclpy_guard_conditions:/home/rian/ros2_ws/install/examples_rclpy_executors:/opt/ros/humble /usr/bin/cmake --install /home/rian/ros2_ws/build/examples_rclcpp_multithreaded_executor
[1.655s] -- Install configuration: ""
[1.657s] -- Up-to-date: /home/rian/ros2_ws/install/examples_rclcpp_multithreaded_executor/lib/examples_rclcpp_multithreaded_executor/multithreaded_executor
[1.658s] -- Up-to-date: /home/rian/ros2_ws/install/examples_rclcpp_multithreaded_executor/share/ament_index/resource_index/package_run_dependencies/examples_rclcpp_multithreaded_executor
[1.658s] -- Up-to-date: /home/rian/ros2_ws/install/examples_rclcpp_multithreaded_executor/share/ament_index/resource_index/parent_prefix_path/examples_rclcpp_multithreaded_executor
[1.658s] -- Up-to-date: /home/rian/ros2_ws/install/examples_rclcpp_multithreaded_executor/share/examples_rclcpp_multithreaded_executor/environment/ament_prefix_path.sh
[1.658s] -- Up-to-date: /home/rian/ros2_ws/install/examples_rclcpp_multithreaded_executor/share/examples_rclcpp_multithreaded_executor/environment/ament_prefix_path.dsv
[1.659s] -- Up-to-date: /home/rian/ros2_ws/install/examples_rclcpp_multithreaded_executor/share/examples_rclcpp_multithreaded_executor/environment/path.sh
[1.659s] -- Up-to-date: /home/rian/ros2_ws/install/examples_rclcpp_multithreaded_executor/share/examples_rclcpp_multithreaded_executor/environment/path.dsv
[1.659s] -- Up-to-date: /home/rian/ros2_ws/install/examples_rclcpp_multithreaded_executor/share/examples_rclcpp_multithreaded_executor/local_setup.bash
[1.659s] -- Up-to-date: /home/rian/ros2_ws/install/examples_rclcpp_multithreaded_executor/share/examples_rclcpp_multithreaded_executor/local_setup.sh
[1.660s] -- Up-to-date: /home/rian/ros2_ws/install/examples_rclcpp_multithreaded_executor/share/examples_rclcpp_multithreaded_executor/local_setup.zsh
[1.660s] -- Up-to-date: /home/rian/ros2_ws/install/examples_rclcpp_multithreaded_executor/share/examples_rclcpp_multithreaded_executor/local_setup.dsv
[1.661s] -- Installing: /home/rian/ros2_ws/install/examples_rclcpp_multithreaded_executor/share/examples_rclcpp_multithreaded_executor/package.dsv
[1.661s] -- Up-to-date: /home/rian/ros2_ws/install/examples_rclcpp_multithreaded_executor/share/ament_index/resource_index/packages/examples_rclcpp_multithreaded_executor
[1.662s] -- Up-to-date: /home/rian/ros2_ws/install/examples_rclcpp_multithreaded_executor/share/examples_rclcpp_multithreaded_executor/cmake/examples_rclcpp_multithreaded_executorConfig.cmake
[1.662s] -- Up-to-date: /home/rian/ros2_ws/install/examples_rclcpp_multithreaded_executor/share/examples_rclcpp_multithreaded_executor/cmake/examples_rclcpp_multithreaded_executorConfig-version.cmake
[1.662s] -- Up-to-date: /home/rian/ros2_ws/install/examples_rclcpp_multithreaded_executor/share/examples_rclcpp_multithreaded_executor/package.xml
[1.706s] Invoked command in '/home/rian/ros2_ws/build/examples_rclcpp_multithreaded_executor' returned '0': CMAKE_PREFIX_PATH=${CMAKE_PREFIX_PATH}:/home/rian/ros2_ws/install/launch_testing_examples:/home/rian/ros2_ws/install/examples_rclpy_pointcloud_publisher:/home/rian/ros2_ws/install/examples_rclpy_minimal_subscriber:/home/rian/ros2_ws/install/examples_rclpy_minimal_service:/home/rian/ros2_ws/install/examples_rclpy_minimal_publisher:/home/rian/ros2_ws/install/examples_rclpy_minimal_client:/home/rian/ros2_ws/install/examples_rclpy_minimal_action_server:/home/rian/ros2_ws/install/examples_rclpy_minimal_action_client:/home/rian/ros2_ws/install/examples_rclpy_guard_conditions:/home/rian/ros2_ws/install/examples_rclpy_executors:/opt/ros/humble /usr/bin/cmake --install /home/rian/ros2_ws/build/examples_rclcpp_multithreaded_executor
