[0.067s] Invoking command in '/home/rian/ros2_ws/build/examples_rclcpp_minimal_client': CMAKE_PREFIX_PATH=${CMAKE_PREFIX_PATH}:/home/rian/ros2_ws/install/launch_testing_examples:/home/rian/ros2_ws/install/examples_rclpy_pointcloud_publisher:/home/rian/ros2_ws/install/examples_rclpy_minimal_subscriber:/home/rian/ros2_ws/install/examples_rclpy_minimal_service:/home/rian/ros2_ws/install/examples_rclpy_minimal_publisher:/home/rian/ros2_ws/install/examples_rclpy_minimal_client:/home/rian/ros2_ws/install/examples_rclpy_minimal_action_server:/home/rian/ros2_ws/install/examples_rclpy_minimal_action_client:/home/rian/ros2_ws/install/examples_rclpy_guard_conditions:/home/rian/ros2_ws/install/examples_rclpy_executors:/opt/ros/humble /usr/bin/cmake --build /home/rian/ros2_ws/build/examples_rclcpp_minimal_client -- -j20 -l20
[1.595s] [100%] Built target client_main
[1.604s] Invoked command in '/home/rian/ros2_ws/build/examples_rclcpp_minimal_client' returned '0': CMAKE_PREFIX_PATH=${CMAKE_PREFIX_PATH}:/home/rian/ros2_ws/install/launch_testing_examples:/home/rian/ros2_ws/install/examples_rclpy_pointcloud_publisher:/home/rian/ros2_ws/install/examples_rclpy_minimal_subscriber:/home/rian/ros2_ws/install/examples_rclpy_minimal_service:/home/rian/ros2_ws/install/examples_rclpy_minimal_publisher:/home/rian/ros2_ws/install/examples_rclpy_minimal_client:/home/rian/ros2_ws/install/examples_rclpy_minimal_action_server:/home/rian/ros2_ws/install/examples_rclpy_minimal_action_client:/home/rian/ros2_ws/install/examples_rclpy_guard_conditions:/home/rian/ros2_ws/install/examples_rclpy_executors:/opt/ros/humble /usr/bin/cmake --build /home/rian/ros2_ws/build/examples_rclcpp_minimal_client -- -j20 -l20
[1.645s] Invoking command in '/home/rian/ros2_ws/build/examples_rclcpp_minimal_client': CMAKE_PREFIX_PATH=${CMAKE_PREFIX_PATH}:/home/rian/ros2_ws/install/launch_testing_examples:/home/rian/ros2_ws/install/examples_rclpy_pointcloud_publisher:/home/rian/ros2_ws/install/examples_rclpy_minimal_subscriber:/home/rian/ros2_ws/install/examples_rclpy_minimal_service:/home/rian/ros2_ws/install/examples_rclpy_minimal_publisher:/home/rian/ros2_ws/install/examples_rclpy_minimal_client:/home/rian/ros2_ws/install/examples_rclpy_minimal_action_server:/home/rian/ros2_ws/install/examples_rclpy_minimal_action_client:/home/rian/ros2_ws/install/examples_rclpy_guard_conditions:/home/rian/ros2_ws/install/examples_rclpy_executors:/opt/ros/humble /usr/bin/cmake --install /home/rian/ros2_ws/build/examples_rclcpp_minimal_client
[1.663s] -- Install configuration: ""
[1.663s] -- Up-to-date: /home/rian/ros2_ws/install/examples_rclcpp_minimal_client/lib/examples_rclcpp_minimal_client/client_main
[1.663s] -- Up-to-date: /home/rian/ros2_ws/install/examples_rclcpp_minimal_client/share/ament_index/resource_index/package_run_dependencies/examples_rclcpp_minimal_client
[1.663s] -- Up-to-date: /home/rian/ros2_ws/install/examples_rclcpp_minimal_client/share/ament_index/resource_index/parent_prefix_path/examples_rclcpp_minimal_client
[1.663s] -- Up-to-date: /home/rian/ros2_ws/install/examples_rclcpp_minimal_client/share/examples_rclcpp_minimal_client/environment/ament_prefix_path.sh
[1.663s] -- Up-to-date: /home/rian/ros2_ws/install/examples_rclcpp_minimal_client/share/examples_rclcpp_minimal_client/environment/ament_prefix_path.dsv
[1.669s] -- Up-to-date: /home/rian/ros2_ws/install/examples_rclcpp_minimal_client/share/examples_rclcpp_minimal_client/environment/path.sh
[1.669s] -- Up-to-date: /home/rian/ros2_ws/install/examples_rclcpp_minimal_client/share/examples_rclcpp_minimal_client/environment/path.dsv
[1.669s] -- Up-to-date: /home/rian/ros2_ws/install/examples_rclcpp_minimal_client/share/examples_rclcpp_minimal_client/local_setup.bash
[1.669s] -- Up-to-date: /home/rian/ros2_ws/install/examples_rclcpp_minimal_client/share/examples_rclcpp_minimal_client/local_setup.sh
[1.670s] -- Up-to-date: /home/rian/ros2_ws/install/examples_rclcpp_minimal_client/share/examples_rclcpp_minimal_client/local_setup.zsh
[1.670s] -- Up-to-date: /home/rian/ros2_ws/install/examples_rclcpp_minimal_client/share/examples_rclcpp_minimal_client/local_setup.dsv
[1.670s] -- Installing: /home/rian/ros2_ws/install/examples_rclcpp_minimal_client/share/examples_rclcpp_minimal_client/package.dsv
[1.670s] -- Up-to-date: /home/rian/ros2_ws/install/examples_rclcpp_minimal_client/share/ament_index/resource_index/packages/examples_rclcpp_minimal_client
[1.670s] -- Up-to-date: /home/rian/ros2_ws/install/examples_rclcpp_minimal_client/share/examples_rclcpp_minimal_client/cmake/examples_rclcpp_minimal_clientConfig.cmake
[1.671s] -- Up-to-date: /home/rian/ros2_ws/install/examples_rclcpp_minimal_client/share/examples_rclcpp_minimal_client/cmake/examples_rclcpp_minimal_clientConfig-version.cmake
[1.671s] -- Up-to-date: /home/rian/ros2_ws/install/examples_rclcpp_minimal_client/share/examples_rclcpp_minimal_client/package.xml
[1.707s] Invoked command in '/home/rian/ros2_ws/build/examples_rclcpp_minimal_client' returned '0': CMAKE_PREFIX_PATH=${CMAKE_PREFIX_PATH}:/home/rian/ros2_ws/install/launch_testing_examples:/home/rian/ros2_ws/install/examples_rclpy_pointcloud_publisher:/home/rian/ros2_ws/install/examples_rclpy_minimal_subscriber:/home/rian/ros2_ws/install/examples_rclpy_minimal_service:/home/rian/ros2_ws/install/examples_rclpy_minimal_publisher:/home/rian/ros2_ws/install/examples_rclpy_minimal_client:/home/rian/ros2_ws/install/examples_rclpy_minimal_action_server:/home/rian/ros2_ws/install/examples_rclpy_minimal_action_client:/home/rian/ros2_ws/install/examples_rclpy_guard_conditions:/home/rian/ros2_ws/install/examples_rclpy_executors:/opt/ros/humble /usr/bin/cmake --install /home/rian/ros2_ws/build/examples_rclcpp_minimal_client
