[1.313s] Invoking command in '/home/rian/ros2_ws/build/turtlesim': CMAKE_PREFIX_PATH=/opt/ros/humble /usr/bin/cmake /home/rian/ros2_ws/src/ros_tutorials/turtlesim -DCMAKE_INSTALL_PREFIX=/home/rian/ros2_ws/install/turtlesim
[1.423s] -- The C compiler identification is GNU 11.4.0
[1.609s] -- The CXX compiler identification is GNU 11.4.0
[1.624s] -- Detecting C compiler ABI info
[1.956s] -- Detecting C compiler ABI info - done
[1.965s] -- Check for working C compiler: /usr/bin/cc - skipped
[1.965s] -- Detecting C compile features
[1.965s] -- Detecting C compile features - done
[1.969s] -- Detecting CXX compiler ABI info
[2.125s] -- Detecting CXX compiler ABI info - done
[2.137s] -- Check for working CXX compiler: /usr/bin/c++ - skipped
[2.138s] -- Detecting CXX compile features
[2.138s] -- Detecting CXX compile features - done
[2.141s] -- Found ament_cmake: 1.3.9 (/opt/ros/humble/share/ament_cmake/cmake)
[2.355s] -- Found Python3: /usr/bin/python3 (found version "3.10.12") found components: Interpreter 
[2.458s] -- Found ament_index_cpp: 1.4.0 (/opt/ros/humble/share/ament_index_cpp/cmake)
[2.474s] -- Found geometry_msgs: 4.2.4 (/opt/ros/humble/share/geometry_msgs/cmake)
[2.515s] -- Found rosidl_generator_c: 3.1.5 (/opt/ros/humble/share/rosidl_generator_c/cmake)
[2.521s] -- Found rosidl_adapter: 3.1.5 (/opt/ros/humble/share/rosidl_adapter/cmake)
[2.530s] -- Found rosidl_generator_cpp: 3.1.5 (/opt/ros/humble/share/rosidl_generator_cpp/cmake)
[2.548s] -- Using all available rosidl_typesupport_c: rosidl_typesupport_fastrtps_c;rosidl_typesupport_introspection_c
[2.573s] -- Using all available rosidl_typesupport_cpp: rosidl_typesupport_fastrtps_cpp;rosidl_typesupport_introspection_cpp
[2.888s] -- Found rclcpp: 16.0.9 (/opt/ros/humble/share/rclcpp/cmake)
[2.982s] -- Found rmw_implementation_cmake: 6.1.2 (/opt/ros/humble/share/rmw_implementation_cmake/cmake)
[2.985s] -- Found rmw_fastrtps_cpp: 6.2.6 (/opt/ros/humble/share/rmw_fastrtps_cpp/cmake)
[3.111s] -- Found OpenSSL: /usr/lib/x86_64-linux-gnu/libcrypto.so (found version "3.0.2")  
[3.147s] -- Found FastRTPS: /opt/ros/humble/include  
[3.209s] -- Using RMW implementation 'rmw_fastrtps_cpp' as default
[3.220s] -- Looking for pthread.h
[3.471s] -- Looking for pthread.h - found
[3.471s] -- Performing Test CMAKE_HAVE_LIBC_PTHREAD
[3.868s] -- Performing Test CMAKE_HAVE_LIBC_PTHREAD - Success
[3.868s] -- Found Threads: TRUE  
[4.110s] -- Found rclcpp_action: 16.0.9 (/opt/ros/humble/share/rclcpp_action/cmake)
[4.686s] -- Found rosidl_default_generators: 1.2.0 (/opt/ros/humble/share/rosidl_default_generators/cmake)
[4.770s] -- Found std_srvs: 4.2.4 (/opt/ros/humble/share/std_srvs/cmake)
[5.856s] -- Found ament_cmake_ros: 0.10.0 (/opt/ros/humble/share/ament_cmake_ros/cmake)
[6.906s] -- Using all available rosidl_typesupport_c: rosidl_typesupport_fastrtps_c;rosidl_typesupport_introspection_c
[7.802s] -- Using all available rosidl_typesupport_cpp: rosidl_typesupport_fastrtps_cpp;rosidl_typesupport_introspection_cpp
[7.910s] -- Found PythonInterp: /usr/bin/python3 (found suitable version "3.10.12", minimum required is "3.6") 
[8.118s] -- Found python_cmake_module: 0.10.0 (/opt/ros/humble/share/python_cmake_module/cmake)
[8.276s] -- Found PythonLibs: /usr/lib/x86_64-linux-gnu/libpython3.10.so (found suitable version "3.10.12", minimum required is "3.5") 
[8.276s] -- Using PYTHON_EXECUTABLE: /usr/bin/python3
[8.276s] -- Using PYTHON_INCLUDE_DIRS: /usr/include/python3.10
[8.276s] -- Using PYTHON_LIBRARIES: /usr/lib/x86_64-linux-gnu/libpython3.10.so
[8.351s] -- Found PythonExtra: .so  
[8.698s] -- Configuring done
[8.905s] -- Generating done
[8.910s] -- Build files have been written to: /home/rian/ros2_ws/build/turtlesim
[8.976s] Invoked command in '/home/rian/ros2_ws/build/turtlesim' returned '0': CMAKE_PREFIX_PATH=/opt/ros/humble /usr/bin/cmake /home/rian/ros2_ws/src/ros_tutorials/turtlesim -DCMAKE_INSTALL_PREFIX=/home/rian/ros2_ws/install/turtlesim
[8.977s] Invoking command in '/home/rian/ros2_ws/build/turtlesim': CMAKE_PREFIX_PATH=/opt/ros/humble /usr/bin/cmake --build /home/rian/ros2_ws/build/turtlesim -- -j20 -l20
[9.052s] [  1%] [34m[1mGenerating C code for ROS interfaces[0m
[9.132s] [  2%] [34m[1mGenerating C++ code for ROS interfaces[0m
[9.197s] [  2%] Built target ament_cmake_python_copy_turtlesim
[9.674s] running egg_info
[9.684s] creating turtlesim.egg-info
[9.685s] writing turtlesim.egg-info/PKG-INFO
[9.686s] writing dependency_links to turtlesim.egg-info/dependency_links.txt
[9.686s] writing top-level names to turtlesim.egg-info/top_level.txt
[9.686s] writing manifest file 'turtlesim.egg-info/SOURCES.txt'
[9.693s] reading manifest file 'turtlesim.egg-info/SOURCES.txt'
[9.694s] writing manifest file 'turtlesim.egg-info/SOURCES.txt'
[9.788s] [  2%] Built target ament_cmake_python_build_turtlesim_egg
[11.497s] [  2%] Built target turtlesim__cpp
[11.507s] [  3%] [34m[1mGenerating C++ type support dispatch for ROS interfaces[0m
[11.561s] [  4%] [34m[1mGenerating C++ type support for eProsima Fast-RTPS[0m
[11.581s] [  5%] [34m[1mGenerating C++ introspection for ROS interfaces[0m
[12.091s] [  6%] [32mBuilding C object CMakeFiles/turtlesim__rosidl_generator_c.dir/rosidl_generator_c/turtlesim/msg/detail/color__functions.c.o[0m
[12.101s] [  7%] [32mBuilding C object CMakeFiles/turtlesim__rosidl_generator_c.dir/rosidl_generator_c/turtlesim/action/detail/rotate_absolute__functions.c.o[0m
[12.154s] [  8%] [32mBuilding C object CMakeFiles/turtlesim__rosidl_generator_c.dir/rosidl_generator_c/turtlesim/msg/detail/pose__functions.c.o[0m
[12.183s] [  9%] [32mBuilding C object CMakeFiles/turtlesim__rosidl_generator_c.dir/rosidl_generator_c/turtlesim/srv/detail/teleport_absolute__functions.c.o[0m
[12.200s] [ 11%] [32mBuilding C object CMakeFiles/turtlesim__rosidl_generator_c.dir/rosidl_generator_c/turtlesim/srv/detail/spawn__functions.c.o[0m
[12.201s] [ 11%] [32mBuilding C object CMakeFiles/turtlesim__rosidl_generator_c.dir/rosidl_generator_c/turtlesim/srv/detail/kill__functions.c.o[0m
[12.203s] [ 13%] [32mBuilding C object CMakeFiles/turtlesim__rosidl_generator_c.dir/rosidl_generator_c/turtlesim/srv/detail/set_pen__functions.c.o[0m
[12.203s] [ 13%] [32mBuilding C object CMakeFiles/turtlesim__rosidl_generator_c.dir/rosidl_generator_c/turtlesim/srv/detail/teleport_relative__functions.c.o[0m
[12.943s] [ 14%] [32mBuilding CXX object CMakeFiles/turtlesim__rosidl_typesupport_cpp.dir/rosidl_typesupport_cpp/turtlesim/action/rotate_absolute__type_support.cpp.o[0m
[12.954s] [ 15%] [32mBuilding CXX object CMakeFiles/turtlesim__rosidl_typesupport_cpp.dir/rosidl_typesupport_cpp/turtlesim/msg/pose__type_support.cpp.o[0m
[12.956s] [ 16%] [32mBuilding CXX object CMakeFiles/turtlesim__rosidl_typesupport_cpp.dir/rosidl_typesupport_cpp/turtlesim/msg/color__type_support.cpp.o[0m
[13.009s] [ 17%] [32mBuilding CXX object CMakeFiles/turtlesim__rosidl_typesupport_cpp.dir/rosidl_typesupport_cpp/turtlesim/srv/kill__type_support.cpp.o[0m
[13.108s] [ 18%] [32mBuilding CXX object CMakeFiles/turtlesim__rosidl_typesupport_cpp.dir/rosidl_typesupport_cpp/turtlesim/srv/set_pen__type_support.cpp.o[0m
[13.108s] [ 19%] [32mBuilding CXX object CMakeFiles/turtlesim__rosidl_typesupport_cpp.dir/rosidl_typesupport_cpp/turtlesim/srv/spawn__type_support.cpp.o[0m
[13.110s] [ 20%] [32mBuilding CXX object CMakeFiles/turtlesim__rosidl_typesupport_cpp.dir/rosidl_typesupport_cpp/turtlesim/srv/teleport_absolute__type_support.cpp.o[0m
[13.116s] [ 21%] [32mBuilding CXX object CMakeFiles/turtlesim__rosidl_typesupport_cpp.dir/rosidl_typesupport_cpp/turtlesim/srv/teleport_relative__type_support.cpp.o[0m
[13.135s] [ 22%] [32mBuilding CXX object CMakeFiles/turtlesim__rosidl_typesupport_introspection_cpp.dir/rosidl_typesupport_introspection_cpp/turtlesim/action/detail/rotate_absolute__type_support.cpp.o[0m
[13.160s] [ 23%] [32mBuilding CXX object CMakeFiles/turtlesim__rosidl_typesupport_introspection_cpp.dir/rosidl_typesupport_introspection_cpp/turtlesim/msg/detail/color__type_support.cpp.o[0m
[13.184s] [ 24%] [32mBuilding CXX object CMakeFiles/turtlesim__rosidl_typesupport_introspection_cpp.dir/rosidl_typesupport_introspection_cpp/turtlesim/msg/detail/pose__type_support.cpp.o[0m
[13.746s] [ 25%] [32mBuilding CXX object CMakeFiles/turtlesim__rosidl_typesupport_introspection_cpp.dir/rosidl_typesupport_introspection_cpp/turtlesim/srv/detail/kill__type_support.cpp.o[0m
[13.788s] [ 26%] [32mBuilding CXX object CMakeFiles/turtlesim__rosidl_typesupport_introspection_cpp.dir/rosidl_typesupport_introspection_cpp/turtlesim/srv/detail/set_pen__type_support.cpp.o[0m
[13.796s] [ 27%] [32mBuilding CXX object CMakeFiles/turtlesim__rosidl_typesupport_introspection_cpp.dir/rosidl_typesupport_introspection_cpp/turtlesim/srv/detail/spawn__type_support.cpp.o[0m
[13.815s] [ 28%] [32mBuilding CXX object CMakeFiles/turtlesim__rosidl_typesupport_introspection_cpp.dir/rosidl_typesupport_introspection_cpp/turtlesim/srv/detail/teleport_absolute__type_support.cpp.o[0m
[13.844s] [ 29%] [32mBuilding CXX object CMakeFiles/turtlesim__rosidl_typesupport_fastrtps_cpp.dir/rosidl_typesupport_fastrtps_cpp/turtlesim/msg/detail/dds_fastrtps/pose__type_support.cpp.o[0m
[13.852s] [ 30%] [32mBuilding CXX object CMakeFiles/turtlesim__rosidl_typesupport_fastrtps_cpp.dir/rosidl_typesupport_fastrtps_cpp/turtlesim/action/detail/dds_fastrtps/rotate_absolute__type_support.cpp.o[0m
[13.853s] [ 31%] [32mBuilding CXX object CMakeFiles/turtlesim__rosidl_typesupport_fastrtps_cpp.dir/rosidl_typesupport_fastrtps_cpp/turtlesim/srv/detail/dds_fastrtps/kill__type_support.cpp.o[0m
[13.864s] [ 32%] [32mBuilding CXX object CMakeFiles/turtlesim__rosidl_typesupport_fastrtps_cpp.dir/rosidl_typesupport_fastrtps_cpp/turtlesim/msg/detail/dds_fastrtps/color__type_support.cpp.o[0m
[14.568s] [ 33%] [32mBuilding CXX object CMakeFiles/turtlesim__rosidl_typesupport_introspection_cpp.dir/rosidl_typesupport_introspection_cpp/turtlesim/srv/detail/teleport_relative__type_support.cpp.o[0m
[15.248s] [ 34%] [32mBuilding CXX object CMakeFiles/turtlesim__rosidl_typesupport_fastrtps_cpp.dir/rosidl_typesupport_fastrtps_cpp/turtlesim/srv/detail/dds_fastrtps/set_pen__type_support.cpp.o[0m
[15.255s] [ 36%] [32mBuilding CXX object CMakeFiles/turtlesim__rosidl_typesupport_fastrtps_cpp.dir/rosidl_typesupport_fastrtps_cpp/turtlesim/srv/detail/dds_fastrtps/teleport_absolute__type_support.cpp.o[0m
[15.256s] [ 36%] [32mBuilding CXX object CMakeFiles/turtlesim__rosidl_typesupport_fastrtps_cpp.dir/rosidl_typesupport_fastrtps_cpp/turtlesim/srv/detail/dds_fastrtps/spawn__type_support.cpp.o[0m
[15.256s] [ 37%] [32mBuilding CXX object CMakeFiles/turtlesim__rosidl_typesupport_fastrtps_cpp.dir/rosidl_typesupport_fastrtps_cpp/turtlesim/srv/detail/dds_fastrtps/teleport_relative__type_support.cpp.o[0m
[15.279s] [ 38%] [32m[1mLinking C shared library libturtlesim__rosidl_generator_c.so[0m
[15.288s] [ 39%] [32m[1mLinking CXX shared library libturtlesim__rosidl_typesupport_cpp.so[0m
[16.734s] [ 40%] [32m[1mLinking CXX shared library libturtlesim__rosidl_typesupport_introspection_cpp.so[0m
[17.151s] [ 40%] Built target turtlesim__rosidl_typesupport_introspection_cpp
[17.644s] [ 40%] Built target turtlesim__rosidl_generator_c
[17.644s] [ 40%] Built target turtlesim__rosidl_typesupport_cpp
[17.702s] [ 44%] [34m[1mGenerating C type support for eProsima Fast-RTPS[0m
[17.702s] [ 44%] [34m[1mGenerating include/turtlesim/moc_turtle_frame.cpp[0m
[17.702s] [ 43%] [34m[1mGenerating C introspection for ROS interfaces[0m
[17.702s] [ 47%] [34m[1mGenerating C type support dispatch for ROS interfaces[0m
[17.702s] [ 47%] [32mBuilding CXX object CMakeFiles/mimic.dir/tutorials/mimic.cpp.o[0m
[17.702s] [ 46%] [32mBuilding CXX object CMakeFiles/draw_square.dir/tutorials/draw_square.cpp.o[0m
[17.702s] [ 47%] [32mBuilding CXX object CMakeFiles/turtle_teleop_key.dir/tutorials/teleop_turtle_key.cpp.o[0m
[18.352s] [ 48%] [32m[1mLinking CXX shared library libturtlesim__rosidl_typesupport_fastrtps_cpp.so[0m
[18.457s] [ 48%] Built target turtlesim__rosidl_typesupport_fastrtps_cpp
[18.769s] [ 54%] [32mBuilding CXX object CMakeFiles/turtlesim__rosidl_typesupport_c.dir/rosidl_typesupport_c/turtlesim/srv/set_pen__type_support.cpp.o[0m
[18.770s] [ 54%] [32mBuilding CXX object CMakeFiles/turtlesim__rosidl_typesupport_c.dir/rosidl_typesupport_c/turtlesim/srv/kill__type_support.cpp.o[0m
[18.770s] [ 54%] [32mBuilding CXX object CMakeFiles/turtlesim__rosidl_typesupport_c.dir/rosidl_typesupport_c/turtlesim/srv/teleport_absolute__type_support.cpp.o[0m
[18.770s] [ 54%] [32mBuilding CXX object CMakeFiles/turtlesim__rosidl_typesupport_c.dir/rosidl_typesupport_c/turtlesim/msg/pose__type_support.cpp.o[0m
[18.770s] [ 56%] [32mBuilding CXX object CMakeFiles/turtlesim__rosidl_typesupport_c.dir/rosidl_typesupport_c/turtlesim/srv/teleport_relative__type_support.cpp.o[0m
[18.770s] [ 54%] [32mBuilding CXX object CMakeFiles/turtlesim__rosidl_typesupport_c.dir/rosidl_typesupport_c/turtlesim/action/rotate_absolute__type_support.cpp.o[0m
[18.770s] [ 56%] [32mBuilding CXX object CMakeFiles/turtlesim__rosidl_typesupport_c.dir/rosidl_typesupport_c/turtlesim/srv/spawn__type_support.cpp.o[0m
[18.770s] [ 56%] [32mBuilding CXX object CMakeFiles/turtlesim__rosidl_typesupport_c.dir/rosidl_typesupport_c/turtlesim/msg/color__type_support.cpp.o[0m
[18.846s] [ 57%] [32m[1mLinking CXX shared library libturtlesim__rosidl_typesupport_c.so[0m
[18.891s] [ 57%] Built target turtlesim__rosidl_typesupport_c
[19.008s] [ 59%] [32mBuilding CXX object CMakeFiles/turtlesim_node.dir/src/turtlesim.cpp.o[0m
[19.008s] [ 59%] [32mBuilding CXX object CMakeFiles/turtlesim_node.dir/src/turtle_frame.cpp.o[0m
[19.010s] [ 61%] [32mBuilding CXX object CMakeFiles/turtlesim_node.dir/src/turtle.cpp.o[0m
[19.010s] [ 61%] [32mBuilding CXX object CMakeFiles/turtlesim_node.dir/include/turtlesim/moc_turtle_frame.cpp.o[0m
[19.241s] [ 63%] [32mBuilding C object CMakeFiles/turtlesim__rosidl_typesupport_introspection_c.dir/rosidl_typesupport_introspection_c/turtlesim/srv/detail/kill__type_support.c.o[0m
[19.241s] [ 64%] [32mBuilding C object CMakeFiles/turtlesim__rosidl_typesupport_introspection_c.dir/rosidl_typesupport_introspection_c/turtlesim/action/detail/rotate_absolute__type_support.c.o[0m
[19.241s] [ 65%] [32mBuilding C object CMakeFiles/turtlesim__rosidl_typesupport_introspection_c.dir/rosidl_typesupport_introspection_c/turtlesim/srv/detail/set_pen__type_support.c.o[0m
[19.241s] [ 65%] [32mBuilding C object CMakeFiles/turtlesim__rosidl_typesupport_introspection_c.dir/rosidl_typesupport_introspection_c/turtlesim/msg/detail/color__type_support.c.o[0m
[19.242s] [ 66%] [32mBuilding C object CMakeFiles/turtlesim__rosidl_typesupport_introspection_c.dir/rosidl_typesupport_introspection_c/turtlesim/srv/detail/spawn__type_support.c.o[0m
[19.247s] [ 67%] [32mBuilding C object CMakeFiles/turtlesim__rosidl_typesupport_introspection_c.dir/rosidl_typesupport_introspection_c/turtlesim/msg/detail/pose__type_support.c.o[0m
[19.248s] [ 68%] [32mBuilding C object CMakeFiles/turtlesim__rosidl_typesupport_introspection_c.dir/rosidl_typesupport_introspection_c/turtlesim/srv/detail/teleport_relative__type_support.c.o[0m
[19.252s] [ 69%] [32mBuilding C object CMakeFiles/turtlesim__rosidl_typesupport_introspection_c.dir/rosidl_typesupport_introspection_c/turtlesim/srv/detail/teleport_absolute__type_support.c.o[0m
[19.377s] [ 74%] [32mBuilding CXX object CMakeFiles/turtlesim__rosidl_typesupport_fastrtps_c.dir/rosidl_typesupport_fastrtps_c/turtlesim/srv/detail/set_pen__type_support_c.cpp.o[0m
[19.377s] [ 74%] [32mBuilding CXX object CMakeFiles/turtlesim__rosidl_typesupport_fastrtps_c.dir/rosidl_typesupport_fastrtps_c/turtlesim/msg/detail/color__type_support_c.cpp.o[0m
[19.377s] [ 74%] [32mBuilding CXX object CMakeFiles/turtlesim__rosidl_typesupport_fastrtps_c.dir/rosidl_typesupport_fastrtps_c/turtlesim/msg/detail/pose__type_support_c.cpp.o[0m
[19.377s] [ 74%] [32mBuilding CXX object CMakeFiles/turtlesim__rosidl_typesupport_fastrtps_c.dir/rosidl_typesupport_fastrtps_c/turtlesim/action/detail/rotate_absolute__type_support_c.cpp.o[0m
[19.378s] [ 74%] [32mBuilding CXX object CMakeFiles/turtlesim__rosidl_typesupport_fastrtps_c.dir/rosidl_typesupport_fastrtps_c/turtlesim/srv/detail/spawn__type_support_c.cpp.o[0m
[19.378s] [ 75%] [32mBuilding CXX object CMakeFiles/turtlesim__rosidl_typesupport_fastrtps_c.dir/rosidl_typesupport_fastrtps_c/turtlesim/srv/detail/kill__type_support_c.cpp.o[0m
[19.393s] [ 77%] [32mBuilding CXX object CMakeFiles/turtlesim__rosidl_typesupport_fastrtps_c.dir/rosidl_typesupport_fastrtps_c/turtlesim/srv/detail/teleport_relative__type_support_c.cpp.o[0m
[19.394s] [ 77%] [32mBuilding CXX object CMakeFiles/turtlesim__rosidl_typesupport_fastrtps_c.dir/rosidl_typesupport_fastrtps_c/turtlesim/srv/detail/teleport_absolute__type_support_c.cpp.o[0m
[19.481s] [ 78%] [32m[1mLinking C shared library libturtlesim__rosidl_typesupport_introspection_c.so[0m
[19.616s] [ 78%] Built target turtlesim__rosidl_typesupport_introspection_c
[20.276s] [ 79%] [32m[1mLinking CXX shared library libturtlesim__rosidl_typesupport_fastrtps_c.so[0m
[20.338s] [ 79%] Built target turtlesim__rosidl_typesupport_fastrtps_c
[20.353s] [ 79%] Built target turtlesim
[20.369s] [ 80%] [34m[1mGenerating Python code for ROS interfaces[0m
[22.000s] [ 80%] Built target turtlesim__py
[22.018s] [ 87%] [32mBuilding C object CMakeFiles/turtlesim__rosidl_generator_py.dir/rosidl_generator_py/turtlesim/msg/_color_s.c.o[0m
[22.018s] [ 87%] [32mBuilding C object CMakeFiles/turtlesim__rosidl_generator_py.dir/rosidl_generator_py/turtlesim/srv/_teleport_absolute_s.c.o[0m
[22.018s] [ 87%] [32mBuilding C object CMakeFiles/turtlesim__rosidl_generator_py.dir/rosidl_generator_py/turtlesim/srv/_set_pen_s.c.o[0m
[22.018s] [ 87%] [32mBuilding C object CMakeFiles/turtlesim__rosidl_generator_py.dir/rosidl_generator_py/turtlesim/action/_rotate_absolute_s.c.o[0m
[22.018s] [ 87%] [32mBuilding C object CMakeFiles/turtlesim__rosidl_generator_py.dir/rosidl_generator_py/turtlesim/srv/_kill_s.c.o[0m
[22.018s] [ 87%] [32mBuilding C object CMakeFiles/turtlesim__rosidl_generator_py.dir/rosidl_generator_py/turtlesim/srv/_spawn_s.c.o[0m
[22.019s] [ 87%] [32mBuilding C object CMakeFiles/turtlesim__rosidl_generator_py.dir/rosidl_generator_py/turtlesim/msg/_pose_s.c.o[0m
[22.019s] [ 88%] [32mBuilding C object CMakeFiles/turtlesim__rosidl_generator_py.dir/rosidl_generator_py/turtlesim/srv/_teleport_relative_s.c.o[0m
[23.634s] [ 89%] [32m[1mLinking C shared library rosidl_generator_py/turtlesim/libturtlesim__rosidl_generator_py.so[0m
[23.666s] [ 89%] Built target turtlesim__rosidl_generator_py
[23.681s] [ 92%] [32mBuilding C object CMakeFiles/turtlesim__rosidl_typesupport_fastrtps_c__pyext.dir/rosidl_generator_py/turtlesim/_turtlesim_s.ep.rosidl_typesupport_fastrtps_c.c.o[0m
[23.681s] [ 92%] [32mBuilding C object CMakeFiles/turtlesim__rosidl_typesupport_c__pyext.dir/rosidl_generator_py/turtlesim/_turtlesim_s.ep.rosidl_typesupport_c.c.o[0m
[23.682s] [ 92%] [32mBuilding C object CMakeFiles/turtlesim__rosidl_typesupport_introspection_c__pyext.dir/rosidl_generator_py/turtlesim/_turtlesim_s.ep.rosidl_typesupport_introspection_c.c.o[0m
[23.805s] [ 93%] [32m[1mLinking C shared library rosidl_generator_py/turtlesim/turtlesim_s__rosidl_typesupport_fastrtps_c.cpython-310-x86_64-linux-gnu.so[0m
[23.805s] [ 94%] [32m[1mLinking C shared library rosidl_generator_py/turtlesim/turtlesim_s__rosidl_typesupport_introspection_c.cpython-310-x86_64-linux-gnu.so[0m
[23.806s] [ 95%] [32m[1mLinking C shared library rosidl_generator_py/turtlesim/turtlesim_s__rosidl_typesupport_c.cpython-310-x86_64-linux-gnu.so[0m
[23.836s] [ 95%] Built target turtlesim__rosidl_typesupport_c__pyext
[23.836s] [ 95%] Built target turtlesim__rosidl_typesupport_introspection_c__pyext
[23.836s] [ 95%] Built target turtlesim__rosidl_typesupport_fastrtps_c__pyext
[24.368s] [ 96%] [32m[1mLinking CXX executable turtle_teleop_key[0m
[24.648s] [ 96%] Built target turtle_teleop_key
[26.488s] [ 97%] [32m[1mLinking CXX executable mimic[0m
[26.815s] [ 97%] Built target mimic
[27.303s] [ 98%] [32m[1mLinking CXX executable draw_square[0m
[27.606s] [ 98%] Built target draw_square
[29.936s] [100%] [32m[1mLinking CXX executable turtlesim_node[0m
[31.368s] [100%] Built target turtlesim_node
[31.375s] Invoked command in '/home/rian/ros2_ws/build/turtlesim' returned '0': CMAKE_PREFIX_PATH=/opt/ros/humble /usr/bin/cmake --build /home/rian/ros2_ws/build/turtlesim -- -j20 -l20
[31.479s] Invoking command in '/home/rian/ros2_ws/build/turtlesim': CMAKE_PREFIX_PATH=/opt/ros/humble /usr/bin/cmake --install /home/rian/ros2_ws/build/turtlesim
[31.484s] -- Install configuration: ""
[31.484s] -- Installing: /home/rian/ros2_ws/install/turtlesim/share/ament_index/resource_index/rosidl_interfaces/turtlesim
[31.485s] -- Installing: /home/rian/ros2_ws/install/turtlesim/include/turtlesim/turtlesim
[31.485s] -- Installing: /home/rian/ros2_ws/install/turtlesim/include/turtlesim/turtlesim/msg
[31.485s] -- Installing: /home/rian/ros2_ws/install/turtlesim/include/turtlesim/turtlesim/msg/pose.h
[31.485s] -- Installing: /home/rian/ros2_ws/install/turtlesim/include/turtlesim/turtlesim/msg/detail
[31.485s] -- Installing: /home/rian/ros2_ws/install/turtlesim/include/turtlesim/turtlesim/msg/detail/color__functions.c
[31.485s] -- Installing: /home/rian/ros2_ws/install/turtlesim/include/turtlesim/turtlesim/msg/detail/pose__functions.h
[31.485s] -- Installing: /home/rian/ros2_ws/install/turtlesim/include/turtlesim/turtlesim/msg/detail/color__type_support.h
[31.485s] -- Installing: /home/rian/ros2_ws/install/turtlesim/include/turtlesim/turtlesim/msg/detail/pose__type_support.h
[31.485s] -- Installing: /home/rian/ros2_ws/install/turtlesim/include/turtlesim/turtlesim/msg/detail/color__functions.h
[31.485s] -- Installing: /home/rian/ros2_ws/install/turtlesim/include/turtlesim/turtlesim/msg/detail/pose__functions.c
[31.485s] -- Installing: /home/rian/ros2_ws/install/turtlesim/include/turtlesim/turtlesim/msg/detail/color__struct.h
[31.485s] -- Installing: /home/rian/ros2_ws/install/turtlesim/include/turtlesim/turtlesim/msg/detail/pose__struct.h
[31.485s] -- Installing: /home/rian/ros2_ws/install/turtlesim/include/turtlesim/turtlesim/msg/rosidl_generator_c__visibility_control.h
[31.485s] -- Installing: /home/rian/ros2_ws/install/turtlesim/include/turtlesim/turtlesim/msg/color.h
[31.485s] -- Installing: /home/rian/ros2_ws/install/turtlesim/include/turtlesim/turtlesim/action
[31.485s] -- Installing: /home/rian/ros2_ws/install/turtlesim/include/turtlesim/turtlesim/action/detail
[31.485s] -- Installing: /home/rian/ros2_ws/install/turtlesim/include/turtlesim/turtlesim/action/detail/rotate_absolute__functions.h
[31.486s] -- Installing: /home/rian/ros2_ws/install/turtlesim/include/turtlesim/turtlesim/action/detail/rotate_absolute__type_support.h
[31.486s] -- Installing: /home/rian/ros2_ws/install/turtlesim/include/turtlesim/turtlesim/action/detail/rotate_absolute__struct.h
[31.486s] -- Installing: /home/rian/ros2_ws/install/turtlesim/include/turtlesim/turtlesim/action/detail/rotate_absolute__functions.c
[31.486s] -- Installing: /home/rian/ros2_ws/install/turtlesim/include/turtlesim/turtlesim/action/rotate_absolute.h
[31.486s] -- Installing: /home/rian/ros2_ws/install/turtlesim/include/turtlesim/turtlesim/srv
[31.486s] -- Installing: /home/rian/ros2_ws/install/turtlesim/include/turtlesim/turtlesim/srv/teleport_relative.h
[31.486s] -- Installing: /home/rian/ros2_ws/install/turtlesim/include/turtlesim/turtlesim/srv/detail
[31.486s] -- Installing: /home/rian/ros2_ws/install/turtlesim/include/turtlesim/turtlesim/srv/detail/teleport_relative__functions.c
[31.486s] -- Installing: /home/rian/ros2_ws/install/turtlesim/include/turtlesim/turtlesim/srv/detail/teleport_absolute__functions.h
[31.486s] -- Installing: /home/rian/ros2_ws/install/turtlesim/include/turtlesim/turtlesim/srv/detail/kill__functions.c
[31.486s] -- Installing: /home/rian/ros2_ws/install/turtlesim/include/turtlesim/turtlesim/srv/detail/spawn__type_support.h
[31.486s] -- Installing: /home/rian/ros2_ws/install/turtlesim/include/turtlesim/turtlesim/srv/detail/teleport_relative__struct.h
[31.486s] -- Installing: /home/rian/ros2_ws/install/turtlesim/include/turtlesim/turtlesim/srv/detail/teleport_relative__functions.h
[31.486s] -- Installing: /home/rian/ros2_ws/install/turtlesim/include/turtlesim/turtlesim/srv/detail/teleport_relative__type_support.h
[31.486s] -- Installing: /home/rian/ros2_ws/install/turtlesim/include/turtlesim/turtlesim/srv/detail/kill__struct.h
[31.486s] -- Installing: /home/rian/ros2_ws/install/turtlesim/include/turtlesim/turtlesim/srv/detail/spawn__functions.c
[31.486s] -- Installing: /home/rian/ros2_ws/install/turtlesim/include/turtlesim/turtlesim/srv/detail/teleport_absolute__struct.h
[31.486s] -- Installing: /home/rian/ros2_ws/install/turtlesim/include/turtlesim/turtlesim/srv/detail/kill__type_support.h
[31.487s] -- Installing: /home/rian/ros2_ws/install/turtlesim/include/turtlesim/turtlesim/srv/detail/teleport_absolute__functions.c
[31.487s] -- Installing: /home/rian/ros2_ws/install/turtlesim/include/turtlesim/turtlesim/srv/detail/set_pen__struct.h
[31.487s] -- Installing: /home/rian/ros2_ws/install/turtlesim/include/turtlesim/turtlesim/srv/detail/kill__functions.h
[31.487s] -- Installing: /home/rian/ros2_ws/install/turtlesim/include/turtlesim/turtlesim/srv/detail/spawn__functions.h
[31.487s] -- Installing: /home/rian/ros2_ws/install/turtlesim/include/turtlesim/turtlesim/srv/detail/set_pen__functions.h
[31.487s] -- Installing: /home/rian/ros2_ws/install/turtlesim/include/turtlesim/turtlesim/srv/detail/set_pen__type_support.h
[31.487s] -- Installing: /home/rian/ros2_ws/install/turtlesim/include/turtlesim/turtlesim/srv/detail/spawn__struct.h
[31.487s] -- Installing: /home/rian/ros2_ws/install/turtlesim/include/turtlesim/turtlesim/srv/detail/set_pen__functions.c
[31.487s] -- Installing: /home/rian/ros2_ws/install/turtlesim/include/turtlesim/turtlesim/srv/detail/teleport_absolute__type_support.h
[31.487s] -- Installing: /home/rian/ros2_ws/install/turtlesim/include/turtlesim/turtlesim/srv/kill.h
[31.487s] -- Installing: /home/rian/ros2_ws/install/turtlesim/include/turtlesim/turtlesim/srv/set_pen.h
[31.487s] -- Installing: /home/rian/ros2_ws/install/turtlesim/include/turtlesim/turtlesim/srv/teleport_absolute.h
[31.487s] -- Installing: /home/rian/ros2_ws/install/turtlesim/include/turtlesim/turtlesim/srv/spawn.h
[31.487s] -- Installing: /home/rian/ros2_ws/install/turtlesim/share/turtlesim/environment/library_path.sh
[31.487s] -- Installing: /home/rian/ros2_ws/install/turtlesim/share/turtlesim/environment/library_path.dsv
[31.487s] -- Installing: /home/rian/ros2_ws/install/turtlesim/lib/libturtlesim__rosidl_generator_c.so
[31.488s] -- Set runtime path of "/home/rian/ros2_ws/install/turtlesim/lib/libturtlesim__rosidl_generator_c.so" to ""
[31.488s] -- Up-to-date: /home/rian/ros2_ws/install/turtlesim/include/turtlesim/turtlesim
[31.488s] -- Up-to-date: /home/rian/ros2_ws/install/turtlesim/include/turtlesim/turtlesim/msg
[31.488s] -- Installing: /home/rian/ros2_ws/install/turtlesim/include/turtlesim/turtlesim/msg/rosidl_typesupport_fastrtps_c__visibility_control.h
[31.488s] -- Up-to-date: /home/rian/ros2_ws/install/turtlesim/include/turtlesim/turtlesim/msg/detail
[31.488s] -- Installing: /home/rian/ros2_ws/install/turtlesim/include/turtlesim/turtlesim/msg/detail/color__rosidl_typesupport_fastrtps_c.h
[31.488s] -- Installing: /home/rian/ros2_ws/install/turtlesim/include/turtlesim/turtlesim/msg/detail/pose__rosidl_typesupport_fastrtps_c.h
[31.489s] -- Up-to-date: /home/rian/ros2_ws/install/turtlesim/include/turtlesim/turtlesim/action
[31.489s] -- Up-to-date: /home/rian/ros2_ws/install/turtlesim/include/turtlesim/turtlesim/action/detail
[31.489s] -- Installing: /home/rian/ros2_ws/install/turtlesim/include/turtlesim/turtlesim/action/detail/rotate_absolute__rosidl_typesupport_fastrtps_c.h
[31.489s] -- Up-to-date: /home/rian/ros2_ws/install/turtlesim/include/turtlesim/turtlesim/srv
[31.489s] -- Up-to-date: /home/rian/ros2_ws/install/turtlesim/include/turtlesim/turtlesim/srv/detail
[31.489s] -- Installing: /home/rian/ros2_ws/install/turtlesim/include/turtlesim/turtlesim/srv/detail/teleport_relative__rosidl_typesupport_fastrtps_c.h
[31.489s] -- Installing: /home/rian/ros2_ws/install/turtlesim/include/turtlesim/turtlesim/srv/detail/teleport_absolute__rosidl_typesupport_fastrtps_c.h
[31.489s] -- Installing: /home/rian/ros2_ws/install/turtlesim/include/turtlesim/turtlesim/srv/detail/set_pen__rosidl_typesupport_fastrtps_c.h
[31.489s] -- Installing: /home/rian/ros2_ws/install/turtlesim/include/turtlesim/turtlesim/srv/detail/kill__rosidl_typesupport_fastrtps_c.h
[31.489s] -- Installing: /home/rian/ros2_ws/install/turtlesim/include/turtlesim/turtlesim/srv/detail/spawn__rosidl_typesupport_fastrtps_c.h
[31.489s] -- Installing: /home/rian/ros2_ws/install/turtlesim/lib/libturtlesim__rosidl_typesupport_fastrtps_c.so
[31.489s] -- Set runtime path of "/home/rian/ros2_ws/install/turtlesim/lib/libturtlesim__rosidl_typesupport_fastrtps_c.so" to ""
[31.489s] -- Up-to-date: /home/rian/ros2_ws/install/turtlesim/include/turtlesim/turtlesim
[31.489s] -- Up-to-date: /home/rian/ros2_ws/install/turtlesim/include/turtlesim/turtlesim/msg
[31.489s] -- Up-to-date: /home/rian/ros2_ws/install/turtlesim/include/turtlesim/turtlesim/msg/detail
[31.489s] -- Installing: /home/rian/ros2_ws/install/turtlesim/include/turtlesim/turtlesim/msg/detail/color__struct.hpp
[31.489s] -- Installing: /home/rian/ros2_ws/install/turtlesim/include/turtlesim/turtlesim/msg/detail/pose__struct.hpp
[31.490s] -- Installing: /home/rian/ros2_ws/install/turtlesim/include/turtlesim/turtlesim/msg/detail/pose__builder.hpp
[31.490s] -- Installing: /home/rian/ros2_ws/install/turtlesim/include/turtlesim/turtlesim/msg/detail/color__builder.hpp
[31.490s] -- Installing: /home/rian/ros2_ws/install/turtlesim/include/turtlesim/turtlesim/msg/detail/color__traits.hpp
[31.490s] -- Installing: /home/rian/ros2_ws/install/turtlesim/include/turtlesim/turtlesim/msg/detail/pose__traits.hpp
[31.490s] -- Installing: /home/rian/ros2_ws/install/turtlesim/include/turtlesim/turtlesim/msg/pose.hpp
[31.490s] -- Installing: /home/rian/ros2_ws/install/turtlesim/include/turtlesim/turtlesim/msg/color.hpp
[31.490s] -- Up-to-date: /home/rian/ros2_ws/install/turtlesim/include/turtlesim/turtlesim/action
[31.490s] -- Up-to-date: /home/rian/ros2_ws/install/turtlesim/include/turtlesim/turtlesim/action/detail
[31.490s] -- Installing: /home/rian/ros2_ws/install/turtlesim/include/turtlesim/turtlesim/action/detail/rotate_absolute__struct.hpp
[31.490s] -- Installing: /home/rian/ros2_ws/install/turtlesim/include/turtlesim/turtlesim/action/detail/rotate_absolute__traits.hpp
[31.490s] -- Installing: /home/rian/ros2_ws/install/turtlesim/include/turtlesim/turtlesim/action/detail/rotate_absolute__builder.hpp
[31.490s] -- Installing: /home/rian/ros2_ws/install/turtlesim/include/turtlesim/turtlesim/action/rotate_absolute.hpp
[31.490s] -- Up-to-date: /home/rian/ros2_ws/install/turtlesim/include/turtlesim/turtlesim/srv
[31.490s] -- Up-to-date: /home/rian/ros2_ws/install/turtlesim/include/turtlesim/turtlesim/srv/detail
[31.490s] -- Installing: /home/rian/ros2_ws/install/turtlesim/include/turtlesim/turtlesim/srv/detail/spawn__struct.hpp
[31.490s] -- Installing: /home/rian/ros2_ws/install/turtlesim/include/turtlesim/turtlesim/srv/detail/teleport_relative__traits.hpp
[31.490s] -- Installing: /home/rian/ros2_ws/install/turtlesim/include/turtlesim/turtlesim/srv/detail/teleport_absolute__struct.hpp
[31.490s] -- Installing: /home/rian/ros2_ws/install/turtlesim/include/turtlesim/turtlesim/srv/detail/teleport_relative__builder.hpp
[31.490s] -- Installing: /home/rian/ros2_ws/install/turtlesim/include/turtlesim/turtlesim/srv/detail/teleport_absolute__builder.hpp
[31.491s] -- Installing: /home/rian/ros2_ws/install/turtlesim/include/turtlesim/turtlesim/srv/detail/spawn__traits.hpp
[31.491s] -- Installing: /home/rian/ros2_ws/install/turtlesim/include/turtlesim/turtlesim/srv/detail/teleport_absolute__traits.hpp
[31.491s] -- Installing: /home/rian/ros2_ws/install/turtlesim/include/turtlesim/turtlesim/srv/detail/set_pen__struct.hpp
[31.491s] -- Installing: /home/rian/ros2_ws/install/turtlesim/include/turtlesim/turtlesim/srv/detail/set_pen__traits.hpp
[31.491s] -- Installing: /home/rian/ros2_ws/install/turtlesim/include/turtlesim/turtlesim/srv/detail/set_pen__builder.hpp
[31.491s] -- Installing: /home/rian/ros2_ws/install/turtlesim/include/turtlesim/turtlesim/srv/detail/kill__traits.hpp
[31.491s] -- Installing: /home/rian/ros2_ws/install/turtlesim/include/turtlesim/turtlesim/srv/detail/kill__builder.hpp
[31.491s] -- Installing: /home/rian/ros2_ws/install/turtlesim/include/turtlesim/turtlesim/srv/detail/teleport_relative__struct.hpp
[31.491s] -- Installing: /home/rian/ros2_ws/install/turtlesim/include/turtlesim/turtlesim/srv/detail/spawn__builder.hpp
[31.491s] -- Installing: /home/rian/ros2_ws/install/turtlesim/include/turtlesim/turtlesim/srv/detail/kill__struct.hpp
[31.491s] -- Installing: /home/rian/ros2_ws/install/turtlesim/include/turtlesim/turtlesim/srv/kill.hpp
[31.491s] -- Installing: /home/rian/ros2_ws/install/turtlesim/include/turtlesim/turtlesim/srv/teleport_absolute.hpp
[31.491s] -- Installing: /home/rian/ros2_ws/install/turtlesim/include/turtlesim/turtlesim/srv/set_pen.hpp
[31.491s] -- Installing: /home/rian/ros2_ws/install/turtlesim/include/turtlesim/turtlesim/srv/spawn.hpp
[31.491s] -- Installing: /home/rian/ros2_ws/install/turtlesim/include/turtlesim/turtlesim/srv/teleport_relative.hpp
[31.491s] -- Up-to-date: /home/rian/ros2_ws/install/turtlesim/include/turtlesim/turtlesim
[31.491s] -- Up-to-date: /home/rian/ros2_ws/install/turtlesim/include/turtlesim/turtlesim/msg
[31.491s] -- Up-to-date: /home/rian/ros2_ws/install/turtlesim/include/turtlesim/turtlesim/msg/detail
[31.492s] -- Installing: /home/rian/ros2_ws/install/turtlesim/include/turtlesim/turtlesim/msg/detail/pose__rosidl_typesupport_fastrtps_cpp.hpp
[31.492s] -- Installing: /home/rian/ros2_ws/install/turtlesim/include/turtlesim/turtlesim/msg/detail/color__rosidl_typesupport_fastrtps_cpp.hpp
[31.492s] -- Installing: /home/rian/ros2_ws/install/turtlesim/include/turtlesim/turtlesim/msg/detail/dds_fastrtps
[31.492s] -- Installing: /home/rian/ros2_ws/install/turtlesim/include/turtlesim/turtlesim/msg/rosidl_typesupport_fastrtps_cpp__visibility_control.h
[31.492s] -- Up-to-date: /home/rian/ros2_ws/install/turtlesim/include/turtlesim/turtlesim/action
[31.492s] -- Up-to-date: /home/rian/ros2_ws/install/turtlesim/include/turtlesim/turtlesim/action/detail
[31.492s] -- Installing: /home/rian/ros2_ws/install/turtlesim/include/turtlesim/turtlesim/action/detail/rotate_absolute__rosidl_typesupport_fastrtps_cpp.hpp
[31.492s] -- Installing: /home/rian/ros2_ws/install/turtlesim/include/turtlesim/turtlesim/action/detail/dds_fastrtps
[31.492s] -- Up-to-date: /home/rian/ros2_ws/install/turtlesim/include/turtlesim/turtlesim/srv
[31.492s] -- Up-to-date: /home/rian/ros2_ws/install/turtlesim/include/turtlesim/turtlesim/srv/detail
[31.492s] -- Installing: /home/rian/ros2_ws/install/turtlesim/include/turtlesim/turtlesim/srv/detail/teleport_absolute__rosidl_typesupport_fastrtps_cpp.hpp
[31.492s] -- Installing: /home/rian/ros2_ws/install/turtlesim/include/turtlesim/turtlesim/srv/detail/spawn__rosidl_typesupport_fastrtps_cpp.hpp
[31.492s] -- Installing: /home/rian/ros2_ws/install/turtlesim/include/turtlesim/turtlesim/srv/detail/set_pen__rosidl_typesupport_fastrtps_cpp.hpp
[31.492s] -- Installing: /home/rian/ros2_ws/install/turtlesim/include/turtlesim/turtlesim/srv/detail/teleport_relative__rosidl_typesupport_fastrtps_cpp.hpp
[31.492s] -- Installing: /home/rian/ros2_ws/install/turtlesim/include/turtlesim/turtlesim/srv/detail/kill__rosidl_typesupport_fastrtps_cpp.hpp
[31.492s] -- Installing: /home/rian/ros2_ws/install/turtlesim/include/turtlesim/turtlesim/srv/detail/dds_fastrtps
[31.492s] -- Installing: /home/rian/ros2_ws/install/turtlesim/lib/libturtlesim__rosidl_typesupport_fastrtps_cpp.so
[31.492s] -- Set runtime path of "/home/rian/ros2_ws/install/turtlesim/lib/libturtlesim__rosidl_typesupport_fastrtps_cpp.so" to ""
[31.492s] -- Up-to-date: /home/rian/ros2_ws/install/turtlesim/include/turtlesim/turtlesim
[31.492s] -- Up-to-date: /home/rian/ros2_ws/install/turtlesim/include/turtlesim/turtlesim/msg
[31.493s] -- Up-to-date: /home/rian/ros2_ws/install/turtlesim/include/turtlesim/turtlesim/msg/detail
[31.493s] -- Installing: /home/rian/ros2_ws/install/turtlesim/include/turtlesim/turtlesim/msg/detail/pose__rosidl_typesupport_introspection_c.h
[31.493s] -- Installing: /home/rian/ros2_ws/install/turtlesim/include/turtlesim/turtlesim/msg/detail/pose__type_support.c
[31.493s] -- Installing: /home/rian/ros2_ws/install/turtlesim/include/turtlesim/turtlesim/msg/detail/color__type_support.c
[31.493s] -- Installing: /home/rian/ros2_ws/install/turtlesim/include/turtlesim/turtlesim/msg/detail/color__rosidl_typesupport_introspection_c.h
[31.493s] -- Installing: /home/rian/ros2_ws/install/turtlesim/include/turtlesim/turtlesim/msg/rosidl_typesupport_introspection_c__visibility_control.h
[31.493s] -- Up-to-date: /home/rian/ros2_ws/install/turtlesim/include/turtlesim/turtlesim/action
[31.493s] -- Up-to-date: /home/rian/ros2_ws/install/turtlesim/include/turtlesim/turtlesim/action/detail
[31.493s] -- Installing: /home/rian/ros2_ws/install/turtlesim/include/turtlesim/turtlesim/action/detail/rotate_absolute__type_support.c
[31.493s] -- Installing: /home/rian/ros2_ws/install/turtlesim/include/turtlesim/turtlesim/action/detail/rotate_absolute__rosidl_typesupport_introspection_c.h
[31.493s] -- Up-to-date: /home/rian/ros2_ws/install/turtlesim/include/turtlesim/turtlesim/srv
[31.493s] -- Up-to-date: /home/rian/ros2_ws/install/turtlesim/include/turtlesim/turtlesim/srv/detail
[31.493s] -- Installing: /home/rian/ros2_ws/install/turtlesim/include/turtlesim/turtlesim/srv/detail/set_pen__type_support.c
[31.493s] -- Installing: /home/rian/ros2_ws/install/turtlesim/include/turtlesim/turtlesim/srv/detail/teleport_relative__type_support.c
[31.493s] -- Installing: /home/rian/ros2_ws/install/turtlesim/include/turtlesim/turtlesim/srv/detail/spawn__type_support.c
[31.493s] -- Installing: /home/rian/ros2_ws/install/turtlesim/include/turtlesim/turtlesim/srv/detail/teleport_relative__rosidl_typesupport_introspection_c.h
[31.493s] -- Installing: /home/rian/ros2_ws/install/turtlesim/include/turtlesim/turtlesim/srv/detail/teleport_absolute__type_support.c
[31.493s] -- Installing: /home/rian/ros2_ws/install/turtlesim/include/turtlesim/turtlesim/srv/detail/teleport_absolute__rosidl_typesupport_introspection_c.h
[31.493s] -- Installing: /home/rian/ros2_ws/install/turtlesim/include/turtlesim/turtlesim/srv/detail/kill__rosidl_typesupport_introspection_c.h
[31.493s] -- Installing: /home/rian/ros2_ws/install/turtlesim/include/turtlesim/turtlesim/srv/detail/kill__type_support.c
[31.494s] -- Installing: /home/rian/ros2_ws/install/turtlesim/include/turtlesim/turtlesim/srv/detail/set_pen__rosidl_typesupport_introspection_c.h
[31.494s] -- Installing: /home/rian/ros2_ws/install/turtlesim/include/turtlesim/turtlesim/srv/detail/spawn__rosidl_typesupport_introspection_c.h
[31.494s] -- Installing: /home/rian/ros2_ws/install/turtlesim/lib/libturtlesim__rosidl_typesupport_introspection_c.so
[31.494s] -- Set runtime path of "/home/rian/ros2_ws/install/turtlesim/lib/libturtlesim__rosidl_typesupport_introspection_c.so" to ""
[31.494s] -- Installing: /home/rian/ros2_ws/install/turtlesim/lib/libturtlesim__rosidl_typesupport_c.so
[31.494s] -- Set runtime path of "/home/rian/ros2_ws/install/turtlesim/lib/libturtlesim__rosidl_typesupport_c.so" to ""
[31.494s] -- Up-to-date: /home/rian/ros2_ws/install/turtlesim/include/turtlesim/turtlesim
[31.494s] -- Up-to-date: /home/rian/ros2_ws/install/turtlesim/include/turtlesim/turtlesim/msg
[31.494s] -- Up-to-date: /home/rian/ros2_ws/install/turtlesim/include/turtlesim/turtlesim/msg/detail
[31.494s] -- Installing: /home/rian/ros2_ws/install/turtlesim/include/turtlesim/turtlesim/msg/detail/color__rosidl_typesupport_introspection_cpp.hpp
[31.494s] -- Installing: /home/rian/ros2_ws/install/turtlesim/include/turtlesim/turtlesim/msg/detail/pose__type_support.cpp
[31.494s] -- Installing: /home/rian/ros2_ws/install/turtlesim/include/turtlesim/turtlesim/msg/detail/pose__rosidl_typesupport_introspection_cpp.hpp
[31.494s] -- Installing: /home/rian/ros2_ws/install/turtlesim/include/turtlesim/turtlesim/msg/detail/color__type_support.cpp
[31.494s] -- Up-to-date: /home/rian/ros2_ws/install/turtlesim/include/turtlesim/turtlesim/action
[31.494s] -- Up-to-date: /home/rian/ros2_ws/install/turtlesim/include/turtlesim/turtlesim/action/detail
[31.495s] -- Installing: /home/rian/ros2_ws/install/turtlesim/include/turtlesim/turtlesim/action/detail/rotate_absolute__rosidl_typesupport_introspection_cpp.hpp
[31.495s] -- Installing: /home/rian/ros2_ws/install/turtlesim/include/turtlesim/turtlesim/action/detail/rotate_absolute__type_support.cpp
[31.495s] -- Up-to-date: /home/rian/ros2_ws/install/turtlesim/include/turtlesim/turtlesim/srv
[31.495s] -- Up-to-date: /home/rian/ros2_ws/install/turtlesim/include/turtlesim/turtlesim/srv/detail
[31.495s] -- Installing: /home/rian/ros2_ws/install/turtlesim/include/turtlesim/turtlesim/srv/detail/teleport_absolute__type_support.cpp
[31.495s] -- Installing: /home/rian/ros2_ws/install/turtlesim/include/turtlesim/turtlesim/srv/detail/spawn__type_support.cpp
[31.495s] -- Installing: /home/rian/ros2_ws/install/turtlesim/include/turtlesim/turtlesim/srv/detail/teleport_relative__type_support.cpp
[31.495s] -- Installing: /home/rian/ros2_ws/install/turtlesim/include/turtlesim/turtlesim/srv/detail/kill__type_support.cpp
[31.495s] -- Installing: /home/rian/ros2_ws/install/turtlesim/include/turtlesim/turtlesim/srv/detail/kill__rosidl_typesupport_introspection_cpp.hpp
[31.495s] -- Installing: /home/rian/ros2_ws/install/turtlesim/include/turtlesim/turtlesim/srv/detail/set_pen__type_support.cpp
[31.495s] -- Installing: /home/rian/ros2_ws/install/turtlesim/include/turtlesim/turtlesim/srv/detail/spawn__rosidl_typesupport_introspection_cpp.hpp
[31.495s] -- Installing: /home/rian/ros2_ws/install/turtlesim/include/turtlesim/turtlesim/srv/detail/set_pen__rosidl_typesupport_introspection_cpp.hpp
[31.495s] -- Installing: /home/rian/ros2_ws/install/turtlesim/include/turtlesim/turtlesim/srv/detail/teleport_absolute__rosidl_typesupport_introspection_cpp.hpp
[31.495s] -- Installing: /home/rian/ros2_ws/install/turtlesim/include/turtlesim/turtlesim/srv/detail/teleport_relative__rosidl_typesupport_introspection_cpp.hpp
[31.495s] -- Installing: /home/rian/ros2_ws/install/turtlesim/lib/libturtlesim__rosidl_typesupport_introspection_cpp.so
[31.495s] -- Set runtime path of "/home/rian/ros2_ws/install/turtlesim/lib/libturtlesim__rosidl_typesupport_introspection_cpp.so" to ""
[31.495s] -- Installing: /home/rian/ros2_ws/install/turtlesim/lib/libturtlesim__rosidl_typesupport_cpp.so
[31.496s] -- Set runtime path of "/home/rian/ros2_ws/install/turtlesim/lib/libturtlesim__rosidl_typesupport_cpp.so" to ""
[31.496s] -- Installing: /home/rian/ros2_ws/install/turtlesim/share/turtlesim/environment/pythonpath.sh
[31.496s] -- Installing: /home/rian/ros2_ws/install/turtlesim/share/turtlesim/environment/pythonpath.dsv
[31.496s] -- Installing: /home/rian/ros2_ws/install/turtlesim/local/lib/python3.10/dist-packages/turtlesim-1.4.2-py3.10.egg-info
[31.496s] -- Installing: /home/rian/ros2_ws/install/turtlesim/local/lib/python3.10/dist-packages/turtlesim-1.4.2-py3.10.egg-info/SOURCES.txt
[31.496s] -- Installing: /home/rian/ros2_ws/install/turtlesim/local/lib/python3.10/dist-packages/turtlesim-1.4.2-py3.10.egg-info/top_level.txt
[31.496s] -- Installing: /home/rian/ros2_ws/install/turtlesim/local/lib/python3.10/dist-packages/turtlesim-1.4.2-py3.10.egg-info/PKG-INFO
[31.496s] -- Installing: /home/rian/ros2_ws/install/turtlesim/local/lib/python3.10/dist-packages/turtlesim-1.4.2-py3.10.egg-info/dependency_links.txt
[31.496s] -- Installing: /home/rian/ros2_ws/install/turtlesim/local/lib/python3.10/dist-packages/turtlesim
[31.496s] -- Installing: /home/rian/ros2_ws/install/turtlesim/local/lib/python3.10/dist-packages/turtlesim/msg
[31.496s] -- Installing: /home/rian/ros2_ws/install/turtlesim/local/lib/python3.10/dist-packages/turtlesim/msg/__init__.py
[31.496s] -- Installing: /home/rian/ros2_ws/install/turtlesim/local/lib/python3.10/dist-packages/turtlesim/msg/_pose.py
[31.496s] -- Installing: /home/rian/ros2_ws/install/turtlesim/local/lib/python3.10/dist-packages/turtlesim/msg/_color.py
[31.497s] -- Installing: /home/rian/ros2_ws/install/turtlesim/local/lib/python3.10/dist-packages/turtlesim/msg/_color_s.c
[31.497s] -- Installing: /home/rian/ros2_ws/install/turtlesim/local/lib/python3.10/dist-packages/turtlesim/msg/_pose_s.c
[31.497s] -- Installing: /home/rian/ros2_ws/install/turtlesim/local/lib/python3.10/dist-packages/turtlesim/_turtlesim_s.ep.rosidl_typesupport_c.c
[31.497s] -- Installing: /home/rian/ros2_ws/install/turtlesim/local/lib/python3.10/dist-packages/turtlesim/__init__.py
[31.497s] -- Installing: /home/rian/ros2_ws/install/turtlesim/local/lib/python3.10/dist-packages/turtlesim/_turtlesim_s.ep.rosidl_typesupport_introspection_c.c
[31.497s] -- Installing: /home/rian/ros2_ws/install/turtlesim/local/lib/python3.10/dist-packages/turtlesim/libturtlesim__rosidl_generator_py.so
[31.497s] -- Installing: /home/rian/ros2_ws/install/turtlesim/local/lib/python3.10/dist-packages/turtlesim/turtlesim_s__rosidl_typesupport_c.cpython-310-x86_64-linux-gnu.so
[31.497s] -- Installing: /home/rian/ros2_ws/install/turtlesim/local/lib/python3.10/dist-packages/turtlesim/_turtlesim_s.ep.rosidl_typesupport_fastrtps_c.c
[31.497s] -- Installing: /home/rian/ros2_ws/install/turtlesim/local/lib/python3.10/dist-packages/turtlesim/turtlesim_s__rosidl_typesupport_introspection_c.cpython-310-x86_64-linux-gnu.so
[31.497s] -- Installing: /home/rian/ros2_ws/install/turtlesim/local/lib/python3.10/dist-packages/turtlesim/action
[31.497s] -- Installing: /home/rian/ros2_ws/install/turtlesim/local/lib/python3.10/dist-packages/turtlesim/action/_rotate_absolute_s.c
[31.498s] -- Installing: /home/rian/ros2_ws/install/turtlesim/local/lib/python3.10/dist-packages/turtlesim/action/__init__.py
[31.498s] -- Installing: /home/rian/ros2_ws/install/turtlesim/local/lib/python3.10/dist-packages/turtlesim/action/_rotate_absolute.py
[31.498s] -- Installing: /home/rian/ros2_ws/install/turtlesim/local/lib/python3.10/dist-packages/turtlesim/turtlesim_s__rosidl_typesupport_fastrtps_c.cpython-310-x86_64-linux-gnu.so
[31.498s] -- Installing: /home/rian/ros2_ws/install/turtlesim/local/lib/python3.10/dist-packages/turtlesim/srv
[31.498s] -- Installing: /home/rian/ros2_ws/install/turtlesim/local/lib/python3.10/dist-packages/turtlesim/srv/_set_pen.py
[31.498s] -- Installing: /home/rian/ros2_ws/install/turtlesim/local/lib/python3.10/dist-packages/turtlesim/srv/_teleport_absolute.py
[31.498s] -- Installing: /home/rian/ros2_ws/install/turtlesim/local/lib/python3.10/dist-packages/turtlesim/srv/_set_pen_s.c
[31.498s] -- Installing: /home/rian/ros2_ws/install/turtlesim/local/lib/python3.10/dist-packages/turtlesim/srv/__init__.py
[31.498s] -- Installing: /home/rian/ros2_ws/install/turtlesim/local/lib/python3.10/dist-packages/turtlesim/srv/_teleport_relative_s.c
[31.498s] -- Installing: /home/rian/ros2_ws/install/turtlesim/local/lib/python3.10/dist-packages/turtlesim/srv/_spawn_s.c
[31.498s] -- Installing: /home/rian/ros2_ws/install/turtlesim/local/lib/python3.10/dist-packages/turtlesim/srv/_kill_s.c
[31.498s] -- Installing: /home/rian/ros2_ws/install/turtlesim/local/lib/python3.10/dist-packages/turtlesim/srv/_teleport_absolute_s.c
[31.498s] -- Installing: /home/rian/ros2_ws/install/turtlesim/local/lib/python3.10/dist-packages/turtlesim/srv/_spawn.py
[31.498s] -- Installing: /home/rian/ros2_ws/install/turtlesim/local/lib/python3.10/dist-packages/turtlesim/srv/_kill.py
[31.498s] -- Installing: /home/rian/ros2_ws/install/turtlesim/local/lib/python3.10/dist-packages/turtlesim/srv/_teleport_relative.py
[31.547s] Listing '/home/rian/ros2_ws/install/turtlesim/local/lib/python3.10/dist-packages/turtlesim'...
[31.548s] Compiling '/home/rian/ros2_ws/install/turtlesim/local/lib/python3.10/dist-packages/turtlesim/__init__.py'...
[31.548s] Listing '/home/rian/ros2_ws/install/turtlesim/local/lib/python3.10/dist-packages/turtlesim/action'...
[31.548s] Compiling '/home/rian/ros2_ws/install/turtlesim/local/lib/python3.10/dist-packages/turtlesim/action/__init__.py'...
[31.548s] Compiling '/home/rian/ros2_ws/install/turtlesim/local/lib/python3.10/dist-packages/turtlesim/action/_rotate_absolute.py'...
[31.548s] Listing '/home/rian/ros2_ws/install/turtlesim/local/lib/python3.10/dist-packages/turtlesim/msg'...
[31.548s] Compiling '/home/rian/ros2_ws/install/turtlesim/local/lib/python3.10/dist-packages/turtlesim/msg/__init__.py'...
[31.548s] Compiling '/home/rian/ros2_ws/install/turtlesim/local/lib/python3.10/dist-packages/turtlesim/msg/_color.py'...
[31.548s] Compiling '/home/rian/ros2_ws/install/turtlesim/local/lib/python3.10/dist-packages/turtlesim/msg/_pose.py'...
[31.548s] Listing '/home/rian/ros2_ws/install/turtlesim/local/lib/python3.10/dist-packages/turtlesim/srv'...
[31.548s] Compiling '/home/rian/ros2_ws/install/turtlesim/local/lib/python3.10/dist-packages/turtlesim/srv/__init__.py'...
[31.548s] Compiling '/home/rian/ros2_ws/install/turtlesim/local/lib/python3.10/dist-packages/turtlesim/srv/_kill.py'...
[31.548s] Compiling '/home/rian/ros2_ws/install/turtlesim/local/lib/python3.10/dist-packages/turtlesim/srv/_set_pen.py'...
[31.548s] Compiling '/home/rian/ros2_ws/install/turtlesim/local/lib/python3.10/dist-packages/turtlesim/srv/_spawn.py'...
[31.548s] Compiling '/home/rian/ros2_ws/install/turtlesim/local/lib/python3.10/dist-packages/turtlesim/srv/_teleport_absolute.py'...
[31.548s] Compiling '/home/rian/ros2_ws/install/turtlesim/local/lib/python3.10/dist-packages/turtlesim/srv/_teleport_relative.py'...
[31.551s] -- Installing: /home/rian/ros2_ws/install/turtlesim/local/lib/python3.10/dist-packages/turtlesim/turtlesim_s__rosidl_typesupport_fastrtps_c.cpython-310-x86_64-linux-gnu.so
[31.551s] -- Set runtime path of "/home/rian/ros2_ws/install/turtlesim/local/lib/python3.10/dist-packages/turtlesim/turtlesim_s__rosidl_typesupport_fastrtps_c.cpython-310-x86_64-linux-gnu.so" to ""
[31.551s] -- Installing: /home/rian/ros2_ws/install/turtlesim/local/lib/python3.10/dist-packages/turtlesim/turtlesim_s__rosidl_typesupport_introspection_c.cpython-310-x86_64-linux-gnu.so
[31.551s] -- Set runtime path of "/home/rian/ros2_ws/install/turtlesim/local/lib/python3.10/dist-packages/turtlesim/turtlesim_s__rosidl_typesupport_introspection_c.cpython-310-x86_64-linux-gnu.so" to ""
[31.551s] -- Installing: /home/rian/ros2_ws/install/turtlesim/local/lib/python3.10/dist-packages/turtlesim/turtlesim_s__rosidl_typesupport_c.cpython-310-x86_64-linux-gnu.so
[31.551s] -- Set runtime path of "/home/rian/ros2_ws/install/turtlesim/local/lib/python3.10/dist-packages/turtlesim/turtlesim_s__rosidl_typesupport_c.cpython-310-x86_64-linux-gnu.so" to ""
[31.552s] -- Installing: /home/rian/ros2_ws/install/turtlesim/lib/libturtlesim__rosidl_generator_py.so
[31.552s] -- Set runtime path of "/home/rian/ros2_ws/install/turtlesim/lib/libturtlesim__rosidl_generator_py.so" to ""
[31.552s] -- Installing: /home/rian/ros2_ws/install/turtlesim/share/turtlesim/action/RotateAbsolute.idl
[31.552s] -- Installing: /home/rian/ros2_ws/install/turtlesim/share/turtlesim/msg/Color.idl
[31.552s] -- Installing: /home/rian/ros2_ws/install/turtlesim/share/turtlesim/msg/Pose.idl
[31.552s] -- Installing: /home/rian/ros2_ws/install/turtlesim/share/turtlesim/srv/Kill.idl
[31.552s] -- Installing: /home/rian/ros2_ws/install/turtlesim/share/turtlesim/srv/SetPen.idl
[31.552s] -- Installing: /home/rian/ros2_ws/install/turtlesim/share/turtlesim/srv/Spawn.idl
[31.552s] -- Installing: /home/rian/ros2_ws/install/turtlesim/share/turtlesim/srv/TeleportAbsolute.idl
[31.552s] -- Installing: /home/rian/ros2_ws/install/turtlesim/share/turtlesim/srv/TeleportRelative.idl
[31.553s] -- Installing: /home/rian/ros2_ws/install/turtlesim/share/turtlesim/action/RotateAbsolute.action
[31.553s] -- Installing: /home/rian/ros2_ws/install/turtlesim/share/turtlesim/msg/Color.msg
[31.553s] -- Installing: /home/rian/ros2_ws/install/turtlesim/share/turtlesim/msg/Pose.msg
[31.553s] -- Installing: /home/rian/ros2_ws/install/turtlesim/share/turtlesim/srv/Kill.srv
[31.553s] -- Installing: /home/rian/ros2_ws/install/turtlesim/share/turtlesim/srv/Kill_Request.msg
[31.553s] -- Installing: /home/rian/ros2_ws/install/turtlesim/share/turtlesim/srv/Kill_Response.msg
[31.553s] -- Installing: /home/rian/ros2_ws/install/turtlesim/share/turtlesim/srv/SetPen.srv
[31.553s] -- Installing: /home/rian/ros2_ws/install/turtlesim/share/turtlesim/srv/SetPen_Request.msg
[31.553s] -- Installing: /home/rian/ros2_ws/install/turtlesim/share/turtlesim/srv/SetPen_Response.msg
[31.553s] -- Installing: /home/rian/ros2_ws/install/turtlesim/share/turtlesim/srv/Spawn.srv
[31.553s] -- Installing: /home/rian/ros2_ws/install/turtlesim/share/turtlesim/srv/Spawn_Request.msg
[31.553s] -- Installing: /home/rian/ros2_ws/install/turtlesim/share/turtlesim/srv/Spawn_Response.msg
[31.553s] -- Installing: /home/rian/ros2_ws/install/turtlesim/share/turtlesim/srv/TeleportAbsolute.srv
[31.553s] -- Installing: /home/rian/ros2_ws/install/turtlesim/share/turtlesim/srv/TeleportAbsolute_Request.msg
[31.554s] -- Installing: /home/rian/ros2_ws/install/turtlesim/share/turtlesim/srv/TeleportAbsolute_Response.msg
[31.554s] -- Installing: /home/rian/ros2_ws/install/turtlesim/share/turtlesim/srv/TeleportRelative.srv
[31.554s] -- Installing: /home/rian/ros2_ws/install/turtlesim/share/turtlesim/srv/TeleportRelative_Request.msg
[31.554s] -- Installing: /home/rian/ros2_ws/install/turtlesim/share/turtlesim/srv/TeleportRelative_Response.msg
[31.554s] -- Installing: /home/rian/ros2_ws/install/turtlesim/lib/turtlesim/turtlesim_node
[31.559s] -- Set runtime path of "/home/rian/ros2_ws/install/turtlesim/lib/turtlesim/turtlesim_node" to ""
[31.559s] -- Installing: /home/rian/ros2_ws/install/turtlesim/lib/turtlesim/turtle_teleop_key
[31.560s] -- Set runtime path of "/home/rian/ros2_ws/install/turtlesim/lib/turtlesim/turtle_teleop_key" to ""
[31.560s] -- Installing: /home/rian/ros2_ws/install/turtlesim/lib/turtlesim/draw_square
[31.562s] -- Set runtime path of "/home/rian/ros2_ws/install/turtlesim/lib/turtlesim/draw_square" to ""
[31.563s] -- Installing: /home/rian/ros2_ws/install/turtlesim/lib/turtlesim/mimic
[31.565s] -- Set runtime path of "/home/rian/ros2_ws/install/turtlesim/lib/turtlesim/mimic" to ""
[31.565s] -- Installing: /home/rian/ros2_ws/install/turtlesim/share/turtlesim/images
[31.565s] -- Installing: /home/rian/ros2_ws/install/turtlesim/share/turtlesim/images/foxy.png
[31.565s] -- Installing: /home/rian/ros2_ws/install/turtlesim/share/turtlesim/images/galactic.png
[31.565s] -- Installing: /home/rian/ros2_ws/install/turtlesim/share/turtlesim/images/rolling.png
[31.565s] -- Installing: /home/rian/ros2_ws/install/turtlesim/share/turtlesim/images/crystal.png
[31.565s] -- Installing: /home/rian/ros2_ws/install/turtlesim/share/turtlesim/images/bouncy.png
[31.565s] -- Installing: /home/rian/ros2_ws/install/turtlesim/share/turtlesim/images/ardent.png
[31.565s] -- Installing: /home/rian/ros2_ws/install/turtlesim/share/turtlesim/images/eloquent.png
[31.565s] -- Installing: /home/rian/ros2_ws/install/turtlesim/share/turtlesim/images/humble.png
[31.565s] -- Installing: /home/rian/ros2_ws/install/turtlesim/share/turtlesim/images/dashing.png
[31.565s] -- Installing: /home/rian/ros2_ws/install/turtlesim/share/turtlesim/launch
[31.565s] -- Installing: /home/rian/ros2_ws/install/turtlesim/share/turtlesim/launch/multisim.launch.py
[31.565s] -- Installing: /home/rian/ros2_ws/install/turtlesim/share/ament_index/resource_index/package_run_dependencies/turtlesim
[31.565s] -- Installing: /home/rian/ros2_ws/install/turtlesim/share/ament_index/resource_index/parent_prefix_path/turtlesim
[31.565s] -- Installing: /home/rian/ros2_ws/install/turtlesim/share/turtlesim/environment/ament_prefix_path.sh
[31.565s] -- Installing: /home/rian/ros2_ws/install/turtlesim/share/turtlesim/environment/ament_prefix_path.dsv
[31.566s] -- Installing: /home/rian/ros2_ws/install/turtlesim/share/turtlesim/environment/path.sh
[31.566s] -- Installing: /home/rian/ros2_ws/install/turtlesim/share/turtlesim/environment/path.dsv
[31.566s] -- Installing: /home/rian/ros2_ws/install/turtlesim/share/turtlesim/local_setup.bash
[31.566s] -- Installing: /home/rian/ros2_ws/install/turtlesim/share/turtlesim/local_setup.sh
[31.566s] -- Installing: /home/rian/ros2_ws/install/turtlesim/share/turtlesim/local_setup.zsh
[31.566s] -- Installing: /home/rian/ros2_ws/install/turtlesim/share/turtlesim/local_setup.dsv
[31.566s] -- Installing: /home/rian/ros2_ws/install/turtlesim/share/turtlesim/package.dsv
[31.566s] -- Installing: /home/rian/ros2_ws/install/turtlesim/share/ament_index/resource_index/packages/turtlesim
[31.566s] -- Installing: /home/rian/ros2_ws/install/turtlesim/share/turtlesim/cmake/export_turtlesim__rosidl_generator_cExport.cmake
[31.566s] -- Installing: /home/rian/ros2_ws/install/turtlesim/share/turtlesim/cmake/export_turtlesim__rosidl_generator_cExport-noconfig.cmake
[31.566s] -- Installing: /home/rian/ros2_ws/install/turtlesim/share/turtlesim/cmake/export_turtlesim__rosidl_typesupport_fastrtps_cExport.cmake
[31.566s] -- Installing: /home/rian/ros2_ws/install/turtlesim/share/turtlesim/cmake/export_turtlesim__rosidl_typesupport_fastrtps_cExport-noconfig.cmake
[31.566s] -- Installing: /home/rian/ros2_ws/install/turtlesim/share/turtlesim/cmake/export_turtlesim__rosidl_generator_cppExport.cmake
[31.567s] -- Installing: /home/rian/ros2_ws/install/turtlesim/share/turtlesim/cmake/export_turtlesim__rosidl_typesupport_fastrtps_cppExport.cmake
[31.567s] -- Installing: /home/rian/ros2_ws/install/turtlesim/share/turtlesim/cmake/export_turtlesim__rosidl_typesupport_fastrtps_cppExport-noconfig.cmake
[31.567s] -- Installing: /home/rian/ros2_ws/install/turtlesim/share/turtlesim/cmake/turtlesim__rosidl_typesupport_introspection_cExport.cmake
[31.567s] -- Installing: /home/rian/ros2_ws/install/turtlesim/share/turtlesim/cmake/turtlesim__rosidl_typesupport_introspection_cExport-noconfig.cmake
[31.567s] -- Installing: /home/rian/ros2_ws/install/turtlesim/share/turtlesim/cmake/turtlesim__rosidl_typesupport_cExport.cmake
[31.567s] -- Installing: /home/rian/ros2_ws/install/turtlesim/share/turtlesim/cmake/turtlesim__rosidl_typesupport_cExport-noconfig.cmake
[31.567s] -- Installing: /home/rian/ros2_ws/install/turtlesim/share/turtlesim/cmake/turtlesim__rosidl_typesupport_introspection_cppExport.cmake
[31.567s] -- Installing: /home/rian/ros2_ws/install/turtlesim/share/turtlesim/cmake/turtlesim__rosidl_typesupport_introspection_cppExport-noconfig.cmake
[31.567s] -- Installing: /home/rian/ros2_ws/install/turtlesim/share/turtlesim/cmake/turtlesim__rosidl_typesupport_cppExport.cmake
[31.567s] -- Installing: /home/rian/ros2_ws/install/turtlesim/share/turtlesim/cmake/turtlesim__rosidl_typesupport_cppExport-noconfig.cmake
[31.567s] -- Installing: /home/rian/ros2_ws/install/turtlesim/share/turtlesim/cmake/export_turtlesim__rosidl_generator_pyExport.cmake
[31.567s] -- Installing: /home/rian/ros2_ws/install/turtlesim/share/turtlesim/cmake/export_turtlesim__rosidl_generator_pyExport-noconfig.cmake
[31.567s] -- Installing: /home/rian/ros2_ws/install/turtlesim/share/turtlesim/cmake/rosidl_cmake-extras.cmake
[31.568s] -- Installing: /home/rian/ros2_ws/install/turtlesim/share/turtlesim/cmake/ament_cmake_export_dependencies-extras.cmake
[31.568s] -- Installing: /home/rian/ros2_ws/install/turtlesim/share/turtlesim/cmake/ament_cmake_export_include_directories-extras.cmake
[31.568s] -- Installing: /home/rian/ros2_ws/install/turtlesim/share/turtlesim/cmake/ament_cmake_export_libraries-extras.cmake
[31.568s] -- Installing: /home/rian/ros2_ws/install/turtlesim/share/turtlesim/cmake/ament_cmake_export_targets-extras.cmake
[31.568s] -- Installing: /home/rian/ros2_ws/install/turtlesim/share/turtlesim/cmake/rosidl_cmake_export_typesupport_targets-extras.cmake
[31.568s] -- Installing: /home/rian/ros2_ws/install/turtlesim/share/turtlesim/cmake/rosidl_cmake_export_typesupport_libraries-extras.cmake
[31.568s] -- Installing: /home/rian/ros2_ws/install/turtlesim/share/turtlesim/cmake/turtlesimConfig.cmake
[31.568s] -- Installing: /home/rian/ros2_ws/install/turtlesim/share/turtlesim/cmake/turtlesimConfig-version.cmake
[31.568s] -- Installing: /home/rian/ros2_ws/install/turtlesim/share/turtlesim/package.xml
[31.570s] Invoked command in '/home/rian/ros2_ws/build/turtlesim' returned '0': CMAKE_PREFIX_PATH=/opt/ros/humble /usr/bin/cmake --install /home/rian/ros2_ws/build/turtlesim
