[0.068s] Invoking command in '/home/rian/ros2_ws/build/examples_rclcpp_minimal_action_server': CMAKE_PREFIX_PATH=${CMAKE_PREFIX_PATH}:/home/rian/ros2_ws/install/launch_testing_examples:/home/rian/ros2_ws/install/examples_rclpy_pointcloud_publisher:/home/rian/ros2_ws/install/examples_rclpy_minimal_subscriber:/home/rian/ros2_ws/install/examples_rclpy_minimal_service:/home/rian/ros2_ws/install/examples_rclpy_minimal_publisher:/home/rian/ros2_ws/install/examples_rclpy_minimal_client:/home/rian/ros2_ws/install/examples_rclpy_minimal_action_server:/home/rian/ros2_ws/install/examples_rclpy_minimal_action_client:/home/rian/ros2_ws/install/examples_rclpy_guard_conditions:/home/rian/ros2_ws/install/examples_rclpy_executors:/opt/ros/humble /usr/bin/cmake --build /home/rian/ros2_ws/build/examples_rclcpp_minimal_action_server -- -j20 -l20
[1.632s] [35m[1mConsolidate compiler generated dependencies of target action_server_member_functions[0m
[1.632s] [35m[1mConsolidate compiler generated dependencies of target action_server_not_composable[0m
[1.632s] [ 50%] Built target action_server_member_functions
[1.633s] [100%] Built target action_server_not_composable
[1.661s] Invoked command in '/home/rian/ros2_ws/build/examples_rclcpp_minimal_action_server' returned '0': CMAKE_PREFIX_PATH=${CMAKE_PREFIX_PATH}:/home/rian/ros2_ws/install/launch_testing_examples:/home/rian/ros2_ws/install/examples_rclpy_pointcloud_publisher:/home/rian/ros2_ws/install/examples_rclpy_minimal_subscriber:/home/rian/ros2_ws/install/examples_rclpy_minimal_service:/home/rian/ros2_ws/install/examples_rclpy_minimal_publisher:/home/rian/ros2_ws/install/examples_rclpy_minimal_client:/home/rian/ros2_ws/install/examples_rclpy_minimal_action_server:/home/rian/ros2_ws/install/examples_rclpy_minimal_action_client:/home/rian/ros2_ws/install/examples_rclpy_guard_conditions:/home/rian/ros2_ws/install/examples_rclpy_executors:/opt/ros/humble /usr/bin/cmake --build /home/rian/ros2_ws/build/examples_rclcpp_minimal_action_server -- -j20 -l20
[1.684s] Invoking command in '/home/rian/ros2_ws/build/examples_rclcpp_minimal_action_server': CMAKE_PREFIX_PATH=${CMAKE_PREFIX_PATH}:/home/rian/ros2_ws/install/launch_testing_examples:/home/rian/ros2_ws/install/examples_rclpy_pointcloud_publisher:/home/rian/ros2_ws/install/examples_rclpy_minimal_subscriber:/home/rian/ros2_ws/install/examples_rclpy_minimal_service:/home/rian/ros2_ws/install/examples_rclpy_minimal_publisher:/home/rian/ros2_ws/install/examples_rclpy_minimal_client:/home/rian/ros2_ws/install/examples_rclpy_minimal_action_server:/home/rian/ros2_ws/install/examples_rclpy_minimal_action_client:/home/rian/ros2_ws/install/examples_rclpy_guard_conditions:/home/rian/ros2_ws/install/examples_rclpy_executors:/opt/ros/humble /usr/bin/cmake --install /home/rian/ros2_ws/build/examples_rclcpp_minimal_action_server
[1.705s] -- Install configuration: ""
[1.706s] -- Up-to-date: /home/rian/ros2_ws/install/examples_rclcpp_minimal_action_server/lib/examples_rclcpp_minimal_action_server/action_server_not_composable
[1.707s] -- Up-to-date: /home/rian/ros2_ws/install/examples_rclcpp_minimal_action_server/lib/examples_rclcpp_minimal_action_server/action_server_member_functions
[1.707s] -- Up-to-date: /home/rian/ros2_ws/install/examples_rclcpp_minimal_action_server/share/ament_index/resource_index/package_run_dependencies/examples_rclcpp_minimal_action_server
[1.707s] -- Up-to-date: /home/rian/ros2_ws/install/examples_rclcpp_minimal_action_server/share/ament_index/resource_index/parent_prefix_path/examples_rclcpp_minimal_action_server
[1.707s] -- Up-to-date: /home/rian/ros2_ws/install/examples_rclcpp_minimal_action_server/share/examples_rclcpp_minimal_action_server/environment/ament_prefix_path.sh
[1.707s] -- Up-to-date: /home/rian/ros2_ws/install/examples_rclcpp_minimal_action_server/share/examples_rclcpp_minimal_action_server/environment/ament_prefix_path.dsv
[1.707s] -- Up-to-date: /home/rian/ros2_ws/install/examples_rclcpp_minimal_action_server/share/examples_rclcpp_minimal_action_server/environment/path.sh
[1.707s] -- Up-to-date: /home/rian/ros2_ws/install/examples_rclcpp_minimal_action_server/share/examples_rclcpp_minimal_action_server/environment/path.dsv
[1.707s] -- Up-to-date: /home/rian/ros2_ws/install/examples_rclcpp_minimal_action_server/share/examples_rclcpp_minimal_action_server/local_setup.bash
[1.707s] -- Up-to-date: /home/rian/ros2_ws/install/examples_rclcpp_minimal_action_server/share/examples_rclcpp_minimal_action_server/local_setup.sh
[1.707s] -- Up-to-date: /home/rian/ros2_ws/install/examples_rclcpp_minimal_action_server/share/examples_rclcpp_minimal_action_server/local_setup.zsh
[1.707s] -- Up-to-date: /home/rian/ros2_ws/install/examples_rclcpp_minimal_action_server/share/examples_rclcpp_minimal_action_server/local_setup.dsv
[1.707s] -- Installing: /home/rian/ros2_ws/install/examples_rclcpp_minimal_action_server/share/examples_rclcpp_minimal_action_server/package.dsv
[1.708s] -- Up-to-date: /home/rian/ros2_ws/install/examples_rclcpp_minimal_action_server/share/ament_index/resource_index/packages/examples_rclcpp_minimal_action_server
[1.708s] -- Up-to-date: /home/rian/ros2_ws/install/examples_rclcpp_minimal_action_server/share/examples_rclcpp_minimal_action_server/cmake/examples_rclcpp_minimal_action_serverConfig.cmake
[1.708s] -- Up-to-date: /home/rian/ros2_ws/install/examples_rclcpp_minimal_action_server/share/examples_rclcpp_minimal_action_server/cmake/examples_rclcpp_minimal_action_serverConfig-version.cmake
[1.708s] -- Up-to-date: /home/rian/ros2_ws/install/examples_rclcpp_minimal_action_server/share/examples_rclcpp_minimal_action_server/package.xml
[1.728s] Invoked command in '/home/rian/ros2_ws/build/examples_rclcpp_minimal_action_server' returned '0': CMAKE_PREFIX_PATH=${CMAKE_PREFIX_PATH}:/home/rian/ros2_ws/install/launch_testing_examples:/home/rian/ros2_ws/install/examples_rclpy_pointcloud_publisher:/home/rian/ros2_ws/install/examples_rclpy_minimal_subscriber:/home/rian/ros2_ws/install/examples_rclpy_minimal_service:/home/rian/ros2_ws/install/examples_rclpy_minimal_publisher:/home/rian/ros2_ws/install/examples_rclpy_minimal_client:/home/rian/ros2_ws/install/examples_rclpy_minimal_action_server:/home/rian/ros2_ws/install/examples_rclpy_minimal_action_client:/home/rian/ros2_ws/install/examples_rclpy_guard_conditions:/home/rian/ros2_ws/install/examples_rclpy_executors:/opt/ros/humble /usr/bin/cmake --install /home/rian/ros2_ws/build/examples_rclcpp_minimal_action_server
