[0.044s] Invoking command in '/home/rian/ros2_ws/build/examples_rclcpp_minimal_action_server': CMAKE_PREFIX_PATH=/opt/ros/humble /usr/bin/cmake /home/rian/ros2_ws/src/examples/rclcpp/actions/minimal_action_server -DCMAKE_INSTALL_PREFIX=/home/rian/ros2_ws/install/examples_rclcpp_minimal_action_server
[1.943s] -- The C compiler identification is GNU 11.4.0
[1.943s] -- The CXX compiler identification is GNU 11.4.0
[1.943s] -- Detecting C compiler ABI info
[1.943s] -- Detecting C compiler ABI info - done
[1.943s] -- Check for working C compiler: /usr/bin/cc - skipped
[1.943s] -- Detecting C compile features
[1.943s] -- Detecting C compile features - done
[1.943s] -- Detecting CXX compiler ABI info
[1.943s] -- Detecting CXX compiler ABI info - done
[1.943s] -- Check for working CXX compiler: /usr/bin/c++ - skipped
[1.943s] -- Detecting CXX compile features
[1.943s] -- Detecting CXX compile features - done
[1.943s] -- Found ament_cmake: 1.3.9 (/opt/ros/humble/share/ament_cmake/cmake)
[1.943s] -- Found Python3: /usr/bin/python3 (found version "3.10.12") found components: Interpreter 
[1.943s] -- Found example_interfaces: 0.9.3 (/opt/ros/humble/share/example_interfaces/cmake)
[1.944s] -- Found rosidl_generator_c: 3.1.5 (/opt/ros/humble/share/rosidl_generator_c/cmake)
[1.944s] -- Found rosidl_adapter: 3.1.5 (/opt/ros/humble/share/rosidl_adapter/cmake)
[1.944s] -- Found rosidl_generator_cpp: 3.1.5 (/opt/ros/humble/share/rosidl_generator_cpp/cmake)
[1.944s] -- Using all available rosidl_typesupport_c: rosidl_typesupport_fastrtps_c;rosidl_typesupport_introspection_c
[1.944s] -- Using all available rosidl_typesupport_cpp: rosidl_typesupport_fastrtps_cpp;rosidl_typesupport_introspection_cpp
[1.944s] -- Found rclcpp: 16.0.9 (/opt/ros/humble/share/rclcpp/cmake)
[1.944s] -- Found rmw_implementation_cmake: 6.1.2 (/opt/ros/humble/share/rmw_implementation_cmake/cmake)
[1.945s] -- Found rmw_fastrtps_cpp: 6.2.6 (/opt/ros/humble/share/rmw_fastrtps_cpp/cmake)
[1.946s] -- Found OpenSSL: /usr/lib/x86_64-linux-gnu/libcrypto.so (found version "3.0.2")  
[1.946s] -- Found FastRTPS: /opt/ros/humble/include  
[1.946s] -- Using RMW implementation 'rmw_fastrtps_cpp' as default
[1.946s] -- Looking for pthread.h
[1.946s] -- Looking for pthread.h - found
[1.946s] -- Performing Test CMAKE_HAVE_LIBC_PTHREAD
[1.946s] -- Performing Test CMAKE_HAVE_LIBC_PTHREAD - Success
[1.946s] -- Found Threads: TRUE  
[1.946s] -- Found rclcpp_action: 16.0.9 (/opt/ros/humble/share/rclcpp_action/cmake)
[1.946s] -- Found ament_lint_auto: 0.12.11 (/opt/ros/humble/share/ament_lint_auto/cmake)
[1.946s] -- Added test 'copyright' to check source files copyright and LICENSE
[1.946s] -- Added test 'cppcheck' to perform static code analysis on C / C++ code
[1.946s] -- Configured cppcheck include dirs: 
[1.946s] -- Configured cppcheck exclude dirs and/or files: 
[1.946s] -- Added test 'cpplint' to check C / C++ code against the Google style
[1.946s] -- Configured cpplint exclude dirs and/or files: 
[1.946s] -- Added test 'lint_cmake' to check CMake code style
[1.946s] -- Added test 'uncrustify' to check C / C++ code style
[1.946s] -- Configured uncrustify additional arguments: 
[1.947s] -- Added test 'xmllint' to check XML markup files
[1.947s] -- Configuring done
[1.947s] -- Generating done
[1.947s] -- Build files have been written to: /home/rian/ros2_ws/build/examples_rclcpp_minimal_action_server
[1.969s] Invoked command in '/home/rian/ros2_ws/build/examples_rclcpp_minimal_action_server' returned '0': CMAKE_PREFIX_PATH=/opt/ros/humble /usr/bin/cmake /home/rian/ros2_ws/src/examples/rclcpp/actions/minimal_action_server -DCMAKE_INSTALL_PREFIX=/home/rian/ros2_ws/install/examples_rclcpp_minimal_action_server
[1.970s] Invoking command in '/home/rian/ros2_ws/build/examples_rclcpp_minimal_action_server': CMAKE_PREFIX_PATH=/opt/ros/humble /usr/bin/cmake --build /home/rian/ros2_ws/build/examples_rclcpp_minimal_action_server -- -j20 -l20
[2.015s] [ 25%] [32mBuilding CXX object CMakeFiles/action_server_member_functions.dir/member_functions.cpp.o[0m
[2.028s] [ 50%] [32mBuilding CXX object CMakeFiles/action_server_not_composable.dir/not_composable.cpp.o[0m
[16.182s] [ 75%] [32m[1mLinking CXX executable action_server_member_functions[0m
[16.649s] [ 75%] Built target action_server_member_functions
[17.561s] [100%] [32m[1mLinking CXX executable action_server_not_composable[0m
[18.093s] [100%] Built target action_server_not_composable
[18.135s] Invoked command in '/home/rian/ros2_ws/build/examples_rclcpp_minimal_action_server' returned '0': CMAKE_PREFIX_PATH=/opt/ros/humble /usr/bin/cmake --build /home/rian/ros2_ws/build/examples_rclcpp_minimal_action_server -- -j20 -l20
[18.592s] Invoking command in '/home/rian/ros2_ws/build/examples_rclcpp_minimal_action_server': CMAKE_PREFIX_PATH=/opt/ros/humble /usr/bin/cmake --install /home/rian/ros2_ws/build/examples_rclcpp_minimal_action_server
[18.629s] -- Install configuration: ""
[18.629s] -- Installing: /home/rian/ros2_ws/install/examples_rclcpp_minimal_action_server/lib/examples_rclcpp_minimal_action_server/action_server_not_composable
[18.630s] -- Set runtime path of "/home/rian/ros2_ws/install/examples_rclcpp_minimal_action_server/lib/examples_rclcpp_minimal_action_server/action_server_not_composable" to ""
[18.630s] -- Installing: /home/rian/ros2_ws/install/examples_rclcpp_minimal_action_server/lib/examples_rclcpp_minimal_action_server/action_server_member_functions
[18.631s] -- Set runtime path of "/home/rian/ros2_ws/install/examples_rclcpp_minimal_action_server/lib/examples_rclcpp_minimal_action_server/action_server_member_functions" to ""
[18.631s] -- Installing: /home/rian/ros2_ws/install/examples_rclcpp_minimal_action_server/share/ament_index/resource_index/package_run_dependencies/examples_rclcpp_minimal_action_server
[18.631s] -- Installing: /home/rian/ros2_ws/install/examples_rclcpp_minimal_action_server/share/ament_index/resource_index/parent_prefix_path/examples_rclcpp_minimal_action_server
[18.632s] -- Installing: /home/rian/ros2_ws/install/examples_rclcpp_minimal_action_server/share/examples_rclcpp_minimal_action_server/environment/ament_prefix_path.sh
[18.632s] -- Installing: /home/rian/ros2_ws/install/examples_rclcpp_minimal_action_server/share/examples_rclcpp_minimal_action_server/environment/ament_prefix_path.dsv
[18.632s] -- Installing: /home/rian/ros2_ws/install/examples_rclcpp_minimal_action_server/share/examples_rclcpp_minimal_action_server/environment/path.sh
[18.632s] -- Installing: /home/rian/ros2_ws/install/examples_rclcpp_minimal_action_server/share/examples_rclcpp_minimal_action_server/environment/path.dsv
[18.632s] -- Installing: /home/rian/ros2_ws/install/examples_rclcpp_minimal_action_server/share/examples_rclcpp_minimal_action_server/local_setup.bash
[18.632s] -- Installing: /home/rian/ros2_ws/install/examples_rclcpp_minimal_action_server/share/examples_rclcpp_minimal_action_server/local_setup.sh
[18.632s] -- Installing: /home/rian/ros2_ws/install/examples_rclcpp_minimal_action_server/share/examples_rclcpp_minimal_action_server/local_setup.zsh
[18.633s] -- Installing: /home/rian/ros2_ws/install/examples_rclcpp_minimal_action_server/share/examples_rclcpp_minimal_action_server/local_setup.dsv
[18.633s] -- Installing: /home/rian/ros2_ws/install/examples_rclcpp_minimal_action_server/share/examples_rclcpp_minimal_action_server/package.dsv
[18.633s] -- Installing: /home/rian/ros2_ws/install/examples_rclcpp_minimal_action_server/share/ament_index/resource_index/packages/examples_rclcpp_minimal_action_server
[18.633s] -- Installing: /home/rian/ros2_ws/install/examples_rclcpp_minimal_action_server/share/examples_rclcpp_minimal_action_server/cmake/examples_rclcpp_minimal_action_serverConfig.cmake
[18.633s] -- Installing: /home/rian/ros2_ws/install/examples_rclcpp_minimal_action_server/share/examples_rclcpp_minimal_action_server/cmake/examples_rclcpp_minimal_action_serverConfig-version.cmake
[18.633s] -- Installing: /home/rian/ros2_ws/install/examples_rclcpp_minimal_action_server/share/examples_rclcpp_minimal_action_server/package.xml
[18.642s] Invoked command in '/home/rian/ros2_ws/build/examples_rclcpp_minimal_action_server' returned '0': CMAKE_PREFIX_PATH=/opt/ros/humble /usr/bin/cmake --install /home/rian/ros2_ws/build/examples_rclcpp_minimal_action_server
