[2.340s] Invoking command in '/home/rian/ros2_ws/src/examples/rclpy/services/minimal_client': PYTHONPATH=/home/rian/ros2_ws/build/examples_rclpy_minimal_client/prefix_override:/usr/lib/python3/dist-packages/colcon_core/task/python/colcon_distutils_commands:/home/rian/ros2_ws/install/examples_rclpy_minimal_client/lib/python3.10/site-packages:${PYTHONPATH} /usr/bin/python3 -W ignore:setup.py install is deprecated setup.py egg_info --egg-base ../../../../../build/examples_rclpy_minimal_client build --build-base /home/rian/ros2_ws/build/examples_rclpy_minimal_client/build install --record /home/rian/ros2_ws/build/examples_rclpy_minimal_client/install.log --single-version-externally-managed install_data
[2.632s] running egg_info
[2.634s] writing ../../../../../build/examples_rclpy_minimal_client/examples_rclpy_minimal_client.egg-info/PKG-INFO
[2.634s] writing dependency_links to ../../../../../build/examples_rclpy_minimal_client/examples_rclpy_minimal_client.egg-info/dependency_links.txt
[2.634s] writing entry points to ../../../../../build/examples_rclpy_minimal_client/examples_rclpy_minimal_client.egg-info/entry_points.txt
[2.635s] writing requirements to ../../../../../build/examples_rclpy_minimal_client/examples_rclpy_minimal_client.egg-info/requires.txt
[2.635s] writing top-level names to ../../../../../build/examples_rclpy_minimal_client/examples_rclpy_minimal_client.egg-info/top_level.txt
[2.637s] reading manifest file '../../../../../build/examples_rclpy_minimal_client/examples_rclpy_minimal_client.egg-info/SOURCES.txt'
[2.648s] writing manifest file '../../../../../build/examples_rclpy_minimal_client/examples_rclpy_minimal_client.egg-info/SOURCES.txt'
[2.648s] running build
[2.648s] running build_py
[2.649s] running install
[2.649s] running install_lib
[2.651s] running install_data
[2.651s] running install_egg_info
[2.653s] removing '/home/rian/ros2_ws/install/examples_rclpy_minimal_client/lib/python3.10/site-packages/examples_rclpy_minimal_client-0.15.1-py3.10.egg-info' (and everything under it)
[2.654s] Copying ../../../../../build/examples_rclpy_minimal_client/examples_rclpy_minimal_client.egg-info to /home/rian/ros2_ws/install/examples_rclpy_minimal_client/lib/python3.10/site-packages/examples_rclpy_minimal_client-0.15.1-py3.10.egg-info
[2.655s] running install_scripts
[2.687s] Installing client script to /home/rian/ros2_ws/install/examples_rclpy_minimal_client/lib/examples_rclpy_minimal_client
[2.687s] Installing client_async script to /home/rian/ros2_ws/install/examples_rclpy_minimal_client/lib/examples_rclpy_minimal_client
[2.687s] Installing client_async_callback script to /home/rian/ros2_ws/install/examples_rclpy_minimal_client/lib/examples_rclpy_minimal_client
[2.687s] Installing client_async_member_function script to /home/rian/ros2_ws/install/examples_rclpy_minimal_client/lib/examples_rclpy_minimal_client
[2.688s] writing list of installed files to '/home/rian/ros2_ws/build/examples_rclpy_minimal_client/install.log'
[2.724s] Invoked command in '/home/rian/ros2_ws/src/examples/rclpy/services/minimal_client' returned '0': PYTHONPATH=/home/rian/ros2_ws/build/examples_rclpy_minimal_client/prefix_override:/usr/lib/python3/dist-packages/colcon_core/task/python/colcon_distutils_commands:/home/rian/ros2_ws/install/examples_rclpy_minimal_client/lib/python3.10/site-packages:${PYTHONPATH} /usr/bin/python3 -W ignore:setup.py install is deprecated setup.py egg_info --egg-base ../../../../../build/examples_rclpy_minimal_client build --build-base /home/rian/ros2_ws/build/examples_rclpy_minimal_client/build install --record /home/rian/ros2_ws/build/examples_rclpy_minimal_client/install.log --single-version-externally-managed install_data
