[0.043s] Invoking command in '/home/rian/ros2_ws/build/examples_rclcpp_wait_set': CMAKE_PREFIX_PATH=/opt/ros/humble /usr/bin/cmake /home/rian/ros2_ws/src/examples/rclcpp/wait_set -DCMAKE_INSTALL_PREFIX=/home/rian/ros2_ws/install/examples_rclcpp_wait_set
[1.950s] -- The C compiler identification is GNU 11.4.0
[1.951s] -- The CXX compiler identification is GNU 11.4.0
[1.951s] -- Detecting C compiler ABI info
[1.951s] -- Detecting C compiler ABI info - done
[1.951s] -- Check for working C compiler: /usr/bin/cc - skipped
[1.951s] -- Detecting C compile features
[1.951s] -- Detecting C compile features - done
[1.951s] -- Detecting CXX compiler ABI info
[1.951s] -- Detecting CXX compiler ABI info - done
[1.951s] -- Check for working CXX compiler: /usr/bin/c++ - skipped
[1.951s] -- Detecting CXX compile features
[1.951s] -- Detecting CXX compile features - done
[1.951s] -- Found ament_cmake: 1.3.9 (/opt/ros/humble/share/ament_cmake/cmake)
[1.951s] -- Found Python3: /usr/bin/python3 (found version "3.10.12") found components: Interpreter 
[1.951s] -- Found example_interfaces: 0.9.3 (/opt/ros/humble/share/example_interfaces/cmake)
[1.952s] -- Found rosidl_generator_c: 3.1.5 (/opt/ros/humble/share/rosidl_generator_c/cmake)
[1.952s] -- Found rosidl_adapter: 3.1.5 (/opt/ros/humble/share/rosidl_adapter/cmake)
[1.952s] -- Found rosidl_generator_cpp: 3.1.5 (/opt/ros/humble/share/rosidl_generator_cpp/cmake)
[1.952s] -- Using all available rosidl_typesupport_c: rosidl_typesupport_fastrtps_c;rosidl_typesupport_introspection_c
[1.952s] -- Using all available rosidl_typesupport_cpp: rosidl_typesupport_fastrtps_cpp;rosidl_typesupport_introspection_cpp
[1.952s] -- Found rclcpp: 16.0.9 (/opt/ros/humble/share/rclcpp/cmake)
[1.952s] -- Found rmw_implementation_cmake: 6.1.2 (/opt/ros/humble/share/rmw_implementation_cmake/cmake)
[1.952s] -- Found rmw_fastrtps_cpp: 6.2.6 (/opt/ros/humble/share/rmw_fastrtps_cpp/cmake)
[1.952s] -- Found OpenSSL: /usr/lib/x86_64-linux-gnu/libcrypto.so (found version "3.0.2")  
[1.952s] -- Found FastRTPS: /opt/ros/humble/include  
[1.952s] -- Using RMW implementation 'rmw_fastrtps_cpp' as default
[1.952s] -- Looking for pthread.h
[1.952s] -- Looking for pthread.h - found
[1.952s] -- Performing Test CMAKE_HAVE_LIBC_PTHREAD
[1.952s] -- Performing Test CMAKE_HAVE_LIBC_PTHREAD - Success
[1.952s] -- Found Threads: TRUE  
[1.952s] -- Found rclcpp_components: 16.0.9 (/opt/ros/humble/share/rclcpp_components/cmake)
[1.952s] -- Found ament_lint_auto: 0.12.11 (/opt/ros/humble/share/ament_lint_auto/cmake)
[1.952s] -- Added test 'copyright' to check source files copyright and LICENSE
[1.952s] -- Added test 'cppcheck' to perform static code analysis on C / C++ code
[1.952s] -- Configured cppcheck include dirs: /home/rian/ros2_ws/src/examples/rclcpp/wait_set/include
[1.952s] -- Configured cppcheck exclude dirs and/or files: 
[1.953s] -- Added test 'cpplint' to check C / C++ code against the Google style
[1.953s] -- Configured cpplint exclude dirs and/or files: 
[1.953s] -- Added test 'lint_cmake' to check CMake code style
[1.953s] -- Added test 'uncrustify' to check C / C++ code style
[1.953s] -- Configured uncrustify additional arguments: 
[1.953s] -- Added test 'xmllint' to check XML markup files
[1.953s] -- Configuring done
[1.953s] -- Generating done
[1.953s] -- Build files have been written to: /home/rian/ros2_ws/build/examples_rclcpp_wait_set
[1.965s] Invoked command in '/home/rian/ros2_ws/build/examples_rclcpp_wait_set' returned '0': CMAKE_PREFIX_PATH=/opt/ros/humble /usr/bin/cmake /home/rian/ros2_ws/src/examples/rclcpp/wait_set -DCMAKE_INSTALL_PREFIX=/home/rian/ros2_ws/install/examples_rclcpp_wait_set
[1.967s] Invoking command in '/home/rian/ros2_ws/build/examples_rclcpp_wait_set': CMAKE_PREFIX_PATH=/opt/ros/humble /usr/bin/cmake --build /home/rian/ros2_ws/build/examples_rclcpp_wait_set -- -j20 -l20
[2.082s] [  4%] [32mBuilding CXX object CMakeFiles/wait_set_talker.dir/rclcpp_components/node_main_wait_set_talker.cpp.o[0m
[2.114s] [  8%] [32mBuilding CXX object CMakeFiles/wait_set_listener.dir/rclcpp_components/node_main_wait_set_listener.cpp.o[0m
[2.118s] [ 12%] [32mBuilding CXX object CMakeFiles/listener.dir/src/listener.cpp.o[0m
[2.130s] [ 16%] [32mBuilding CXX object CMakeFiles/talker.dir/src/talker.cpp.o[0m
[2.151s] [ 20%] [32mBuilding CXX object CMakeFiles/wait_set.dir/src/wait_set.cpp.o[0m
[2.222s] [ 25%] [32mBuilding CXX object CMakeFiles/thread_safe_wait_set.dir/src/thread_safe_wait_set.cpp.o[0m
[2.238s] [ 29%] [32mBuilding CXX object CMakeFiles/wait_set_topics_and_timer.dir/src/wait_set_topics_and_timer.cpp.o[0m
[2.243s] [ 33%] [32mBuilding CXX object CMakeFiles/static_wait_set.dir/src/static_wait_set.cpp.o[0m
[2.261s] [ 37%] [32mBuilding CXX object CMakeFiles/wait_set_random_order.dir/src/wait_set_random_order.cpp.o[0m
[2.290s] [ 41%] [32mBuilding CXX object CMakeFiles/executor_random_order.dir/src/executor_random_order.cpp.o[0m
[2.310s] [ 45%] [32mBuilding CXX object CMakeFiles/wait_set_topics_with_different_rates.dir/src/wait_set_topics_with_different_rates.cpp.o[0m
[16.050s] [ 50%] [32m[1mLinking CXX executable wait_set_talker[0m
[16.101s] [ 54%] [32m[1mLinking CXX shared library libtalker.so[0m
[16.232s] [ 58%] [32m[1mLinking CXX executable wait_set_listener[0m
[16.331s] [ 58%] Built target wait_set_talker
[16.483s] [ 58%] Built target wait_set_listener
[16.605s] [ 58%] Built target talker
[24.840s] [ 62%] [32m[1mLinking CXX executable static_wait_set[0m
[24.902s] [ 66%] [32m[1mLinking CXX executable thread_safe_wait_set[0m
[26.278s] [ 66%] Built target static_wait_set
[26.341s] [ 66%] Built target thread_safe_wait_set
[29.176s] [ 70%] [32m[1mLinking CXX executable executor_random_order[0m
[29.591s] [ 70%] Built target executor_random_order
[30.042s] [ 75%] [32m[1mLinking CXX executable wait_set_topics_and_timer[0m
[30.139s] [ 79%] [32m[1mLinking CXX executable wait_set_topics_with_different_rates[0m
[30.173s] [ 83%] [32m[1mLinking CXX shared library liblistener.so[0m
[30.182s] [ 87%] [32m[1mLinking CXX executable wait_set[0m
[30.388s] [ 91%] [32m[1mLinking CXX executable wait_set_random_order[0m
[30.828s] [ 91%] Built target wait_set_topics_and_timer
[30.915s] [ 91%] Built target wait_set_topics_with_different_rates
[31.093s] [ 91%] Built target wait_set_random_order
[31.105s] [ 91%] Built target wait_set
[31.129s] [ 91%] Built target listener
[31.145s] [ 95%] [32mBuilding CXX object CMakeFiles/wait_set_composed.dir/src/wait_set_composed.cpp.o[0m
[33.738s] [100%] [32m[1mLinking CXX executable wait_set_composed[0m
[33.956s] [100%] Built target wait_set_composed
[33.983s] Invoked command in '/home/rian/ros2_ws/build/examples_rclcpp_wait_set' returned '0': CMAKE_PREFIX_PATH=/opt/ros/humble /usr/bin/cmake --build /home/rian/ros2_ws/build/examples_rclcpp_wait_set -- -j20 -l20
[34.018s] Invoking command in '/home/rian/ros2_ws/build/examples_rclcpp_wait_set': CMAKE_PREFIX_PATH=/opt/ros/humble /usr/bin/cmake --install /home/rian/ros2_ws/build/examples_rclcpp_wait_set
[34.026s] -- Install configuration: ""
[34.026s] -- Installing: /home/rian/ros2_ws/install/examples_rclcpp_wait_set/lib/examples_rclcpp_wait_set/wait_set_talker
[34.026s] -- Set runtime path of "/home/rian/ros2_ws/install/examples_rclcpp_wait_set/lib/examples_rclcpp_wait_set/wait_set_talker" to ""
[34.026s] -- Installing: /home/rian/ros2_ws/install/examples_rclcpp_wait_set/lib/examples_rclcpp_wait_set/wait_set_listener
[34.027s] -- Set runtime path of "/home/rian/ros2_ws/install/examples_rclcpp_wait_set/lib/examples_rclcpp_wait_set/wait_set_listener" to ""
[34.027s] -- Installing: /home/rian/ros2_ws/install/examples_rclcpp_wait_set/lib/libtalker.so
[34.029s] -- Set runtime path of "/home/rian/ros2_ws/install/examples_rclcpp_wait_set/lib/libtalker.so" to ""
[34.029s] -- Installing: /home/rian/ros2_ws/install/examples_rclcpp_wait_set/lib/liblistener.so
[34.034s] -- Set runtime path of "/home/rian/ros2_ws/install/examples_rclcpp_wait_set/lib/liblistener.so" to ""
[34.034s] -- Installing: /home/rian/ros2_ws/install/examples_rclcpp_wait_set/lib/examples_rclcpp_wait_set/wait_set
[34.037s] -- Set runtime path of "/home/rian/ros2_ws/install/examples_rclcpp_wait_set/lib/examples_rclcpp_wait_set/wait_set" to ""
[34.037s] -- Installing: /home/rian/ros2_ws/install/examples_rclcpp_wait_set/lib/examples_rclcpp_wait_set/static_wait_set
[34.039s] -- Set runtime path of "/home/rian/ros2_ws/install/examples_rclcpp_wait_set/lib/examples_rclcpp_wait_set/static_wait_set" to ""
[34.039s] -- Installing: /home/rian/ros2_ws/install/examples_rclcpp_wait_set/lib/examples_rclcpp_wait_set/thread_safe_wait_set
[34.042s] -- Set runtime path of "/home/rian/ros2_ws/install/examples_rclcpp_wait_set/lib/examples_rclcpp_wait_set/thread_safe_wait_set" to ""
[34.042s] -- Installing: /home/rian/ros2_ws/install/examples_rclcpp_wait_set/lib/examples_rclcpp_wait_set/wait_set_topics_and_timer
[34.045s] -- Set runtime path of "/home/rian/ros2_ws/install/examples_rclcpp_wait_set/lib/examples_rclcpp_wait_set/wait_set_topics_and_timer" to ""
[34.045s] -- Installing: /home/rian/ros2_ws/install/examples_rclcpp_wait_set/lib/examples_rclcpp_wait_set/wait_set_random_order
[34.048s] -- Set runtime path of "/home/rian/ros2_ws/install/examples_rclcpp_wait_set/lib/examples_rclcpp_wait_set/wait_set_random_order" to ""
[34.048s] -- Installing: /home/rian/ros2_ws/install/examples_rclcpp_wait_set/lib/examples_rclcpp_wait_set/executor_random_order
[34.051s] -- Set runtime path of "/home/rian/ros2_ws/install/examples_rclcpp_wait_set/lib/examples_rclcpp_wait_set/executor_random_order" to ""
[34.051s] -- Installing: /home/rian/ros2_ws/install/examples_rclcpp_wait_set/lib/examples_rclcpp_wait_set/wait_set_topics_with_different_rates
[34.053s] -- Set runtime path of "/home/rian/ros2_ws/install/examples_rclcpp_wait_set/lib/examples_rclcpp_wait_set/wait_set_topics_with_different_rates" to ""
[34.054s] -- Installing: /home/rian/ros2_ws/install/examples_rclcpp_wait_set/lib/examples_rclcpp_wait_set/wait_set_composed
[34.054s] -- Set runtime path of "/home/rian/ros2_ws/install/examples_rclcpp_wait_set/lib/examples_rclcpp_wait_set/wait_set_composed" to ""
[34.054s] -- Installing: /home/rian/ros2_ws/install/examples_rclcpp_wait_set/share/ament_index/resource_index/package_run_dependencies/examples_rclcpp_wait_set
[34.054s] -- Installing: /home/rian/ros2_ws/install/examples_rclcpp_wait_set/share/ament_index/resource_index/parent_prefix_path/examples_rclcpp_wait_set
[34.054s] -- Installing: /home/rian/ros2_ws/install/examples_rclcpp_wait_set/share/examples_rclcpp_wait_set/environment/ament_prefix_path.sh
[34.054s] -- Installing: /home/rian/ros2_ws/install/examples_rclcpp_wait_set/share/examples_rclcpp_wait_set/environment/ament_prefix_path.dsv
[34.054s] -- Installing: /home/rian/ros2_ws/install/examples_rclcpp_wait_set/share/examples_rclcpp_wait_set/environment/path.sh
[34.054s] -- Installing: /home/rian/ros2_ws/install/examples_rclcpp_wait_set/share/examples_rclcpp_wait_set/environment/path.dsv
[34.054s] -- Installing: /home/rian/ros2_ws/install/examples_rclcpp_wait_set/share/examples_rclcpp_wait_set/local_setup.bash
[34.055s] -- Installing: /home/rian/ros2_ws/install/examples_rclcpp_wait_set/share/examples_rclcpp_wait_set/local_setup.sh
[34.055s] -- Installing: /home/rian/ros2_ws/install/examples_rclcpp_wait_set/share/examples_rclcpp_wait_set/local_setup.zsh
[34.055s] -- Installing: /home/rian/ros2_ws/install/examples_rclcpp_wait_set/share/examples_rclcpp_wait_set/local_setup.dsv
[34.055s] -- Installing: /home/rian/ros2_ws/install/examples_rclcpp_wait_set/share/examples_rclcpp_wait_set/package.dsv
[34.055s] -- Installing: /home/rian/ros2_ws/install/examples_rclcpp_wait_set/share/ament_index/resource_index/packages/examples_rclcpp_wait_set
[34.055s] -- Installing: /home/rian/ros2_ws/install/examples_rclcpp_wait_set/share/ament_index/resource_index/rclcpp_components/examples_rclcpp_wait_set
[34.055s] -- Installing: /home/rian/ros2_ws/install/examples_rclcpp_wait_set/share/examples_rclcpp_wait_set/cmake/examples_rclcpp_wait_setConfig.cmake
[34.055s] -- Installing: /home/rian/ros2_ws/install/examples_rclcpp_wait_set/share/examples_rclcpp_wait_set/cmake/examples_rclcpp_wait_setConfig-version.cmake
[34.055s] -- Installing: /home/rian/ros2_ws/install/examples_rclcpp_wait_set/share/examples_rclcpp_wait_set/package.xml
[34.057s] Invoked command in '/home/rian/ros2_ws/build/examples_rclcpp_wait_set' returned '0': CMAKE_PREFIX_PATH=/opt/ros/humble /usr/bin/cmake --install /home/rian/ros2_ws/build/examples_rclcpp_wait_set
