[2.481s] Invoking command in '/home/rian/ros2_ws/src/examples/rclpy/services/minimal_service': PYTHONPATH=/home/rian/ros2_ws/build/examples_rclpy_minimal_service/prefix_override:/usr/lib/python3/dist-packages/colcon_core/task/python/colcon_distutils_commands:/home/rian/ros2_ws/install/examples_rclpy_minimal_service/lib/python3.10/site-packages:${PYTHONPATH} /usr/bin/python3 -W ignore:setup.py install is deprecated setup.py egg_info --egg-base ../../../../../build/examples_rclpy_minimal_service build --build-base /home/rian/ros2_ws/build/examples_rclpy_minimal_service/build install --record /home/rian/ros2_ws/build/examples_rclpy_minimal_service/install.log --single-version-externally-managed install_data
[2.741s] running egg_info
[2.742s] writing ../../../../../build/examples_rclpy_minimal_service/examples_rclpy_minimal_service.egg-info/PKG-INFO
[2.742s] writing dependency_links to ../../../../../build/examples_rclpy_minimal_service/examples_rclpy_minimal_service.egg-info/dependency_links.txt
[2.742s] writing entry points to ../../../../../build/examples_rclpy_minimal_service/examples_rclpy_minimal_service.egg-info/entry_points.txt
[2.742s] writing requirements to ../../../../../build/examples_rclpy_minimal_service/examples_rclpy_minimal_service.egg-info/requires.txt
[2.742s] writing top-level names to ../../../../../build/examples_rclpy_minimal_service/examples_rclpy_minimal_service.egg-info/top_level.txt
[2.744s] reading manifest file '../../../../../build/examples_rclpy_minimal_service/examples_rclpy_minimal_service.egg-info/SOURCES.txt'
[2.745s] writing manifest file '../../../../../build/examples_rclpy_minimal_service/examples_rclpy_minimal_service.egg-info/SOURCES.txt'
[2.745s] running build
[2.745s] running build_py
[2.745s] running install
[2.745s] running install_lib
[2.746s] running install_data
[2.746s] running install_egg_info
[2.747s] removing '/home/rian/ros2_ws/install/examples_rclpy_minimal_service/lib/python3.10/site-packages/examples_rclpy_minimal_service-0.15.1-py3.10.egg-info' (and everything under it)
[2.748s] Copying ../../../../../build/examples_rclpy_minimal_service/examples_rclpy_minimal_service.egg-info to /home/rian/ros2_ws/install/examples_rclpy_minimal_service/lib/python3.10/site-packages/examples_rclpy_minimal_service-0.15.1-py3.10.egg-info
[2.748s] running install_scripts
[2.768s] Installing service script to /home/rian/ros2_ws/install/examples_rclpy_minimal_service/lib/examples_rclpy_minimal_service
[2.768s] Installing service_member_function script to /home/rian/ros2_ws/install/examples_rclpy_minimal_service/lib/examples_rclpy_minimal_service
[2.768s] writing list of installed files to '/home/rian/ros2_ws/build/examples_rclpy_minimal_service/install.log'
[2.800s] Invoked command in '/home/rian/ros2_ws/src/examples/rclpy/services/minimal_service' returned '0': PYTHONPATH=/home/rian/ros2_ws/build/examples_rclpy_minimal_service/prefix_override:/usr/lib/python3/dist-packages/colcon_core/task/python/colcon_distutils_commands:/home/rian/ros2_ws/install/examples_rclpy_minimal_service/lib/python3.10/site-packages:${PYTHONPATH} /usr/bin/python3 -W ignore:setup.py install is deprecated setup.py egg_info --egg-base ../../../../../build/examples_rclpy_minimal_service build --build-base /home/rian/ros2_ws/build/examples_rclpy_minimal_service/build install --record /home/rian/ros2_ws/build/examples_rclpy_minimal_service/install.log --single-version-externally-managed install_data
