[0.045s] Invoking command in '/home/rian/ros2_ws/build/examples_rclcpp_minimal_action_client': CMAKE_PREFIX_PATH=/opt/ros/humble /usr/bin/cmake /home/rian/ros2_ws/src/examples/rclcpp/actions/minimal_action_client -DCMAKE_INSTALL_PREFIX=/home/rian/ros2_ws/install/examples_rclcpp_minimal_action_client
[1.937s] -- The C compiler identification is GNU 11.4.0
[1.937s] -- The CXX compiler identification is GNU 11.4.0
[1.937s] -- Detecting C compiler ABI info
[1.937s] -- Detecting C compiler ABI info - done
[1.937s] -- Check for working C compiler: /usr/bin/cc - skipped
[1.937s] -- Detecting C compile features
[1.937s] -- Detecting C compile features - done
[1.938s] -- Detecting CXX compiler ABI info
[1.938s] -- Detecting CXX compiler ABI info - done
[1.938s] -- Check for working CXX compiler: /usr/bin/c++ - skipped
[1.938s] -- Detecting CXX compile features
[1.938s] -- Detecting CXX compile features - done
[1.938s] -- Found ament_cmake: 1.3.9 (/opt/ros/humble/share/ament_cmake/cmake)
[1.938s] -- Found Python3: /usr/bin/python3 (found version "3.10.12") found components: Interpreter 
[1.938s] -- Found example_interfaces: 0.9.3 (/opt/ros/humble/share/example_interfaces/cmake)
[1.938s] -- Found rosidl_generator_c: 3.1.5 (/opt/ros/humble/share/rosidl_generator_c/cmake)
[1.938s] -- Found rosidl_adapter: 3.1.5 (/opt/ros/humble/share/rosidl_adapter/cmake)
[1.938s] -- Found rosidl_generator_cpp: 3.1.5 (/opt/ros/humble/share/rosidl_generator_cpp/cmake)
[1.939s] -- Using all available rosidl_typesupport_c: rosidl_typesupport_fastrtps_c;rosidl_typesupport_introspection_c
[1.939s] -- Using all available rosidl_typesupport_cpp: rosidl_typesupport_fastrtps_cpp;rosidl_typesupport_introspection_cpp
[1.939s] -- Found rclcpp: 16.0.9 (/opt/ros/humble/share/rclcpp/cmake)
[1.939s] -- Found rmw_implementation_cmake: 6.1.2 (/opt/ros/humble/share/rmw_implementation_cmake/cmake)
[1.939s] -- Found rmw_fastrtps_cpp: 6.2.6 (/opt/ros/humble/share/rmw_fastrtps_cpp/cmake)
[1.939s] -- Found OpenSSL: /usr/lib/x86_64-linux-gnu/libcrypto.so (found version "3.0.2")  
[1.940s] -- Found FastRTPS: /opt/ros/humble/include  
[1.940s] -- Using RMW implementation 'rmw_fastrtps_cpp' as default
[1.940s] -- Looking for pthread.h
[1.940s] -- Looking for pthread.h - found
[1.940s] -- Performing Test CMAKE_HAVE_LIBC_PTHREAD
[1.940s] -- Performing Test CMAKE_HAVE_LIBC_PTHREAD - Success
[1.940s] -- Found Threads: TRUE  
[1.941s] -- Found rclcpp_action: 16.0.9 (/opt/ros/humble/share/rclcpp_action/cmake)
[1.941s] -- Found ament_lint_auto: 0.12.11 (/opt/ros/humble/share/ament_lint_auto/cmake)
[1.941s] -- Added test 'copyright' to check source files copyright and LICENSE
[1.941s] -- Added test 'cppcheck' to perform static code analysis on C / C++ code
[1.941s] -- Configured cppcheck include dirs: 
[1.941s] -- Configured cppcheck exclude dirs and/or files: 
[1.941s] -- Added test 'cpplint' to check C / C++ code against the Google style
[1.941s] -- Configured cpplint exclude dirs and/or files: 
[1.941s] -- Added test 'lint_cmake' to check CMake code style
[1.941s] -- Added test 'uncrustify' to check C / C++ code style
[1.941s] -- Configured uncrustify additional arguments: 
[1.941s] -- Added test 'xmllint' to check XML markup files
[1.941s] -- Configuring done
[1.941s] -- Generating done
[1.941s] -- Build files have been written to: /home/rian/ros2_ws/build/examples_rclcpp_minimal_action_client
[1.979s] Invoked command in '/home/rian/ros2_ws/build/examples_rclcpp_minimal_action_client' returned '0': CMAKE_PREFIX_PATH=/opt/ros/humble /usr/bin/cmake /home/rian/ros2_ws/src/examples/rclcpp/actions/minimal_action_client -DCMAKE_INSTALL_PREFIX=/home/rian/ros2_ws/install/examples_rclcpp_minimal_action_client
[1.981s] Invoking command in '/home/rian/ros2_ws/build/examples_rclcpp_minimal_action_client': CMAKE_PREFIX_PATH=/opt/ros/humble /usr/bin/cmake --build /home/rian/ros2_ws/build/examples_rclcpp_minimal_action_client -- -j20 -l20
[2.126s] [ 12%] [32mBuilding CXX object CMakeFiles/action_client_not_composable.dir/not_composable.cpp.o[0m
[2.149s] [ 25%] [32mBuilding CXX object CMakeFiles/action_client_member_functions.dir/member_functions.cpp.o[0m
[2.166s] [ 37%] [32mBuilding CXX object CMakeFiles/action_client_not_composable_with_cancel.dir/not_composable_with_cancel.cpp.o[0m
[2.178s] [ 50%] [32mBuilding CXX object CMakeFiles/action_client_not_composable_with_feedback.dir/not_composable_with_feedback.cpp.o[0m
[15.507s] [ 62%] [32m[1mLinking CXX executable action_client_not_composable_with_feedback[0m
[15.942s] [ 62%] Built target action_client_not_composable_with_feedback
[16.033s] [ 75%] [32m[1mLinking CXX executable action_client_not_composable[0m
[16.786s] [ 75%] Built target action_client_not_composable
[18.458s] [ 87%] [32m[1mLinking CXX executable action_client_not_composable_with_cancel[0m
[18.855s] [ 87%] Built target action_client_not_composable_with_cancel
[19.048s] [100%] [32m[1mLinking CXX executable action_client_member_functions[0m
[19.350s] [100%] Built target action_client_member_functions
[19.376s] Invoked command in '/home/rian/ros2_ws/build/examples_rclcpp_minimal_action_client' returned '0': CMAKE_PREFIX_PATH=/opt/ros/humble /usr/bin/cmake --build /home/rian/ros2_ws/build/examples_rclcpp_minimal_action_client -- -j20 -l20
[19.797s] Invoking command in '/home/rian/ros2_ws/build/examples_rclcpp_minimal_action_client': CMAKE_PREFIX_PATH=/opt/ros/humble /usr/bin/cmake --install /home/rian/ros2_ws/build/examples_rclcpp_minimal_action_client
[19.811s] -- Install configuration: ""
[19.811s] -- Installing: /home/rian/ros2_ws/install/examples_rclcpp_minimal_action_client/lib/examples_rclcpp_minimal_action_client/action_client_member_functions
[19.811s] -- Set runtime path of "/home/rian/ros2_ws/install/examples_rclcpp_minimal_action_client/lib/examples_rclcpp_minimal_action_client/action_client_member_functions" to ""
[19.811s] -- Installing: /home/rian/ros2_ws/install/examples_rclcpp_minimal_action_client/lib/examples_rclcpp_minimal_action_client/action_client_not_composable
[19.811s] -- Set runtime path of "/home/rian/ros2_ws/install/examples_rclcpp_minimal_action_client/lib/examples_rclcpp_minimal_action_client/action_client_not_composable" to ""
[19.811s] -- Installing: /home/rian/ros2_ws/install/examples_rclcpp_minimal_action_client/lib/examples_rclcpp_minimal_action_client/action_client_not_composable_with_cancel
[19.814s] -- Set runtime path of "/home/rian/ros2_ws/install/examples_rclcpp_minimal_action_client/lib/examples_rclcpp_minimal_action_client/action_client_not_composable_with_cancel" to ""
[19.814s] -- Installing: /home/rian/ros2_ws/install/examples_rclcpp_minimal_action_client/lib/examples_rclcpp_minimal_action_client/action_client_not_composable_with_feedback
[19.815s] -- Set runtime path of "/home/rian/ros2_ws/install/examples_rclcpp_minimal_action_client/lib/examples_rclcpp_minimal_action_client/action_client_not_composable_with_feedback" to ""
[19.815s] -- Installing: /home/rian/ros2_ws/install/examples_rclcpp_minimal_action_client/share/ament_index/resource_index/package_run_dependencies/examples_rclcpp_minimal_action_client
[19.815s] -- Installing: /home/rian/ros2_ws/install/examples_rclcpp_minimal_action_client/share/ament_index/resource_index/parent_prefix_path/examples_rclcpp_minimal_action_client
[19.815s] -- Installing: /home/rian/ros2_ws/install/examples_rclcpp_minimal_action_client/share/examples_rclcpp_minimal_action_client/environment/ament_prefix_path.sh
[19.815s] -- Installing: /home/rian/ros2_ws/install/examples_rclcpp_minimal_action_client/share/examples_rclcpp_minimal_action_client/environment/ament_prefix_path.dsv
[19.816s] -- Installing: /home/rian/ros2_ws/install/examples_rclcpp_minimal_action_client/share/examples_rclcpp_minimal_action_client/environment/path.sh
[19.816s] -- Installing: /home/rian/ros2_ws/install/examples_rclcpp_minimal_action_client/share/examples_rclcpp_minimal_action_client/environment/path.dsv
[19.816s] -- Installing: /home/rian/ros2_ws/install/examples_rclcpp_minimal_action_client/share/examples_rclcpp_minimal_action_client/local_setup.bash
[19.816s] -- Installing: /home/rian/ros2_ws/install/examples_rclcpp_minimal_action_client/share/examples_rclcpp_minimal_action_client/local_setup.sh
[19.816s] -- Installing: /home/rian/ros2_ws/install/examples_rclcpp_minimal_action_client/share/examples_rclcpp_minimal_action_client/local_setup.zsh
[19.816s] -- Installing: /home/rian/ros2_ws/install/examples_rclcpp_minimal_action_client/share/examples_rclcpp_minimal_action_client/local_setup.dsv
[19.816s] -- Installing: /home/rian/ros2_ws/install/examples_rclcpp_minimal_action_client/share/examples_rclcpp_minimal_action_client/package.dsv
[19.817s] -- Installing: /home/rian/ros2_ws/install/examples_rclcpp_minimal_action_client/share/ament_index/resource_index/packages/examples_rclcpp_minimal_action_client
[19.817s] -- Installing: /home/rian/ros2_ws/install/examples_rclcpp_minimal_action_client/share/examples_rclcpp_minimal_action_client/cmake/examples_rclcpp_minimal_action_clientConfig.cmake
[19.817s] -- Installing: /home/rian/ros2_ws/install/examples_rclcpp_minimal_action_client/share/examples_rclcpp_minimal_action_client/cmake/examples_rclcpp_minimal_action_clientConfig-version.cmake
[19.817s] -- Installing: /home/rian/ros2_ws/install/examples_rclcpp_minimal_action_client/share/examples_rclcpp_minimal_action_client/package.xml
[19.821s] Invoked command in '/home/rian/ros2_ws/build/examples_rclcpp_minimal_action_client' returned '0': CMAKE_PREFIX_PATH=/opt/ros/humble /usr/bin/cmake --install /home/rian/ros2_ws/build/examples_rclcpp_minimal_action_client
