[0.044s] Invoking command in '/home/rian/ros2_ws/build/examples_rclcpp_multithreaded_executor': CMAKE_PREFIX_PATH=/opt/ros/humble /usr/bin/cmake /home/rian/ros2_ws/src/examples/rclcpp/executors/multithreaded_executor -DCMAKE_INSTALL_PREFIX=/home/rian/ros2_ws/install/examples_rclcpp_multithreaded_executor
[1.949s] -- The C compiler identification is GNU 11.4.0
[1.949s] -- The CXX compiler identification is GNU 11.4.0
[1.949s] -- Detecting C compiler ABI info
[1.949s] -- Detecting C compiler ABI info - done
[1.949s] -- Check for working C compiler: /usr/bin/cc - skipped
[1.949s] -- Detecting C compile features
[1.949s] -- Detecting C compile features - done
[1.949s] -- Detecting CXX compiler ABI info
[1.949s] -- Detecting CXX compiler ABI info - done
[1.949s] -- Check for working CXX compiler: /usr/bin/c++ - skipped
[1.949s] -- Detecting CXX compile features
[1.949s] -- Detecting CXX compile features - done
[1.949s] -- Found ament_cmake: 1.3.9 (/opt/ros/humble/share/ament_cmake/cmake)
[1.949s] -- Found Python3: /usr/bin/python3 (found version "3.10.12") found components: Interpreter 
[1.949s] -- Found rclcpp: 16.0.9 (/opt/ros/humble/share/rclcpp/cmake)
[1.949s] -- Found rosidl_generator_c: 3.1.5 (/opt/ros/humble/share/rosidl_generator_c/cmake)
[1.949s] -- Found rosidl_adapter: 3.1.5 (/opt/ros/humble/share/rosidl_adapter/cmake)
[1.949s] -- Found rosidl_generator_cpp: 3.1.5 (/opt/ros/humble/share/rosidl_generator_cpp/cmake)
[1.950s] -- Using all available rosidl_typesupport_c: rosidl_typesupport_fastrtps_c;rosidl_typesupport_introspection_c
[1.950s] -- Using all available rosidl_typesupport_cpp: rosidl_typesupport_fastrtps_cpp;rosidl_typesupport_introspection_cpp
[1.950s] -- Found rmw_implementation_cmake: 6.1.2 (/opt/ros/humble/share/rmw_implementation_cmake/cmake)
[1.950s] -- Found rmw_fastrtps_cpp: 6.2.6 (/opt/ros/humble/share/rmw_fastrtps_cpp/cmake)
[1.950s] -- Found OpenSSL: /usr/lib/x86_64-linux-gnu/libcrypto.so (found version "3.0.2")  
[1.950s] -- Found FastRTPS: /opt/ros/humble/include  
[1.950s] -- Using RMW implementation 'rmw_fastrtps_cpp' as default
[1.950s] -- Looking for pthread.h
[1.950s] -- Looking for pthread.h - found
[1.950s] -- Performing Test CMAKE_HAVE_LIBC_PTHREAD
[1.950s] -- Performing Test CMAKE_HAVE_LIBC_PTHREAD - Success
[1.950s] -- Found Threads: TRUE  
[1.950s] -- Found ament_lint_auto: 0.12.11 (/opt/ros/humble/share/ament_lint_auto/cmake)
[1.950s] -- Added test 'copyright' to check source files copyright and LICENSE
[1.950s] -- Added test 'cppcheck' to perform static code analysis on C / C++ code
[1.950s] -- Configured cppcheck include dirs: 
[1.950s] -- Configured cppcheck exclude dirs and/or files: 
[1.950s] -- Added test 'cpplint' to check C / C++ code against the Google style
[1.950s] -- Configured cpplint exclude dirs and/or files: 
[1.950s] -- Added test 'lint_cmake' to check CMake code style
[1.951s] -- Added test 'uncrustify' to check C / C++ code style
[1.951s] -- Configured uncrustify additional arguments: 
[1.951s] -- Added test 'xmllint' to check XML markup files
[1.951s] -- Configuring done
[1.951s] -- Generating done
[1.951s] -- Build files have been written to: /home/rian/ros2_ws/build/examples_rclcpp_multithreaded_executor
[1.958s] Invoked command in '/home/rian/ros2_ws/build/examples_rclcpp_multithreaded_executor' returned '0': CMAKE_PREFIX_PATH=/opt/ros/humble /usr/bin/cmake /home/rian/ros2_ws/src/examples/rclcpp/executors/multithreaded_executor -DCMAKE_INSTALL_PREFIX=/home/rian/ros2_ws/install/examples_rclcpp_multithreaded_executor
[1.959s] Invoking command in '/home/rian/ros2_ws/build/examples_rclcpp_multithreaded_executor': CMAKE_PREFIX_PATH=/opt/ros/humble /usr/bin/cmake --build /home/rian/ros2_ws/build/examples_rclcpp_multithreaded_executor -- -j20 -l20
[2.038s] [ 50%] [32mBuilding CXX object CMakeFiles/multithreaded_executor.dir/multithreaded_executor.cpp.o[0m
[28.175s] [100%] [32m[1mLinking CXX executable multithreaded_executor[0m
[29.373s] [100%] Built target multithreaded_executor
[29.383s] Invoked command in '/home/rian/ros2_ws/build/examples_rclcpp_multithreaded_executor' returned '0': CMAKE_PREFIX_PATH=/opt/ros/humble /usr/bin/cmake --build /home/rian/ros2_ws/build/examples_rclcpp_multithreaded_executor -- -j20 -l20
[29.405s] Invoking command in '/home/rian/ros2_ws/build/examples_rclcpp_multithreaded_executor': CMAKE_PREFIX_PATH=/opt/ros/humble /usr/bin/cmake --install /home/rian/ros2_ws/build/examples_rclcpp_multithreaded_executor
[29.414s] -- Install configuration: ""
[29.415s] -- Installing: /home/rian/ros2_ws/install/examples_rclcpp_multithreaded_executor/lib/examples_rclcpp_multithreaded_executor/multithreaded_executor
[29.419s] -- Set runtime path of "/home/rian/ros2_ws/install/examples_rclcpp_multithreaded_executor/lib/examples_rclcpp_multithreaded_executor/multithreaded_executor" to ""
[29.419s] -- Installing: /home/rian/ros2_ws/install/examples_rclcpp_multithreaded_executor/share/ament_index/resource_index/package_run_dependencies/examples_rclcpp_multithreaded_executor
[29.419s] -- Installing: /home/rian/ros2_ws/install/examples_rclcpp_multithreaded_executor/share/ament_index/resource_index/parent_prefix_path/examples_rclcpp_multithreaded_executor
[29.419s] -- Installing: /home/rian/ros2_ws/install/examples_rclcpp_multithreaded_executor/share/examples_rclcpp_multithreaded_executor/environment/ament_prefix_path.sh
[29.419s] -- Installing: /home/rian/ros2_ws/install/examples_rclcpp_multithreaded_executor/share/examples_rclcpp_multithreaded_executor/environment/ament_prefix_path.dsv
[29.420s] -- Installing: /home/rian/ros2_ws/install/examples_rclcpp_multithreaded_executor/share/examples_rclcpp_multithreaded_executor/environment/path.sh
[29.420s] -- Installing: /home/rian/ros2_ws/install/examples_rclcpp_multithreaded_executor/share/examples_rclcpp_multithreaded_executor/environment/path.dsv
[29.420s] -- Installing: /home/rian/ros2_ws/install/examples_rclcpp_multithreaded_executor/share/examples_rclcpp_multithreaded_executor/local_setup.bash
[29.420s] -- Installing: /home/rian/ros2_ws/install/examples_rclcpp_multithreaded_executor/share/examples_rclcpp_multithreaded_executor/local_setup.sh
[29.420s] -- Installing: /home/rian/ros2_ws/install/examples_rclcpp_multithreaded_executor/share/examples_rclcpp_multithreaded_executor/local_setup.zsh
[29.420s] -- Installing: /home/rian/ros2_ws/install/examples_rclcpp_multithreaded_executor/share/examples_rclcpp_multithreaded_executor/local_setup.dsv
[29.420s] -- Installing: /home/rian/ros2_ws/install/examples_rclcpp_multithreaded_executor/share/examples_rclcpp_multithreaded_executor/package.dsv
[29.420s] -- Installing: /home/rian/ros2_ws/install/examples_rclcpp_multithreaded_executor/share/ament_index/resource_index/packages/examples_rclcpp_multithreaded_executor
[29.421s] -- Installing: /home/rian/ros2_ws/install/examples_rclcpp_multithreaded_executor/share/examples_rclcpp_multithreaded_executor/cmake/examples_rclcpp_multithreaded_executorConfig.cmake
[29.421s] -- Installing: /home/rian/ros2_ws/install/examples_rclcpp_multithreaded_executor/share/examples_rclcpp_multithreaded_executor/cmake/examples_rclcpp_multithreaded_executorConfig-version.cmake
[29.421s] -- Installing: /home/rian/ros2_ws/install/examples_rclcpp_multithreaded_executor/share/examples_rclcpp_multithreaded_executor/package.xml
[29.424s] Invoked command in '/home/rian/ros2_ws/build/examples_rclcpp_multithreaded_executor' returned '0': CMAKE_PREFIX_PATH=/opt/ros/humble /usr/bin/cmake --install /home/rian/ros2_ws/build/examples_rclcpp_multithreaded_executor
