[2.343s] Invoking command in '/home/rian/ros2_ws/src/examples/rclpy/guard_conditions': PYTHONPATH=/home/rian/ros2_ws/build/examples_rclpy_guard_conditions/prefix_override:/usr/lib/python3/dist-packages/colcon_core/task/python/colcon_distutils_commands:/home/rian/ros2_ws/install/examples_rclpy_guard_conditions/lib/python3.10/site-packages:${PYTHONPATH} /usr/bin/python3 -W ignore:setup.py install is deprecated setup.py egg_info --egg-base ../../../../build/examples_rclpy_guard_conditions build --build-base /home/rian/ros2_ws/build/examples_rclpy_guard_conditions/build install --record /home/rian/ros2_ws/build/examples_rclpy_guard_conditions/install.log --single-version-externally-managed install_data
[2.629s] running egg_info
[2.630s] writing ../../../../build/examples_rclpy_guard_conditions/examples_rclpy_guard_conditions.egg-info/PKG-INFO
[2.630s] writing dependency_links to ../../../../build/examples_rclpy_guard_conditions/examples_rclpy_guard_conditions.egg-info/dependency_links.txt
[2.630s] writing entry points to ../../../../build/examples_rclpy_guard_conditions/examples_rclpy_guard_conditions.egg-info/entry_points.txt
[2.630s] writing requirements to ../../../../build/examples_rclpy_guard_conditions/examples_rclpy_guard_conditions.egg-info/requires.txt
[2.630s] writing top-level names to ../../../../build/examples_rclpy_guard_conditions/examples_rclpy_guard_conditions.egg-info/top_level.txt
[2.633s] reading manifest file '../../../../build/examples_rclpy_guard_conditions/examples_rclpy_guard_conditions.egg-info/SOURCES.txt'
[2.634s] writing manifest file '../../../../build/examples_rclpy_guard_conditions/examples_rclpy_guard_conditions.egg-info/SOURCES.txt'
[2.634s] running build
[2.634s] running build_py
[2.635s] running install
[2.635s] running install_lib
[2.637s] running install_data
[2.637s] running install_egg_info
[2.639s] removing '/home/rian/ros2_ws/install/examples_rclpy_guard_conditions/lib/python3.10/site-packages/examples_rclpy_guard_conditions-0.15.1-py3.10.egg-info' (and everything under it)
[2.639s] Copying ../../../../build/examples_rclpy_guard_conditions/examples_rclpy_guard_conditions.egg-info to /home/rian/ros2_ws/install/examples_rclpy_guard_conditions/lib/python3.10/site-packages/examples_rclpy_guard_conditions-0.15.1-py3.10.egg-info
[2.640s] running install_scripts
[2.670s] Installing trigger_guard_condition script to /home/rian/ros2_ws/install/examples_rclpy_guard_conditions/lib/examples_rclpy_guard_conditions
[2.670s] writing list of installed files to '/home/rian/ros2_ws/build/examples_rclpy_guard_conditions/install.log'
[2.713s] Invoked command in '/home/rian/ros2_ws/src/examples/rclpy/guard_conditions' returned '0': PYTHONPATH=/home/rian/ros2_ws/build/examples_rclpy_guard_conditions/prefix_override:/usr/lib/python3/dist-packages/colcon_core/task/python/colcon_distutils_commands:/home/rian/ros2_ws/install/examples_rclpy_guard_conditions/lib/python3.10/site-packages:${PYTHONPATH} /usr/bin/python3 -W ignore:setup.py install is deprecated setup.py egg_info --egg-base ../../../../build/examples_rclpy_guard_conditions build --build-base /home/rian/ros2_ws/build/examples_rclpy_guard_conditions/build install --record /home/rian/ros2_ws/build/examples_rclpy_guard_conditions/install.log --single-version-externally-managed install_data
