[3.232s] Invoking command in '/home/rian/ros2_ws/src/examples/rclpy/topics/minimal_publisher': PYTHONPATH=/home/rian/ros2_ws/build/examples_rclpy_minimal_publisher/prefix_override:/usr/lib/python3/dist-packages/colcon_core/task/python/colcon_distutils_commands:/home/rian/ros2_ws/install/examples_rclpy_minimal_publisher/lib/python3.10/site-packages:${PYTHONPATH} /usr/bin/python3 -W ignore:setup.py install is deprecated setup.py egg_info --egg-base ../../../../../build/examples_rclpy_minimal_publisher build --build-base /home/rian/ros2_ws/build/examples_rclpy_minimal_publisher/build install --record /home/rian/ros2_ws/build/examples_rclpy_minimal_publisher/install.log --single-version-externally-managed install_data
[10.803s] running egg_info
[10.804s] creating ../../../../../build/examples_rclpy_minimal_publisher/examples_rclpy_minimal_publisher.egg-info
[10.804s] writing ../../../../../build/examples_rclpy_minimal_publisher/examples_rclpy_minimal_publisher.egg-info/PKG-INFO
[10.804s] writing dependency_links to ../../../../../build/examples_rclpy_minimal_publisher/examples_rclpy_minimal_publisher.egg-info/dependency_links.txt
[10.804s] writing entry points to ../../../../../build/examples_rclpy_minimal_publisher/examples_rclpy_minimal_publisher.egg-info/entry_points.txt
[10.804s] writing requirements to ../../../../../build/examples_rclpy_minimal_publisher/examples_rclpy_minimal_publisher.egg-info/requires.txt
[10.804s] writing top-level names to ../../../../../build/examples_rclpy_minimal_publisher/examples_rclpy_minimal_publisher.egg-info/top_level.txt
[10.804s] writing manifest file '../../../../../build/examples_rclpy_minimal_publisher/examples_rclpy_minimal_publisher.egg-info/SOURCES.txt'
[10.804s] reading manifest file '../../../../../build/examples_rclpy_minimal_publisher/examples_rclpy_minimal_publisher.egg-info/SOURCES.txt'
[10.804s] writing manifest file '../../../../../build/examples_rclpy_minimal_publisher/examples_rclpy_minimal_publisher.egg-info/SOURCES.txt'
[10.804s] running build
[10.804s] running build_py
[10.804s] creating /home/rian/ros2_ws/build/examples_rclpy_minimal_publisher/build
[10.804s] creating /home/rian/ros2_ws/build/examples_rclpy_minimal_publisher/build/lib
[10.804s] creating /home/rian/ros2_ws/build/examples_rclpy_minimal_publisher/build/lib/examples_rclpy_minimal_publisher
[10.805s] copying examples_rclpy_minimal_publisher/__init__.py -> /home/rian/ros2_ws/build/examples_rclpy_minimal_publisher/build/lib/examples_rclpy_minimal_publisher
[10.805s] copying examples_rclpy_minimal_publisher/publisher_member_function.py -> /home/rian/ros2_ws/build/examples_rclpy_minimal_publisher/build/lib/examples_rclpy_minimal_publisher
[10.805s] copying examples_rclpy_minimal_publisher/publisher_old_school.py -> /home/rian/ros2_ws/build/examples_rclpy_minimal_publisher/build/lib/examples_rclpy_minimal_publisher
[10.805s] copying examples_rclpy_minimal_publisher/publisher_local_function.py -> /home/rian/ros2_ws/build/examples_rclpy_minimal_publisher/build/lib/examples_rclpy_minimal_publisher
[10.805s] running install
[10.805s] running install_lib
[10.805s] creating /home/rian/ros2_ws/install/examples_rclpy_minimal_publisher/lib/python3.10/site-packages/examples_rclpy_minimal_publisher
[10.805s] copying /home/rian/ros2_ws/build/examples_rclpy_minimal_publisher/build/lib/examples_rclpy_minimal_publisher/__init__.py -> /home/rian/ros2_ws/install/examples_rclpy_minimal_publisher/lib/python3.10/site-packages/examples_rclpy_minimal_publisher
[10.805s] copying /home/rian/ros2_ws/build/examples_rclpy_minimal_publisher/build/lib/examples_rclpy_minimal_publisher/publisher_member_function.py -> /home/rian/ros2_ws/install/examples_rclpy_minimal_publisher/lib/python3.10/site-packages/examples_rclpy_minimal_publisher
[10.805s] copying /home/rian/ros2_ws/build/examples_rclpy_minimal_publisher/build/lib/examples_rclpy_minimal_publisher/publisher_old_school.py -> /home/rian/ros2_ws/install/examples_rclpy_minimal_publisher/lib/python3.10/site-packages/examples_rclpy_minimal_publisher
[10.805s] copying /home/rian/ros2_ws/build/examples_rclpy_minimal_publisher/build/lib/examples_rclpy_minimal_publisher/publisher_local_function.py -> /home/rian/ros2_ws/install/examples_rclpy_minimal_publisher/lib/python3.10/site-packages/examples_rclpy_minimal_publisher
[10.805s] byte-compiling /home/rian/ros2_ws/install/examples_rclpy_minimal_publisher/lib/python3.10/site-packages/examples_rclpy_minimal_publisher/__init__.py to __init__.cpython-310.pyc
[10.805s] byte-compiling /home/rian/ros2_ws/install/examples_rclpy_minimal_publisher/lib/python3.10/site-packages/examples_rclpy_minimal_publisher/publisher_member_function.py to publisher_member_function.cpython-310.pyc
[10.805s] byte-compiling /home/rian/ros2_ws/install/examples_rclpy_minimal_publisher/lib/python3.10/site-packages/examples_rclpy_minimal_publisher/publisher_old_school.py to publisher_old_school.cpython-310.pyc
[10.806s] byte-compiling /home/rian/ros2_ws/install/examples_rclpy_minimal_publisher/lib/python3.10/site-packages/examples_rclpy_minimal_publisher/publisher_local_function.py to publisher_local_function.cpython-310.pyc
[10.806s] running install_data
[10.806s] creating /home/rian/ros2_ws/install/examples_rclpy_minimal_publisher/share/ament_index
[10.806s] creating /home/rian/ros2_ws/install/examples_rclpy_minimal_publisher/share/ament_index/resource_index
[10.806s] creating /home/rian/ros2_ws/install/examples_rclpy_minimal_publisher/share/ament_index/resource_index/packages
[10.806s] copying resource/examples_rclpy_minimal_publisher -> /home/rian/ros2_ws/install/examples_rclpy_minimal_publisher/share/ament_index/resource_index/packages
[10.806s] copying package.xml -> /home/rian/ros2_ws/install/examples_rclpy_minimal_publisher/share/examples_rclpy_minimal_publisher
[10.806s] running install_egg_info
[10.806s] Copying ../../../../../build/examples_rclpy_minimal_publisher/examples_rclpy_minimal_publisher.egg-info to /home/rian/ros2_ws/install/examples_rclpy_minimal_publisher/lib/python3.10/site-packages/examples_rclpy_minimal_publisher-0.15.1-py3.10.egg-info
[10.806s] running install_scripts
[10.806s] Installing publisher_local_function script to /home/rian/ros2_ws/install/examples_rclpy_minimal_publisher/lib/examples_rclpy_minimal_publisher
[10.806s] Installing publisher_member_function script to /home/rian/ros2_ws/install/examples_rclpy_minimal_publisher/lib/examples_rclpy_minimal_publisher
[10.806s] Installing publisher_old_school script to /home/rian/ros2_ws/install/examples_rclpy_minimal_publisher/lib/examples_rclpy_minimal_publisher
[10.806s] writing list of installed files to '/home/rian/ros2_ws/build/examples_rclpy_minimal_publisher/install.log'
[10.868s] Invoked command in '/home/rian/ros2_ws/src/examples/rclpy/topics/minimal_publisher' returned '0': PYTHONPATH=/home/rian/ros2_ws/build/examples_rclpy_minimal_publisher/prefix_override:/usr/lib/python3/dist-packages/colcon_core/task/python/colcon_distutils_commands:/home/rian/ros2_ws/install/examples_rclpy_minimal_publisher/lib/python3.10/site-packages:${PYTHONPATH} /usr/bin/python3 -W ignore:setup.py install is deprecated setup.py egg_info --egg-base ../../../../../build/examples_rclpy_minimal_publisher build --build-base /home/rian/ros2_ws/build/examples_rclpy_minimal_publisher/build install --record /home/rian/ros2_ws/build/examples_rclpy_minimal_publisher/install.log --single-version-externally-managed install_data
